[2024-02-01 03:51:47] flarum.ERROR: Swift_TransportException: Process could not be started [The system cannot find the path specified.
] in D:\Syahravi\Public\Apps\Laravel\kreasi-komunitas\vendor\swiftmailer\swiftmailer\lib\classes\Swift\Transport\StreamBuffer.php:294
Stack trace:
#0 D:\Syahravi\Public\Apps\Laravel\kreasi-komunitas\vendor\swiftmailer\swiftmailer\lib\classes\Swift\Transport\StreamBuffer.php(54): Swift_Transport_StreamBuffer->establishProcessConnection()
#1 D:\Syahravi\Public\Apps\Laravel\kreasi-komunitas\vendor\swiftmailer\swiftmailer\lib\classes\Swift\Transport\AbstractSmtpTransport.php(143): Swift_Transport_StreamBuffer->initialize(Array)
#2 D:\Syahravi\Public\Apps\Laravel\kreasi-komunitas\vendor\swiftmailer\swiftmailer\lib\classes\Swift\Transport\SendmailTransport.php(50): Swift_Transport_AbstractSmtpTransport->start()
#3 D:\Syahravi\Public\Apps\Laravel\kreasi-komunitas\vendor\swiftmailer\swiftmailer\lib\classes\Swift\Mailer.php(65): Swift_Transport_SendmailTransport->start()
#4 D:\Syahravi\Public\Apps\Laravel\kreasi-komunitas\vendor\illuminate\mail\Mailer.php(521): Swift_Mailer->send(Object(Swift_Message), Array)
#5 D:\Syahravi\Public\Apps\Laravel\kreasi-komunitas\vendor\illuminate\mail\Mailer.php(288): Illuminate\Mail\Mailer->sendSwiftMessage(Object(Swift_Message))
#6 D:\Syahravi\Public\Apps\Laravel\kreasi-komunitas\vendor\illuminate\mail\Mailer.php(212): Illuminate\Mail\Mailer->send(NULL, Array, Object(Closure))
#7 D:\Syahravi\Public\Apps\Laravel\kreasi-komunitas\vendor\flarum\core\src\Mail\Job\SendRawEmailJob.php(31): Illuminate\Mail\Mailer->raw('Hai adam!\n\nSese...', Object(Closure))
#8 D:\Syahravi\Public\Apps\Laravel\kreasi-komunitas\vendor\illuminate\container\BoundMethod.php(36): Flarum\Mail\Job\SendRawEmailJob->handle(Object(Illuminate\Mail\Mailer))
#9 D:\Syahravi\Public\Apps\Laravel\kreasi-komunitas\vendor\illuminate\container\Util.php(40): Illuminate\Container\BoundMethod::Illuminate\Container\{closure}()
#10 D:\Syahravi\Public\Apps\Laravel\kreasi-komunitas\vendor\illuminate\container\BoundMethod.php(93): Illuminate\Container\Util::unwrapIfClosure(Object(Closure))
#11 D:\Syahravi\Public\Apps\Laravel\kreasi-komunitas\vendor\illuminate\container\BoundMethod.php(35): Illuminate\Container\BoundMethod::callBoundMethod(Object(Illuminate\Container\Container), Array, Object(Closure))
#12 D:\Syahravi\Public\Apps\Laravel\kreasi-komunitas\vendor\illuminate\container\Container.php(653): Illuminate\Container\BoundMethod::call(Object(Illuminate\Container\Container), Array, Array, NULL)
#13 D:\Syahravi\Public\Apps\Laravel\kreasi-komunitas\vendor\illuminate\bus\Dispatcher.php(128): Illuminate\Container\Container->call(Array)
#14 D:\Syahravi\Public\Apps\Laravel\kreasi-komunitas\vendor\illuminate\pipeline\Pipeline.php(128): Illuminate\Bus\Dispatcher->Illuminate\Bus\{closure}(Object(Flarum\Mail\Job\SendRawEmailJob))
#15 D:\Syahravi\Public\Apps\Laravel\kreasi-komunitas\vendor\illuminate\pipeline\Pipeline.php(103): Illuminate\Pipeline\Pipeline->Illuminate\Pipeline\{closure}(Object(Flarum\Mail\Job\SendRawEmailJob))
#16 D:\Syahravi\Public\Apps\Laravel\kreasi-komunitas\vendor\illuminate\bus\Dispatcher.php(132): Illuminate\Pipeline\Pipeline->then(Object(Closure))
#17 D:\Syahravi\Public\Apps\Laravel\kreasi-komunitas\vendor\illuminate\queue\CallQueuedHandler.php(119): Illuminate\Bus\Dispatcher->dispatchNow(Object(Flarum\Mail\Job\SendRawEmailJob), false)
#18 D:\Syahravi\Public\Apps\Laravel\kreasi-komunitas\vendor\illuminate\pipeline\Pipeline.php(128): Illuminate\Queue\CallQueuedHandler->Illuminate\Queue\{closure}(Object(Flarum\Mail\Job\SendRawEmailJob))
#19 D:\Syahravi\Public\Apps\Laravel\kreasi-komunitas\vendor\illuminate\pipeline\Pipeline.php(103): Illuminate\Pipeline\Pipeline->Illuminate\Pipeline\{closure}(Object(Flarum\Mail\Job\SendRawEmailJob))
#20 D:\Syahravi\Public\Apps\Laravel\kreasi-komunitas\vendor\illuminate\queue\CallQueuedHandler.php(118): Illuminate\Pipeline\Pipeline->then(Object(Closure))
#21 D:\Syahravi\Public\Apps\Laravel\kreasi-komunitas\vendor\illuminate\queue\CallQueuedHandler.php(70): Illuminate\Queue\CallQueuedHandler->dispatchThroughMiddleware(Object(Illuminate\Queue\Jobs\SyncJob), Object(Flarum\Mail\Job\SendRawEmailJob))
#22 D:\Syahravi\Public\Apps\Laravel\kreasi-komunitas\vendor\illuminate\queue\Jobs\Job.php(98): Illuminate\Queue\CallQueuedHandler->call(Object(Illuminate\Queue\Jobs\SyncJob), Array)
#23 D:\Syahravi\Public\Apps\Laravel\kreasi-komunitas\vendor\illuminate\queue\SyncQueue.php(43): Illuminate\Queue\Jobs\Job->fire()
#24 D:\Syahravi\Public\Apps\Laravel\kreasi-komunitas\vendor\flarum\core\src\User\Job\RequestPasswordResetJob.php(58): Illuminate\Queue\SyncQueue->push(Object(Flarum\Mail\Job\SendRawEmailJob))
#25 D:\Syahravi\Public\Apps\Laravel\kreasi-komunitas\vendor\illuminate\container\BoundMethod.php(36): Flarum\User\Job\RequestPasswordResetJob->handle(Object(Flarum\Settings\DefaultSettingsRepository), Object(Flarum\Http\UrlGenerator), Object(Flarum\Locale\Translator), Object(Flarum\User\UserRepository), Object(Illuminate\Queue\SyncQueue))
#26 D:\Syahravi\Public\Apps\Laravel\kreasi-komunitas\vendor\illuminate\container\Util.php(40): Illuminate\Container\BoundMethod::Illuminate\Container\{closure}()
#27 D:\Syahravi\Public\Apps\Laravel\kreasi-komunitas\vendor\illuminate\container\BoundMethod.php(93): Illuminate\Container\Util::unwrapIfClosure(Object(Closure))
#28 D:\Syahravi\Public\Apps\Laravel\kreasi-komunitas\vendor\illuminate\container\BoundMethod.php(35): Illuminate\Container\BoundMethod::callBoundMethod(Object(Illuminate\Container\Container), Array, Object(Closure))
#29 D:\Syahravi\Public\Apps\Laravel\kreasi-komunitas\vendor\illuminate\container\Container.php(653): Illuminate\Container\BoundMethod::call(Object(Illuminate\Container\Container), Array, Array, NULL)
#30 D:\Syahravi\Public\Apps\Laravel\kreasi-komunitas\vendor\illuminate\bus\Dispatcher.php(128): Illuminate\Container\Container->call(Array)
#31 D:\Syahravi\Public\Apps\Laravel\kreasi-komunitas\vendor\illuminate\pipeline\Pipeline.php(128): Illuminate\Bus\Dispatcher->Illuminate\Bus\{closure}(Object(Flarum\User\Job\RequestPasswordResetJob))
#32 D:\Syahravi\Public\Apps\Laravel\kreasi-komunitas\vendor\illuminate\pipeline\Pipeline.php(103): Illuminate\Pipeline\Pipeline->Illuminate\Pipeline\{closure}(Object(Flarum\User\Job\RequestPasswordResetJob))
#33 D:\Syahravi\Public\Apps\Laravel\kreasi-komunitas\vendor\illuminate\bus\Dispatcher.php(132): Illuminate\Pipeline\Pipeline->then(Object(Closure))
#34 D:\Syahravi\Public\Apps\Laravel\kreasi-komunitas\vendor\illuminate\queue\CallQueuedHandler.php(119): Illuminate\Bus\Dispatcher->dispatchNow(Object(Flarum\User\Job\RequestPasswordResetJob), false)
#35 D:\Syahravi\Public\Apps\Laravel\kreasi-komunitas\vendor\illuminate\pipeline\Pipeline.php(128): Illuminate\Queue\CallQueuedHandler->Illuminate\Queue\{closure}(Object(Flarum\User\Job\RequestPasswordResetJob))
#36 D:\Syahravi\Public\Apps\Laravel\kreasi-komunitas\vendor\illuminate\pipeline\Pipeline.php(103): Illuminate\Pipeline\Pipeline->Illuminate\Pipeline\{closure}(Object(Flarum\User\Job\RequestPasswordResetJob))
#37 D:\Syahravi\Public\Apps\Laravel\kreasi-komunitas\vendor\illuminate\queue\CallQueuedHandler.php(118): Illuminate\Pipeline\Pipeline->then(Object(Closure))
#38 D:\Syahravi\Public\Apps\Laravel\kreasi-komunitas\vendor\illuminate\queue\CallQueuedHandler.php(70): Illuminate\Queue\CallQueuedHandler->dispatchThroughMiddleware(Object(Illuminate\Queue\Jobs\SyncJob), Object(Flarum\User\Job\RequestPasswordResetJob))
#39 D:\Syahravi\Public\Apps\Laravel\kreasi-komunitas\vendor\illuminate\queue\Jobs\Job.php(98): Illuminate\Queue\CallQueuedHandler->call(Object(Illuminate\Queue\Jobs\SyncJob), Array)
#40 D:\Syahravi\Public\Apps\Laravel\kreasi-komunitas\vendor\illuminate\queue\SyncQueue.php(43): Illuminate\Queue\Jobs\Job->fire()
#41 D:\Syahravi\Public\Apps\Laravel\kreasi-komunitas\vendor\flarum\core\src\Api\Controller\ForgotPasswordController.php(52): Illuminate\Queue\SyncQueue->push(Object(Flarum\User\Job\RequestPasswordResetJob))
#42 D:\Syahravi\Public\Apps\Laravel\kreasi-komunitas\vendor\flarum\core\src\Http\RouteHandlerFactory.php(41): Flarum\Api\Controller\ForgotPasswordController->handle(Object(Laminas\Diactoros\ServerRequest))
#43 D:\Syahravi\Public\Apps\Laravel\kreasi-komunitas\vendor\flarum\core\src\Http\Middleware\ExecuteRoute.php(27): Flarum\Http\RouteHandlerFactory->Flarum\Http\{closure}(Object(Laminas\Diactoros\ServerRequest), Array)
#44 D:\Syahravi\Public\Apps\Laravel\kreasi-komunitas\vendor\laminas\laminas-stratigility\src\Next.php(49): Flarum\Http\Middleware\ExecuteRoute->process(Object(Laminas\Diactoros\ServerRequest), Object(Closure))
#45 D:\Syahravi\Public\Apps\Laravel\kreasi-komunitas\vendor\flarum\core\src\Api\Middleware\ThrottleApi.php(33): Laminas\Stratigility\Next->handle(Object(Laminas\Diactoros\ServerRequest))
#46 D:\Syahravi\Public\Apps\Laravel\kreasi-komunitas\vendor\laminas\laminas-stratigility\src\Next.php(49): Flarum\Api\Middleware\ThrottleApi->process(Object(Laminas\Diactoros\ServerRequest), Object(Laminas\Stratigility\Next))
#47 D:\Syahravi\Public\Apps\Laravel\kreasi-komunitas\vendor\flarum\core\src\Http\Middleware\CheckCsrfToken.php(44): Laminas\Stratigility\Next->handle(Object(Laminas\Diactoros\ServerRequest))
#48 D:\Syahravi\Public\Apps\Laravel\kreasi-komunitas\vendor\laminas\laminas-stratigility\src\Next.php(49): Flarum\Http\Middleware\CheckCsrfToken->process(Object(Laminas\Diactoros\ServerRequest), Object(Laminas\Stratigility\Next))
#49 D:\Syahravi\Public\Apps\Laravel\kreasi-komunitas\vendor\flarum\core\src\Http\Middleware\ResolveRoute.php(69): Laminas\Stratigility\Next->handle(Object(Laminas\Diactoros\ServerRequest))
#50 D:\Syahravi\Public\Apps\Laravel\kreasi-komunitas\vendor\laminas\laminas-stratigility\src\Next.php(49): Flarum\Http\Middleware\ResolveRoute->process(Object(Laminas\Diactoros\ServerRequest), Object(Laminas\Stratigility\Next))
#51 D:\Syahravi\Public\Apps\Laravel\kreasi-komunitas\vendor\flarum\core\src\Http\Middleware\SetLocale.php(51): Laminas\Stratigility\Next->handle(Object(Laminas\Diactoros\ServerRequest))
#52 D:\Syahravi\Public\Apps\Laravel\kreasi-komunitas\vendor\laminas\laminas-stratigility\src\Next.php(49): Flarum\Http\Middleware\SetLocale->process(Object(Laminas\Diactoros\ServerRequest), Object(Laminas\Stratigility\Next))
#53 D:\Syahravi\Public\Apps\Laravel\kreasi-komunitas\vendor\flarum\core\src\Http\Middleware\AuthenticateWithHeader.php(58): Laminas\Stratigility\Next->handle(Object(Laminas\Diactoros\ServerRequest))
#54 D:\Syahravi\Public\Apps\Laravel\kreasi-komunitas\vendor\laminas\laminas-stratigility\src\Next.php(49): Flarum\Http\Middleware\AuthenticateWithHeader->process(Object(Laminas\Diactoros\ServerRequest), Object(Laminas\Stratigility\Next))
#55 D:\Syahravi\Public\Apps\Laravel\kreasi-komunitas\vendor\flarum\core\src\Http\Middleware\AuthenticateWithSession.php(31): Laminas\Stratigility\Next->handle(Object(Laminas\Diactoros\ServerRequest))
#56 D:\Syahravi\Public\Apps\Laravel\kreasi-komunitas\vendor\laminas\laminas-stratigility\src\Next.php(49): Flarum\Http\Middleware\AuthenticateWithSession->process(Object(Laminas\Diactoros\ServerRequest), Object(Laminas\Stratigility\Next))
#57 D:\Syahravi\Public\Apps\Laravel\kreasi-komunitas\vendor\flarum\core\src\Http\Middleware\RememberFromCookie.php(52): Laminas\Stratigility\Next->handle(Object(Laminas\Diactoros\ServerRequest))
#58 D:\Syahravi\Public\Apps\Laravel\kreasi-komunitas\vendor\laminas\laminas-stratigility\src\Next.php(49): Flarum\Http\Middleware\RememberFromCookie->process(Object(Laminas\Diactoros\ServerRequest), Object(Laminas\Stratigility\Next))
#59 D:\Syahravi\Public\Apps\Laravel\kreasi-komunitas\vendor\flarum\core\src\Http\Middleware\StartSession.php(61): Laminas\Stratigility\Next->handle(Object(Laminas\Diactoros\ServerRequest))
#60 D:\Syahravi\Public\Apps\Laravel\kreasi-komunitas\vendor\laminas\laminas-stratigility\src\Next.php(49): Flarum\Http\Middleware\StartSession->process(Object(Laminas\Diactoros\ServerRequest), Object(Laminas\Stratigility\Next))
#61 D:\Syahravi\Public\Apps\Laravel\kreasi-komunitas\vendor\flarum\core\src\Api\Middleware\FakeHttpMethods.php(29): Laminas\Stratigility\Next->handle(Object(Laminas\Diactoros\ServerRequest))
#62 D:\Syahravi\Public\Apps\Laravel\kreasi-komunitas\vendor\laminas\laminas-stratigility\src\Next.php(49): Flarum\Api\Middleware\FakeHttpMethods->process(Object(Laminas\Diactoros\ServerRequest), Object(Laminas\Stratigility\Next))
#63 D:\Syahravi\Public\Apps\Laravel\kreasi-komunitas\vendor\flarum\core\src\Http\Middleware\ParseJsonBody.php(28): Laminas\Stratigility\Next->handle(Object(Laminas\Diactoros\ServerRequest))
#64 D:\Syahravi\Public\Apps\Laravel\kreasi-komunitas\vendor\laminas\laminas-stratigility\src\Next.php(49): Flarum\Http\Middleware\ParseJsonBody->process(Object(Laminas\Diactoros\ServerRequest), Object(Laminas\Stratigility\Next))
#65 D:\Syahravi\Public\Apps\Laravel\kreasi-komunitas\vendor\flarum\core\src\Http\Middleware\HandleErrors.php(57): Laminas\Stratigility\Next->handle(Object(Laminas\Diactoros\ServerRequest))
#66 D:\Syahravi\Public\Apps\Laravel\kreasi-komunitas\vendor\laminas\laminas-stratigility\src\Next.php(49): Flarum\Http\Middleware\HandleErrors->process(Object(Laminas\Diactoros\ServerRequest), Object(Laminas\Stratigility\Next))
#67 D:\Syahravi\Public\Apps\Laravel\kreasi-komunitas\vendor\flarum\core\src\Http\Middleware\InjectActorReference.php(25): Laminas\Stratigility\Next->handle(Object(Laminas\Diactoros\ServerRequest))
#68 D:\Syahravi\Public\Apps\Laravel\kreasi-komunitas\vendor\laminas\laminas-stratigility\src\Next.php(49): Flarum\Http\Middleware\InjectActorReference->process(Object(Laminas\Diactoros\ServerRequest), Object(Laminas\Stratigility\Next))
#69 D:\Syahravi\Public\Apps\Laravel\kreasi-komunitas\vendor\laminas\laminas-stratigility\src\MiddlewarePipe.php(75): Laminas\Stratigility\Next->handle(Object(Laminas\Diactoros\ServerRequest))
#70 D:\Syahravi\Public\Apps\Laravel\kreasi-komunitas\vendor\middlewares\request-handler\src\RequestHandler.php(84): Laminas\Stratigility\MiddlewarePipe->process(Object(Laminas\Diactoros\ServerRequest), Object(Laminas\Stratigility\Next))
#71 D:\Syahravi\Public\Apps\Laravel\kreasi-komunitas\vendor\laminas\laminas-stratigility\src\Next.php(49): Middlewares\RequestHandler->process(Object(Laminas\Diactoros\ServerRequest), Object(Laminas\Stratigility\Next))
#72 D:\Syahravi\Public\Apps\Laravel\kreasi-komunitas\vendor\middlewares\base-path-router\src\BasePathRouter.php(99): Laminas\Stratigility\Next->handle(Object(Laminas\Diactoros\ServerRequest))
#73 D:\Syahravi\Public\Apps\Laravel\kreasi-komunitas\vendor\laminas\laminas-stratigility\src\Next.php(49): Middlewares\BasePathRouter->process(Object(Laminas\Diactoros\ServerRequest), Object(Laminas\Stratigility\Next))
#74 D:\Syahravi\Public\Apps\Laravel\kreasi-komunitas\vendor\laminas\laminas-stratigility\src\Middleware\OriginalMessages.php(36): Laminas\Stratigility\Next->handle(Object(Laminas\Diactoros\ServerRequest))
#75 D:\Syahravi\Public\Apps\Laravel\kreasi-komunitas\vendor\laminas\laminas-stratigility\src\Next.php(49): Laminas\Stratigility\Middleware\OriginalMessages->process(Object(Laminas\Diactoros\ServerRequest), Object(Laminas\Stratigility\Next))
#76 D:\Syahravi\Public\Apps\Laravel\kreasi-komunitas\vendor\middlewares\base-path\src\BasePath.php(73): Laminas\Stratigility\Next->handle(Object(Laminas\Diactoros\ServerRequest))
#77 D:\Syahravi\Public\Apps\Laravel\kreasi-komunitas\vendor\laminas\laminas-stratigility\src\Next.php(49): Middlewares\BasePath->process(Object(Laminas\Diactoros\ServerRequest), Object(Laminas\Stratigility\Next))
#78 D:\Syahravi\Public\Apps\Laravel\kreasi-komunitas\vendor\flarum\core\src\Http\Middleware\ProcessIp.php(24): Laminas\Stratigility\Next->handle(Object(Laminas\Diactoros\ServerRequest))
#79 D:\Syahravi\Public\Apps\Laravel\kreasi-komunitas\vendor\laminas\laminas-stratigility\src\Next.php(49): Flarum\Http\Middleware\ProcessIp->process(Object(Laminas\Diactoros\ServerRequest), Object(Laminas\Stratigility\Next))
#80 D:\Syahravi\Public\Apps\Laravel\kreasi-komunitas\vendor\laminas\laminas-stratigility\src\MiddlewarePipe.php(75): Laminas\Stratigility\Next->handle(Object(Laminas\Diactoros\ServerRequest))
#81 D:\Syahravi\Public\Apps\Laravel\kreasi-komunitas\vendor\laminas\laminas-stratigility\src\MiddlewarePipe.php(64): Laminas\Stratigility\MiddlewarePipe->process(Object(Laminas\Diactoros\ServerRequest), Object(Laminas\Stratigility\EmptyPipelineHandler))
#82 D:\Syahravi\Public\Apps\Laravel\kreasi-komunitas\vendor\laminas\laminas-httphandlerrunner\src\RequestHandlerRunner.php(73): Laminas\Stratigility\MiddlewarePipe->handle(Object(Laminas\Diactoros\ServerRequest))
#83 D:\Syahravi\Public\Apps\Laravel\kreasi-komunitas\vendor\flarum\core\src\Http\Server.php(45): Laminas\HttpHandlerRunner\RequestHandlerRunner->run()
#84 D:\Syahravi\Public\Apps\Laravel\kreasi-komunitas\public\index.php(26): Flarum\Http\Server->listen()
#85 {main}  
[2024-02-01 03:51:47] flarum.ERROR: Swift_TransportException: Process could not be started [The system cannot find the path specified.
] in D:\Syahravi\Public\Apps\Laravel\kreasi-komunitas\vendor\swiftmailer\swiftmailer\lib\classes\Swift\Transport\StreamBuffer.php:294
Stack trace:
#0 D:\Syahravi\Public\Apps\Laravel\kreasi-komunitas\vendor\swiftmailer\swiftmailer\lib\classes\Swift\Transport\StreamBuffer.php(54): Swift_Transport_StreamBuffer->establishProcessConnection()
#1 D:\Syahravi\Public\Apps\Laravel\kreasi-komunitas\vendor\swiftmailer\swiftmailer\lib\classes\Swift\Transport\AbstractSmtpTransport.php(143): Swift_Transport_StreamBuffer->initialize(Array)
#2 D:\Syahravi\Public\Apps\Laravel\kreasi-komunitas\vendor\swiftmailer\swiftmailer\lib\classes\Swift\Transport\SendmailTransport.php(50): Swift_Transport_AbstractSmtpTransport->start()
#3 D:\Syahravi\Public\Apps\Laravel\kreasi-komunitas\vendor\swiftmailer\swiftmailer\lib\classes\Swift\Mailer.php(65): Swift_Transport_SendmailTransport->start()
#4 D:\Syahravi\Public\Apps\Laravel\kreasi-komunitas\vendor\illuminate\mail\Mailer.php(521): Swift_Mailer->send(Object(Swift_Message), Array)
#5 D:\Syahravi\Public\Apps\Laravel\kreasi-komunitas\vendor\illuminate\mail\Mailer.php(288): Illuminate\Mail\Mailer->sendSwiftMessage(Object(Swift_Message))
#6 D:\Syahravi\Public\Apps\Laravel\kreasi-komunitas\vendor\illuminate\mail\Mailer.php(212): Illuminate\Mail\Mailer->send(NULL, Array, Object(Closure))
#7 D:\Syahravi\Public\Apps\Laravel\kreasi-komunitas\vendor\flarum\core\src\Mail\Job\SendRawEmailJob.php(31): Illuminate\Mail\Mailer->raw('Hai adam!\n\nSese...', Object(Closure))
#8 D:\Syahravi\Public\Apps\Laravel\kreasi-komunitas\vendor\illuminate\container\BoundMethod.php(36): Flarum\Mail\Job\SendRawEmailJob->handle(Object(Illuminate\Mail\Mailer))
#9 D:\Syahravi\Public\Apps\Laravel\kreasi-komunitas\vendor\illuminate\container\Util.php(40): Illuminate\Container\BoundMethod::Illuminate\Container\{closure}()
#10 D:\Syahravi\Public\Apps\Laravel\kreasi-komunitas\vendor\illuminate\container\BoundMethod.php(93): Illuminate\Container\Util::unwrapIfClosure(Object(Closure))
#11 D:\Syahravi\Public\Apps\Laravel\kreasi-komunitas\vendor\illuminate\container\BoundMethod.php(35): Illuminate\Container\BoundMethod::callBoundMethod(Object(Illuminate\Container\Container), Array, Object(Closure))
#12 D:\Syahravi\Public\Apps\Laravel\kreasi-komunitas\vendor\illuminate\container\Container.php(653): Illuminate\Container\BoundMethod::call(Object(Illuminate\Container\Container), Array, Array, NULL)
#13 D:\Syahravi\Public\Apps\Laravel\kreasi-komunitas\vendor\illuminate\bus\Dispatcher.php(128): Illuminate\Container\Container->call(Array)
#14 D:\Syahravi\Public\Apps\Laravel\kreasi-komunitas\vendor\illuminate\pipeline\Pipeline.php(128): Illuminate\Bus\Dispatcher->Illuminate\Bus\{closure}(Object(Flarum\Mail\Job\SendRawEmailJob))
#15 D:\Syahravi\Public\Apps\Laravel\kreasi-komunitas\vendor\illuminate\pipeline\Pipeline.php(103): Illuminate\Pipeline\Pipeline->Illuminate\Pipeline\{closure}(Object(Flarum\Mail\Job\SendRawEmailJob))
#16 D:\Syahravi\Public\Apps\Laravel\kreasi-komunitas\vendor\illuminate\bus\Dispatcher.php(132): Illuminate\Pipeline\Pipeline->then(Object(Closure))
#17 D:\Syahravi\Public\Apps\Laravel\kreasi-komunitas\vendor\illuminate\queue\CallQueuedHandler.php(119): Illuminate\Bus\Dispatcher->dispatchNow(Object(Flarum\Mail\Job\SendRawEmailJob), false)
#18 D:\Syahravi\Public\Apps\Laravel\kreasi-komunitas\vendor\illuminate\pipeline\Pipeline.php(128): Illuminate\Queue\CallQueuedHandler->Illuminate\Queue\{closure}(Object(Flarum\Mail\Job\SendRawEmailJob))
#19 D:\Syahravi\Public\Apps\Laravel\kreasi-komunitas\vendor\illuminate\pipeline\Pipeline.php(103): Illuminate\Pipeline\Pipeline->Illuminate\Pipeline\{closure}(Object(Flarum\Mail\Job\SendRawEmailJob))
#20 D:\Syahravi\Public\Apps\Laravel\kreasi-komunitas\vendor\illuminate\queue\CallQueuedHandler.php(118): Illuminate\Pipeline\Pipeline->then(Object(Closure))
#21 D:\Syahravi\Public\Apps\Laravel\kreasi-komunitas\vendor\illuminate\queue\CallQueuedHandler.php(70): Illuminate\Queue\CallQueuedHandler->dispatchThroughMiddleware(Object(Illuminate\Queue\Jobs\SyncJob), Object(Flarum\Mail\Job\SendRawEmailJob))
#22 D:\Syahravi\Public\Apps\Laravel\kreasi-komunitas\vendor\illuminate\queue\Jobs\Job.php(98): Illuminate\Queue\CallQueuedHandler->call(Object(Illuminate\Queue\Jobs\SyncJob), Array)
#23 D:\Syahravi\Public\Apps\Laravel\kreasi-komunitas\vendor\illuminate\queue\SyncQueue.php(43): Illuminate\Queue\Jobs\Job->fire()
#24 D:\Syahravi\Public\Apps\Laravel\kreasi-komunitas\vendor\flarum\core\src\User\Job\RequestPasswordResetJob.php(58): Illuminate\Queue\SyncQueue->push(Object(Flarum\Mail\Job\SendRawEmailJob))
#25 D:\Syahravi\Public\Apps\Laravel\kreasi-komunitas\vendor\illuminate\container\BoundMethod.php(36): Flarum\User\Job\RequestPasswordResetJob->handle(Object(Flarum\Settings\DefaultSettingsRepository), Object(Flarum\Http\UrlGenerator), Object(Flarum\Locale\Translator), Object(Flarum\User\UserRepository), Object(Illuminate\Queue\SyncQueue))
#26 D:\Syahravi\Public\Apps\Laravel\kreasi-komunitas\vendor\illuminate\container\Util.php(40): Illuminate\Container\BoundMethod::Illuminate\Container\{closure}()
#27 D:\Syahravi\Public\Apps\Laravel\kreasi-komunitas\vendor\illuminate\container\BoundMethod.php(93): Illuminate\Container\Util::unwrapIfClosure(Object(Closure))
#28 D:\Syahravi\Public\Apps\Laravel\kreasi-komunitas\vendor\illuminate\container\BoundMethod.php(35): Illuminate\Container\BoundMethod::callBoundMethod(Object(Illuminate\Container\Container), Array, Object(Closure))
#29 D:\Syahravi\Public\Apps\Laravel\kreasi-komunitas\vendor\illuminate\container\Container.php(653): Illuminate\Container\BoundMethod::call(Object(Illuminate\Container\Container), Array, Array, NULL)
#30 D:\Syahravi\Public\Apps\Laravel\kreasi-komunitas\vendor\illuminate\bus\Dispatcher.php(128): Illuminate\Container\Container->call(Array)
#31 D:\Syahravi\Public\Apps\Laravel\kreasi-komunitas\vendor\illuminate\pipeline\Pipeline.php(128): Illuminate\Bus\Dispatcher->Illuminate\Bus\{closure}(Object(Flarum\User\Job\RequestPasswordResetJob))
#32 D:\Syahravi\Public\Apps\Laravel\kreasi-komunitas\vendor\illuminate\pipeline\Pipeline.php(103): Illuminate\Pipeline\Pipeline->Illuminate\Pipeline\{closure}(Object(Flarum\User\Job\RequestPasswordResetJob))
#33 D:\Syahravi\Public\Apps\Laravel\kreasi-komunitas\vendor\illuminate\bus\Dispatcher.php(132): Illuminate\Pipeline\Pipeline->then(Object(Closure))
#34 D:\Syahravi\Public\Apps\Laravel\kreasi-komunitas\vendor\illuminate\queue\CallQueuedHandler.php(119): Illuminate\Bus\Dispatcher->dispatchNow(Object(Flarum\User\Job\RequestPasswordResetJob), false)
#35 D:\Syahravi\Public\Apps\Laravel\kreasi-komunitas\vendor\illuminate\pipeline\Pipeline.php(128): Illuminate\Queue\CallQueuedHandler->Illuminate\Queue\{closure}(Object(Flarum\User\Job\RequestPasswordResetJob))
#36 D:\Syahravi\Public\Apps\Laravel\kreasi-komunitas\vendor\illuminate\pipeline\Pipeline.php(103): Illuminate\Pipeline\Pipeline->Illuminate\Pipeline\{closure}(Object(Flarum\User\Job\RequestPasswordResetJob))
#37 D:\Syahravi\Public\Apps\Laravel\kreasi-komunitas\vendor\illuminate\queue\CallQueuedHandler.php(118): Illuminate\Pipeline\Pipeline->then(Object(Closure))
#38 D:\Syahravi\Public\Apps\Laravel\kreasi-komunitas\vendor\illuminate\queue\CallQueuedHandler.php(70): Illuminate\Queue\CallQueuedHandler->dispatchThroughMiddleware(Object(Illuminate\Queue\Jobs\SyncJob), Object(Flarum\User\Job\RequestPasswordResetJob))
#39 D:\Syahravi\Public\Apps\Laravel\kreasi-komunitas\vendor\illuminate\queue\Jobs\Job.php(98): Illuminate\Queue\CallQueuedHandler->call(Object(Illuminate\Queue\Jobs\SyncJob), Array)
#40 D:\Syahravi\Public\Apps\Laravel\kreasi-komunitas\vendor\illuminate\queue\SyncQueue.php(43): Illuminate\Queue\Jobs\Job->fire()
#41 D:\Syahravi\Public\Apps\Laravel\kreasi-komunitas\vendor\flarum\core\src\Api\Controller\ForgotPasswordController.php(52): Illuminate\Queue\SyncQueue->push(Object(Flarum\User\Job\RequestPasswordResetJob))
#42 D:\Syahravi\Public\Apps\Laravel\kreasi-komunitas\vendor\flarum\core\src\Http\RouteHandlerFactory.php(41): Flarum\Api\Controller\ForgotPasswordController->handle(Object(Laminas\Diactoros\ServerRequest))
#43 D:\Syahravi\Public\Apps\Laravel\kreasi-komunitas\vendor\flarum\core\src\Http\Middleware\ExecuteRoute.php(27): Flarum\Http\RouteHandlerFactory->Flarum\Http\{closure}(Object(Laminas\Diactoros\ServerRequest), Array)
#44 D:\Syahravi\Public\Apps\Laravel\kreasi-komunitas\vendor\laminas\laminas-stratigility\src\Next.php(49): Flarum\Http\Middleware\ExecuteRoute->process(Object(Laminas\Diactoros\ServerRequest), Object(Closure))
#45 D:\Syahravi\Public\Apps\Laravel\kreasi-komunitas\vendor\flarum\core\src\Api\Middleware\ThrottleApi.php(33): Laminas\Stratigility\Next->handle(Object(Laminas\Diactoros\ServerRequest))
#46 D:\Syahravi\Public\Apps\Laravel\kreasi-komunitas\vendor\laminas\laminas-stratigility\src\Next.php(49): Flarum\Api\Middleware\ThrottleApi->process(Object(Laminas\Diactoros\ServerRequest), Object(Laminas\Stratigility\Next))
#47 D:\Syahravi\Public\Apps\Laravel\kreasi-komunitas\vendor\flarum\core\src\Http\Middleware\CheckCsrfToken.php(44): Laminas\Stratigility\Next->handle(Object(Laminas\Diactoros\ServerRequest))
#48 D:\Syahravi\Public\Apps\Laravel\kreasi-komunitas\vendor\laminas\laminas-stratigility\src\Next.php(49): Flarum\Http\Middleware\CheckCsrfToken->process(Object(Laminas\Diactoros\ServerRequest), Object(Laminas\Stratigility\Next))
#49 D:\Syahravi\Public\Apps\Laravel\kreasi-komunitas\vendor\flarum\core\src\Http\Middleware\ResolveRoute.php(69): Laminas\Stratigility\Next->handle(Object(Laminas\Diactoros\ServerRequest))
#50 D:\Syahravi\Public\Apps\Laravel\kreasi-komunitas\vendor\laminas\laminas-stratigility\src\Next.php(49): Flarum\Http\Middleware\ResolveRoute->process(Object(Laminas\Diactoros\ServerRequest), Object(Laminas\Stratigility\Next))
#51 D:\Syahravi\Public\Apps\Laravel\kreasi-komunitas\vendor\flarum\core\src\Http\Middleware\SetLocale.php(51): Laminas\Stratigility\Next->handle(Object(Laminas\Diactoros\ServerRequest))
#52 D:\Syahravi\Public\Apps\Laravel\kreasi-komunitas\vendor\laminas\laminas-stratigility\src\Next.php(49): Flarum\Http\Middleware\SetLocale->process(Object(Laminas\Diactoros\ServerRequest), Object(Laminas\Stratigility\Next))
#53 D:\Syahravi\Public\Apps\Laravel\kreasi-komunitas\vendor\flarum\core\src\Http\Middleware\AuthenticateWithHeader.php(58): Laminas\Stratigility\Next->handle(Object(Laminas\Diactoros\ServerRequest))
#54 D:\Syahravi\Public\Apps\Laravel\kreasi-komunitas\vendor\laminas\laminas-stratigility\src\Next.php(49): Flarum\Http\Middleware\AuthenticateWithHeader->process(Object(Laminas\Diactoros\ServerRequest), Object(Laminas\Stratigility\Next))
#55 D:\Syahravi\Public\Apps\Laravel\kreasi-komunitas\vendor\flarum\core\src\Http\Middleware\AuthenticateWithSession.php(31): Laminas\Stratigility\Next->handle(Object(Laminas\Diactoros\ServerRequest))
#56 D:\Syahravi\Public\Apps\Laravel\kreasi-komunitas\vendor\laminas\laminas-stratigility\src\Next.php(49): Flarum\Http\Middleware\AuthenticateWithSession->process(Object(Laminas\Diactoros\ServerRequest), Object(Laminas\Stratigility\Next))
#57 D:\Syahravi\Public\Apps\Laravel\kreasi-komunitas\vendor\flarum\core\src\Http\Middleware\RememberFromCookie.php(52): Laminas\Stratigility\Next->handle(Object(Laminas\Diactoros\ServerRequest))
#58 D:\Syahravi\Public\Apps\Laravel\kreasi-komunitas\vendor\laminas\laminas-stratigility\src\Next.php(49): Flarum\Http\Middleware\RememberFromCookie->process(Object(Laminas\Diactoros\ServerRequest), Object(Laminas\Stratigility\Next))
#59 D:\Syahravi\Public\Apps\Laravel\kreasi-komunitas\vendor\flarum\core\src\Http\Middleware\StartSession.php(61): Laminas\Stratigility\Next->handle(Object(Laminas\Diactoros\ServerRequest))
#60 D:\Syahravi\Public\Apps\Laravel\kreasi-komunitas\vendor\laminas\laminas-stratigility\src\Next.php(49): Flarum\Http\Middleware\StartSession->process(Object(Laminas\Diactoros\ServerRequest), Object(Laminas\Stratigility\Next))
#61 D:\Syahravi\Public\Apps\Laravel\kreasi-komunitas\vendor\flarum\core\src\Api\Middleware\FakeHttpMethods.php(29): Laminas\Stratigility\Next->handle(Object(Laminas\Diactoros\ServerRequest))
#62 D:\Syahravi\Public\Apps\Laravel\kreasi-komunitas\vendor\laminas\laminas-stratigility\src\Next.php(49): Flarum\Api\Middleware\FakeHttpMethods->process(Object(Laminas\Diactoros\ServerRequest), Object(Laminas\Stratigility\Next))
#63 D:\Syahravi\Public\Apps\Laravel\kreasi-komunitas\vendor\flarum\core\src\Http\Middleware\ParseJsonBody.php(28): Laminas\Stratigility\Next->handle(Object(Laminas\Diactoros\ServerRequest))
#64 D:\Syahravi\Public\Apps\Laravel\kreasi-komunitas\vendor\laminas\laminas-stratigility\src\Next.php(49): Flarum\Http\Middleware\ParseJsonBody->process(Object(Laminas\Diactoros\ServerRequest), Object(Laminas\Stratigility\Next))
#65 D:\Syahravi\Public\Apps\Laravel\kreasi-komunitas\vendor\flarum\core\src\Http\Middleware\HandleErrors.php(57): Laminas\Stratigility\Next->handle(Object(Laminas\Diactoros\ServerRequest))
#66 D:\Syahravi\Public\Apps\Laravel\kreasi-komunitas\vendor\laminas\laminas-stratigility\src\Next.php(49): Flarum\Http\Middleware\HandleErrors->process(Object(Laminas\Diactoros\ServerRequest), Object(Laminas\Stratigility\Next))
#67 D:\Syahravi\Public\Apps\Laravel\kreasi-komunitas\vendor\flarum\core\src\Http\Middleware\InjectActorReference.php(25): Laminas\Stratigility\Next->handle(Object(Laminas\Diactoros\ServerRequest))
#68 D:\Syahravi\Public\Apps\Laravel\kreasi-komunitas\vendor\laminas\laminas-stratigility\src\Next.php(49): Flarum\Http\Middleware\InjectActorReference->process(Object(Laminas\Diactoros\ServerRequest), Object(Laminas\Stratigility\Next))
#69 D:\Syahravi\Public\Apps\Laravel\kreasi-komunitas\vendor\laminas\laminas-stratigility\src\MiddlewarePipe.php(75): Laminas\Stratigility\Next->handle(Object(Laminas\Diactoros\ServerRequest))
#70 D:\Syahravi\Public\Apps\Laravel\kreasi-komunitas\vendor\middlewares\request-handler\src\RequestHandler.php(84): Laminas\Stratigility\MiddlewarePipe->process(Object(Laminas\Diactoros\ServerRequest), Object(Laminas\Stratigility\Next))
#71 D:\Syahravi\Public\Apps\Laravel\kreasi-komunitas\vendor\laminas\laminas-stratigility\src\Next.php(49): Middlewares\RequestHandler->process(Object(Laminas\Diactoros\ServerRequest), Object(Laminas\Stratigility\Next))
#72 D:\Syahravi\Public\Apps\Laravel\kreasi-komunitas\vendor\middlewares\base-path-router\src\BasePathRouter.php(99): Laminas\Stratigility\Next->handle(Object(Laminas\Diactoros\ServerRequest))
#73 D:\Syahravi\Public\Apps\Laravel\kreasi-komunitas\vendor\laminas\laminas-stratigility\src\Next.php(49): Middlewares\BasePathRouter->process(Object(Laminas\Diactoros\ServerRequest), Object(Laminas\Stratigility\Next))
#74 D:\Syahravi\Public\Apps\Laravel\kreasi-komunitas\vendor\laminas\laminas-stratigility\src\Middleware\OriginalMessages.php(36): Laminas\Stratigility\Next->handle(Object(Laminas\Diactoros\ServerRequest))
#75 D:\Syahravi\Public\Apps\Laravel\kreasi-komunitas\vendor\laminas\laminas-stratigility\src\Next.php(49): Laminas\Stratigility\Middleware\OriginalMessages->process(Object(Laminas\Diactoros\ServerRequest), Object(Laminas\Stratigility\Next))
#76 D:\Syahravi\Public\Apps\Laravel\kreasi-komunitas\vendor\middlewares\base-path\src\BasePath.php(73): Laminas\Stratigility\Next->handle(Object(Laminas\Diactoros\ServerRequest))
#77 D:\Syahravi\Public\Apps\Laravel\kreasi-komunitas\vendor\laminas\laminas-stratigility\src\Next.php(49): Middlewares\BasePath->process(Object(Laminas\Diactoros\ServerRequest), Object(Laminas\Stratigility\Next))
#78 D:\Syahravi\Public\Apps\Laravel\kreasi-komunitas\vendor\flarum\core\src\Http\Middleware\ProcessIp.php(24): Laminas\Stratigility\Next->handle(Object(Laminas\Diactoros\ServerRequest))
#79 D:\Syahravi\Public\Apps\Laravel\kreasi-komunitas\vendor\laminas\laminas-stratigility\src\Next.php(49): Flarum\Http\Middleware\ProcessIp->process(Object(Laminas\Diactoros\ServerRequest), Object(Laminas\Stratigility\Next))
#80 D:\Syahravi\Public\Apps\Laravel\kreasi-komunitas\vendor\laminas\laminas-stratigility\src\MiddlewarePipe.php(75): Laminas\Stratigility\Next->handle(Object(Laminas\Diactoros\ServerRequest))
#81 D:\Syahravi\Public\Apps\Laravel\kreasi-komunitas\vendor\laminas\laminas-stratigility\src\MiddlewarePipe.php(64): Laminas\Stratigility\MiddlewarePipe->process(Object(Laminas\Diactoros\ServerRequest), Object(Laminas\Stratigility\EmptyPipelineHandler))
#82 D:\Syahravi\Public\Apps\Laravel\kreasi-komunitas\vendor\laminas\laminas-httphandlerrunner\src\RequestHandlerRunner.php(73): Laminas\Stratigility\MiddlewarePipe->handle(Object(Laminas\Diactoros\ServerRequest))
#83 D:\Syahravi\Public\Apps\Laravel\kreasi-komunitas\vendor\flarum\core\src\Http\Server.php(45): Laminas\HttpHandlerRunner\RequestHandlerRunner->run()
#84 D:\Syahravi\Public\Apps\Laravel\kreasi-komunitas\public\index.php(26): Flarum\Http\Server->listen()
#85 {main}  
[2024-02-01 03:51:47] flarum.ERROR: Swift_TransportException: Process could not be started [The system cannot find the path specified.
] in D:\Syahravi\Public\Apps\Laravel\kreasi-komunitas\vendor\swiftmailer\swiftmailer\lib\classes\Swift\Transport\StreamBuffer.php:294
Stack trace:
#0 D:\Syahravi\Public\Apps\Laravel\kreasi-komunitas\vendor\swiftmailer\swiftmailer\lib\classes\Swift\Transport\StreamBuffer.php(54): Swift_Transport_StreamBuffer->establishProcessConnection()
#1 D:\Syahravi\Public\Apps\Laravel\kreasi-komunitas\vendor\swiftmailer\swiftmailer\lib\classes\Swift\Transport\AbstractSmtpTransport.php(143): Swift_Transport_StreamBuffer->initialize(Array)
#2 D:\Syahravi\Public\Apps\Laravel\kreasi-komunitas\vendor\swiftmailer\swiftmailer\lib\classes\Swift\Transport\SendmailTransport.php(50): Swift_Transport_AbstractSmtpTransport->start()
#3 D:\Syahravi\Public\Apps\Laravel\kreasi-komunitas\vendor\swiftmailer\swiftmailer\lib\classes\Swift\Mailer.php(65): Swift_Transport_SendmailTransport->start()
#4 D:\Syahravi\Public\Apps\Laravel\kreasi-komunitas\vendor\illuminate\mail\Mailer.php(521): Swift_Mailer->send(Object(Swift_Message), Array)
#5 D:\Syahravi\Public\Apps\Laravel\kreasi-komunitas\vendor\illuminate\mail\Mailer.php(288): Illuminate\Mail\Mailer->sendSwiftMessage(Object(Swift_Message))
#6 D:\Syahravi\Public\Apps\Laravel\kreasi-komunitas\vendor\illuminate\mail\Mailer.php(212): Illuminate\Mail\Mailer->send(NULL, Array, Object(Closure))
#7 D:\Syahravi\Public\Apps\Laravel\kreasi-komunitas\vendor\flarum\core\src\Mail\Job\SendRawEmailJob.php(31): Illuminate\Mail\Mailer->raw('Hai adam!\n\nSese...', Object(Closure))
#8 D:\Syahravi\Public\Apps\Laravel\kreasi-komunitas\vendor\illuminate\container\BoundMethod.php(36): Flarum\Mail\Job\SendRawEmailJob->handle(Object(Illuminate\Mail\Mailer))
#9 D:\Syahravi\Public\Apps\Laravel\kreasi-komunitas\vendor\illuminate\container\Util.php(40): Illuminate\Container\BoundMethod::Illuminate\Container\{closure}()
#10 D:\Syahravi\Public\Apps\Laravel\kreasi-komunitas\vendor\illuminate\container\BoundMethod.php(93): Illuminate\Container\Util::unwrapIfClosure(Object(Closure))
#11 D:\Syahravi\Public\Apps\Laravel\kreasi-komunitas\vendor\illuminate\container\BoundMethod.php(35): Illuminate\Container\BoundMethod::callBoundMethod(Object(Illuminate\Container\Container), Array, Object(Closure))
#12 D:\Syahravi\Public\Apps\Laravel\kreasi-komunitas\vendor\illuminate\container\Container.php(653): Illuminate\Container\BoundMethod::call(Object(Illuminate\Container\Container), Array, Array, NULL)
#13 D:\Syahravi\Public\Apps\Laravel\kreasi-komunitas\vendor\illuminate\bus\Dispatcher.php(128): Illuminate\Container\Container->call(Array)
#14 D:\Syahravi\Public\Apps\Laravel\kreasi-komunitas\vendor\illuminate\pipeline\Pipeline.php(128): Illuminate\Bus\Dispatcher->Illuminate\Bus\{closure}(Object(Flarum\Mail\Job\SendRawEmailJob))
#15 D:\Syahravi\Public\Apps\Laravel\kreasi-komunitas\vendor\illuminate\pipeline\Pipeline.php(103): Illuminate\Pipeline\Pipeline->Illuminate\Pipeline\{closure}(Object(Flarum\Mail\Job\SendRawEmailJob))
#16 D:\Syahravi\Public\Apps\Laravel\kreasi-komunitas\vendor\illuminate\bus\Dispatcher.php(132): Illuminate\Pipeline\Pipeline->then(Object(Closure))
#17 D:\Syahravi\Public\Apps\Laravel\kreasi-komunitas\vendor\illuminate\queue\CallQueuedHandler.php(119): Illuminate\Bus\Dispatcher->dispatchNow(Object(Flarum\Mail\Job\SendRawEmailJob), false)
#18 D:\Syahravi\Public\Apps\Laravel\kreasi-komunitas\vendor\illuminate\pipeline\Pipeline.php(128): Illuminate\Queue\CallQueuedHandler->Illuminate\Queue\{closure}(Object(Flarum\Mail\Job\SendRawEmailJob))
#19 D:\Syahravi\Public\Apps\Laravel\kreasi-komunitas\vendor\illuminate\pipeline\Pipeline.php(103): Illuminate\Pipeline\Pipeline->Illuminate\Pipeline\{closure}(Object(Flarum\Mail\Job\SendRawEmailJob))
#20 D:\Syahravi\Public\Apps\Laravel\kreasi-komunitas\vendor\illuminate\queue\CallQueuedHandler.php(118): Illuminate\Pipeline\Pipeline->then(Object(Closure))
#21 D:\Syahravi\Public\Apps\Laravel\kreasi-komunitas\vendor\illuminate\queue\CallQueuedHandler.php(70): Illuminate\Queue\CallQueuedHandler->dispatchThroughMiddleware(Object(Illuminate\Queue\Jobs\SyncJob), Object(Flarum\Mail\Job\SendRawEmailJob))
#22 D:\Syahravi\Public\Apps\Laravel\kreasi-komunitas\vendor\illuminate\queue\Jobs\Job.php(98): Illuminate\Queue\CallQueuedHandler->call(Object(Illuminate\Queue\Jobs\SyncJob), Array)
#23 D:\Syahravi\Public\Apps\Laravel\kreasi-komunitas\vendor\illuminate\queue\SyncQueue.php(43): Illuminate\Queue\Jobs\Job->fire()
#24 D:\Syahravi\Public\Apps\Laravel\kreasi-komunitas\vendor\flarum\core\src\User\Job\RequestPasswordResetJob.php(58): Illuminate\Queue\SyncQueue->push(Object(Flarum\Mail\Job\SendRawEmailJob))
#25 D:\Syahravi\Public\Apps\Laravel\kreasi-komunitas\vendor\illuminate\container\BoundMethod.php(36): Flarum\User\Job\RequestPasswordResetJob->handle(Object(Flarum\Settings\DefaultSettingsRepository), Object(Flarum\Http\UrlGenerator), Object(Flarum\Locale\Translator), Object(Flarum\User\UserRepository), Object(Illuminate\Queue\SyncQueue))
#26 D:\Syahravi\Public\Apps\Laravel\kreasi-komunitas\vendor\illuminate\container\Util.php(40): Illuminate\Container\BoundMethod::Illuminate\Container\{closure}()
#27 D:\Syahravi\Public\Apps\Laravel\kreasi-komunitas\vendor\illuminate\container\BoundMethod.php(93): Illuminate\Container\Util::unwrapIfClosure(Object(Closure))
#28 D:\Syahravi\Public\Apps\Laravel\kreasi-komunitas\vendor\illuminate\container\BoundMethod.php(35): Illuminate\Container\BoundMethod::callBoundMethod(Object(Illuminate\Container\Container), Array, Object(Closure))
#29 D:\Syahravi\Public\Apps\Laravel\kreasi-komunitas\vendor\illuminate\container\Container.php(653): Illuminate\Container\BoundMethod::call(Object(Illuminate\Container\Container), Array, Array, NULL)
#30 D:\Syahravi\Public\Apps\Laravel\kreasi-komunitas\vendor\illuminate\bus\Dispatcher.php(128): Illuminate\Container\Container->call(Array)
#31 D:\Syahravi\Public\Apps\Laravel\kreasi-komunitas\vendor\illuminate\pipeline\Pipeline.php(128): Illuminate\Bus\Dispatcher->Illuminate\Bus\{closure}(Object(Flarum\User\Job\RequestPasswordResetJob))
#32 D:\Syahravi\Public\Apps\Laravel\kreasi-komunitas\vendor\illuminate\pipeline\Pipeline.php(103): Illuminate\Pipeline\Pipeline->Illuminate\Pipeline\{closure}(Object(Flarum\User\Job\RequestPasswordResetJob))
#33 D:\Syahravi\Public\Apps\Laravel\kreasi-komunitas\vendor\illuminate\bus\Dispatcher.php(132): Illuminate\Pipeline\Pipeline->then(Object(Closure))
#34 D:\Syahravi\Public\Apps\Laravel\kreasi-komunitas\vendor\illuminate\queue\CallQueuedHandler.php(119): Illuminate\Bus\Dispatcher->dispatchNow(Object(Flarum\User\Job\RequestPasswordResetJob), false)
#35 D:\Syahravi\Public\Apps\Laravel\kreasi-komunitas\vendor\illuminate\pipeline\Pipeline.php(128): Illuminate\Queue\CallQueuedHandler->Illuminate\Queue\{closure}(Object(Flarum\User\Job\RequestPasswordResetJob))
#36 D:\Syahravi\Public\Apps\Laravel\kreasi-komunitas\vendor\illuminate\pipeline\Pipeline.php(103): Illuminate\Pipeline\Pipeline->Illuminate\Pipeline\{closure}(Object(Flarum\User\Job\RequestPasswordResetJob))
#37 D:\Syahravi\Public\Apps\Laravel\kreasi-komunitas\vendor\illuminate\queue\CallQueuedHandler.php(118): Illuminate\Pipeline\Pipeline->then(Object(Closure))
#38 D:\Syahravi\Public\Apps\Laravel\kreasi-komunitas\vendor\illuminate\queue\CallQueuedHandler.php(70): Illuminate\Queue\CallQueuedHandler->dispatchThroughMiddleware(Object(Illuminate\Queue\Jobs\SyncJob), Object(Flarum\User\Job\RequestPasswordResetJob))
#39 D:\Syahravi\Public\Apps\Laravel\kreasi-komunitas\vendor\illuminate\queue\Jobs\Job.php(98): Illuminate\Queue\CallQueuedHandler->call(Object(Illuminate\Queue\Jobs\SyncJob), Array)
#40 D:\Syahravi\Public\Apps\Laravel\kreasi-komunitas\vendor\illuminate\queue\SyncQueue.php(43): Illuminate\Queue\Jobs\Job->fire()
#41 D:\Syahravi\Public\Apps\Laravel\kreasi-komunitas\vendor\flarum\core\src\Api\Controller\ForgotPasswordController.php(52): Illuminate\Queue\SyncQueue->push(Object(Flarum\User\Job\RequestPasswordResetJob))
#42 D:\Syahravi\Public\Apps\Laravel\kreasi-komunitas\vendor\flarum\core\src\Http\RouteHandlerFactory.php(41): Flarum\Api\Controller\ForgotPasswordController->handle(Object(Laminas\Diactoros\ServerRequest))
#43 D:\Syahravi\Public\Apps\Laravel\kreasi-komunitas\vendor\flarum\core\src\Http\Middleware\ExecuteRoute.php(27): Flarum\Http\RouteHandlerFactory->Flarum\Http\{closure}(Object(Laminas\Diactoros\ServerRequest), Array)
#44 D:\Syahravi\Public\Apps\Laravel\kreasi-komunitas\vendor\laminas\laminas-stratigility\src\Next.php(49): Flarum\Http\Middleware\ExecuteRoute->process(Object(Laminas\Diactoros\ServerRequest), Object(Closure))
#45 D:\Syahravi\Public\Apps\Laravel\kreasi-komunitas\vendor\flarum\core\src\Api\Middleware\ThrottleApi.php(33): Laminas\Stratigility\Next->handle(Object(Laminas\Diactoros\ServerRequest))
#46 D:\Syahravi\Public\Apps\Laravel\kreasi-komunitas\vendor\laminas\laminas-stratigility\src\Next.php(49): Flarum\Api\Middleware\ThrottleApi->process(Object(Laminas\Diactoros\ServerRequest), Object(Laminas\Stratigility\Next))
#47 D:\Syahravi\Public\Apps\Laravel\kreasi-komunitas\vendor\flarum\core\src\Http\Middleware\CheckCsrfToken.php(44): Laminas\Stratigility\Next->handle(Object(Laminas\Diactoros\ServerRequest))
#48 D:\Syahravi\Public\Apps\Laravel\kreasi-komunitas\vendor\laminas\laminas-stratigility\src\Next.php(49): Flarum\Http\Middleware\CheckCsrfToken->process(Object(Laminas\Diactoros\ServerRequest), Object(Laminas\Stratigility\Next))
#49 D:\Syahravi\Public\Apps\Laravel\kreasi-komunitas\vendor\flarum\core\src\Http\Middleware\ResolveRoute.php(69): Laminas\Stratigility\Next->handle(Object(Laminas\Diactoros\ServerRequest))
#50 D:\Syahravi\Public\Apps\Laravel\kreasi-komunitas\vendor\laminas\laminas-stratigility\src\Next.php(49): Flarum\Http\Middleware\ResolveRoute->process(Object(Laminas\Diactoros\ServerRequest), Object(Laminas\Stratigility\Next))
#51 D:\Syahravi\Public\Apps\Laravel\kreasi-komunitas\vendor\flarum\core\src\Http\Middleware\SetLocale.php(51): Laminas\Stratigility\Next->handle(Object(Laminas\Diactoros\ServerRequest))
#52 D:\Syahravi\Public\Apps\Laravel\kreasi-komunitas\vendor\laminas\laminas-stratigility\src\Next.php(49): Flarum\Http\Middleware\SetLocale->process(Object(Laminas\Diactoros\ServerRequest), Object(Laminas\Stratigility\Next))
#53 D:\Syahravi\Public\Apps\Laravel\kreasi-komunitas\vendor\flarum\core\src\Http\Middleware\AuthenticateWithHeader.php(58): Laminas\Stratigility\Next->handle(Object(Laminas\Diactoros\ServerRequest))
#54 D:\Syahravi\Public\Apps\Laravel\kreasi-komunitas\vendor\laminas\laminas-stratigility\src\Next.php(49): Flarum\Http\Middleware\AuthenticateWithHeader->process(Object(Laminas\Diactoros\ServerRequest), Object(Laminas\Stratigility\Next))
#55 D:\Syahravi\Public\Apps\Laravel\kreasi-komunitas\vendor\flarum\core\src\Http\Middleware\AuthenticateWithSession.php(31): Laminas\Stratigility\Next->handle(Object(Laminas\Diactoros\ServerRequest))
#56 D:\Syahravi\Public\Apps\Laravel\kreasi-komunitas\vendor\laminas\laminas-stratigility\src\Next.php(49): Flarum\Http\Middleware\AuthenticateWithSession->process(Object(Laminas\Diactoros\ServerRequest), Object(Laminas\Stratigility\Next))
#57 D:\Syahravi\Public\Apps\Laravel\kreasi-komunitas\vendor\flarum\core\src\Http\Middleware\RememberFromCookie.php(52): Laminas\Stratigility\Next->handle(Object(Laminas\Diactoros\ServerRequest))
#58 D:\Syahravi\Public\Apps\Laravel\kreasi-komunitas\vendor\laminas\laminas-stratigility\src\Next.php(49): Flarum\Http\Middleware\RememberFromCookie->process(Object(Laminas\Diactoros\ServerRequest), Object(Laminas\Stratigility\Next))
#59 D:\Syahravi\Public\Apps\Laravel\kreasi-komunitas\vendor\flarum\core\src\Http\Middleware\StartSession.php(61): Laminas\Stratigility\Next->handle(Object(Laminas\Diactoros\ServerRequest))
#60 D:\Syahravi\Public\Apps\Laravel\kreasi-komunitas\vendor\laminas\laminas-stratigility\src\Next.php(49): Flarum\Http\Middleware\StartSession->process(Object(Laminas\Diactoros\ServerRequest), Object(Laminas\Stratigility\Next))
#61 D:\Syahravi\Public\Apps\Laravel\kreasi-komunitas\vendor\flarum\core\src\Api\Middleware\FakeHttpMethods.php(29): Laminas\Stratigility\Next->handle(Object(Laminas\Diactoros\ServerRequest))
#62 D:\Syahravi\Public\Apps\Laravel\kreasi-komunitas\vendor\laminas\laminas-stratigility\src\Next.php(49): Flarum\Api\Middleware\FakeHttpMethods->process(Object(Laminas\Diactoros\ServerRequest), Object(Laminas\Stratigility\Next))
#63 D:\Syahravi\Public\Apps\Laravel\kreasi-komunitas\vendor\flarum\core\src\Http\Middleware\ParseJsonBody.php(28): Laminas\Stratigility\Next->handle(Object(Laminas\Diactoros\ServerRequest))
#64 D:\Syahravi\Public\Apps\Laravel\kreasi-komunitas\vendor\laminas\laminas-stratigility\src\Next.php(49): Flarum\Http\Middleware\ParseJsonBody->process(Object(Laminas\Diactoros\ServerRequest), Object(Laminas\Stratigility\Next))
#65 D:\Syahravi\Public\Apps\Laravel\kreasi-komunitas\vendor\flarum\core\src\Http\Middleware\HandleErrors.php(57): Laminas\Stratigility\Next->handle(Object(Laminas\Diactoros\ServerRequest))
#66 D:\Syahravi\Public\Apps\Laravel\kreasi-komunitas\vendor\laminas\laminas-stratigility\src\Next.php(49): Flarum\Http\Middleware\HandleErrors->process(Object(Laminas\Diactoros\ServerRequest), Object(Laminas\Stratigility\Next))
#67 D:\Syahravi\Public\Apps\Laravel\kreasi-komunitas\vendor\flarum\core\src\Http\Middleware\InjectActorReference.php(25): Laminas\Stratigility\Next->handle(Object(Laminas\Diactoros\ServerRequest))
#68 D:\Syahravi\Public\Apps\Laravel\kreasi-komunitas\vendor\laminas\laminas-stratigility\src\Next.php(49): Flarum\Http\Middleware\InjectActorReference->process(Object(Laminas\Diactoros\ServerRequest), Object(Laminas\Stratigility\Next))
#69 D:\Syahravi\Public\Apps\Laravel\kreasi-komunitas\vendor\laminas\laminas-stratigility\src\MiddlewarePipe.php(75): Laminas\Stratigility\Next->handle(Object(Laminas\Diactoros\ServerRequest))
#70 D:\Syahravi\Public\Apps\Laravel\kreasi-komunitas\vendor\middlewares\request-handler\src\RequestHandler.php(84): Laminas\Stratigility\MiddlewarePipe->process(Object(Laminas\Diactoros\ServerRequest), Object(Laminas\Stratigility\Next))
#71 D:\Syahravi\Public\Apps\Laravel\kreasi-komunitas\vendor\laminas\laminas-stratigility\src\Next.php(49): Middlewares\RequestHandler->process(Object(Laminas\Diactoros\ServerRequest), Object(Laminas\Stratigility\Next))
#72 D:\Syahravi\Public\Apps\Laravel\kreasi-komunitas\vendor\middlewares\base-path-router\src\BasePathRouter.php(99): Laminas\Stratigility\Next->handle(Object(Laminas\Diactoros\ServerRequest))
#73 D:\Syahravi\Public\Apps\Laravel\kreasi-komunitas\vendor\laminas\laminas-stratigility\src\Next.php(49): Middlewares\BasePathRouter->process(Object(Laminas\Diactoros\ServerRequest), Object(Laminas\Stratigility\Next))
#74 D:\Syahravi\Public\Apps\Laravel\kreasi-komunitas\vendor\laminas\laminas-stratigility\src\Middleware\OriginalMessages.php(36): Laminas\Stratigility\Next->handle(Object(Laminas\Diactoros\ServerRequest))
#75 D:\Syahravi\Public\Apps\Laravel\kreasi-komunitas\vendor\laminas\laminas-stratigility\src\Next.php(49): Laminas\Stratigility\Middleware\OriginalMessages->process(Object(Laminas\Diactoros\ServerRequest), Object(Laminas\Stratigility\Next))
#76 D:\Syahravi\Public\Apps\Laravel\kreasi-komunitas\vendor\middlewares\base-path\src\BasePath.php(73): Laminas\Stratigility\Next->handle(Object(Laminas\Diactoros\ServerRequest))
#77 D:\Syahravi\Public\Apps\Laravel\kreasi-komunitas\vendor\laminas\laminas-stratigility\src\Next.php(49): Middlewares\BasePath->process(Object(Laminas\Diactoros\ServerRequest), Object(Laminas\Stratigility\Next))
#78 D:\Syahravi\Public\Apps\Laravel\kreasi-komunitas\vendor\flarum\core\src\Http\Middleware\ProcessIp.php(24): Laminas\Stratigility\Next->handle(Object(Laminas\Diactoros\ServerRequest))
#79 D:\Syahravi\Public\Apps\Laravel\kreasi-komunitas\vendor\laminas\laminas-stratigility\src\Next.php(49): Flarum\Http\Middleware\ProcessIp->process(Object(Laminas\Diactoros\ServerRequest), Object(Laminas\Stratigility\Next))
#80 D:\Syahravi\Public\Apps\Laravel\kreasi-komunitas\vendor\laminas\laminas-stratigility\src\MiddlewarePipe.php(75): Laminas\Stratigility\Next->handle(Object(Laminas\Diactoros\ServerRequest))
#81 D:\Syahravi\Public\Apps\Laravel\kreasi-komunitas\vendor\laminas\laminas-stratigility\src\MiddlewarePipe.php(64): Laminas\Stratigility\MiddlewarePipe->process(Object(Laminas\Diactoros\ServerRequest), Object(Laminas\Stratigility\EmptyPipelineHandler))
#82 D:\Syahravi\Public\Apps\Laravel\kreasi-komunitas\vendor\laminas\laminas-httphandlerrunner\src\RequestHandlerRunner.php(73): Laminas\Stratigility\MiddlewarePipe->handle(Object(Laminas\Diactoros\ServerRequest))
#83 D:\Syahravi\Public\Apps\Laravel\kreasi-komunitas\vendor\flarum\core\src\Http\Server.php(45): Laminas\HttpHandlerRunner\RequestHandlerRunner->run()
#84 D:\Syahravi\Public\Apps\Laravel\kreasi-komunitas\public\index.php(26): Flarum\Http\Server->listen()
#85 {main}  
