[2023-12-03 12:23:15] flarum.ERROR: Swift_TransportException: Expected response code 220 but got an empty response in /var/www/kreasi-komunitas/vendor/swiftmailer/swiftmailer/lib/classes/Swift/Transport/AbstractSmtpTransport.php:447
Stack trace:
#0 /var/www/kreasi-komunitas/vendor/swiftmailer/swiftmailer/lib/classes/Swift/Transport/AbstractSmtpTransport.php(360): Swift_Transport_AbstractSmtpTransport->assertResponseCode()
#1 /var/www/kreasi-komunitas/vendor/swiftmailer/swiftmailer/lib/classes/Swift/Transport/AbstractSmtpTransport.php(147): Swift_Transport_AbstractSmtpTransport->readGreeting()
#2 /var/www/kreasi-komunitas/vendor/swiftmailer/swiftmailer/lib/classes/Swift/Transport/SendmailTransport.php(50): Swift_Transport_AbstractSmtpTransport->start()
#3 /var/www/kreasi-komunitas/vendor/swiftmailer/swiftmailer/lib/classes/Swift/Mailer.php(65): Swift_Transport_SendmailTransport->start()
#4 /var/www/kreasi-komunitas/vendor/illuminate/mail/Mailer.php(521): Swift_Mailer->send()
#5 /var/www/kreasi-komunitas/vendor/illuminate/mail/Mailer.php(288): Illuminate\Mail\Mailer->sendSwiftMessage()
#6 /var/www/kreasi-komunitas/vendor/illuminate/mail/Mailer.php(212): Illuminate\Mail\Mailer->send()
#7 /var/www/kreasi-komunitas/vendor/flarum/core/src/Mail/Job/SendRawEmailJob.php(31): Illuminate\Mail\Mailer->raw()
#8 /var/www/kreasi-komunitas/vendor/illuminate/container/BoundMethod.php(36): Flarum\Mail\Job\SendRawEmailJob->handle()
#9 /var/www/kreasi-komunitas/vendor/illuminate/container/Util.php(40): Illuminate\Container\BoundMethod::Illuminate\Container\{closure}()
#10 /var/www/kreasi-komunitas/vendor/illuminate/container/BoundMethod.php(93): Illuminate\Container\Util::unwrapIfClosure()
#11 /var/www/kreasi-komunitas/vendor/illuminate/container/BoundMethod.php(35): Illuminate\Container\BoundMethod::callBoundMethod()
#12 /var/www/kreasi-komunitas/vendor/illuminate/container/Container.php(653): Illuminate\Container\BoundMethod::call()
#13 /var/www/kreasi-komunitas/vendor/illuminate/bus/Dispatcher.php(128): Illuminate\Container\Container->call()
#14 /var/www/kreasi-komunitas/vendor/illuminate/pipeline/Pipeline.php(128): Illuminate\Bus\Dispatcher->Illuminate\Bus\{closure}()
#15 /var/www/kreasi-komunitas/vendor/illuminate/pipeline/Pipeline.php(103): Illuminate\Pipeline\Pipeline->Illuminate\Pipeline\{closure}()
#16 /var/www/kreasi-komunitas/vendor/illuminate/bus/Dispatcher.php(132): Illuminate\Pipeline\Pipeline->then()
#17 /var/www/kreasi-komunitas/vendor/illuminate/queue/CallQueuedHandler.php(119): Illuminate\Bus\Dispatcher->dispatchNow()
#18 /var/www/kreasi-komunitas/vendor/illuminate/pipeline/Pipeline.php(128): Illuminate\Queue\CallQueuedHandler->Illuminate\Queue\{closure}()
#19 /var/www/kreasi-komunitas/vendor/illuminate/pipeline/Pipeline.php(103): Illuminate\Pipeline\Pipeline->Illuminate\Pipeline\{closure}()
#20 /var/www/kreasi-komunitas/vendor/illuminate/queue/CallQueuedHandler.php(118): Illuminate\Pipeline\Pipeline->then()
#21 /var/www/kreasi-komunitas/vendor/illuminate/queue/CallQueuedHandler.php(70): Illuminate\Queue\CallQueuedHandler->dispatchThroughMiddleware()
#22 /var/www/kreasi-komunitas/vendor/illuminate/queue/Jobs/Job.php(98): Illuminate\Queue\CallQueuedHandler->call()
#23 /var/www/kreasi-komunitas/vendor/illuminate/queue/SyncQueue.php(43): Illuminate\Queue\Jobs\Job->fire()
#24 /var/www/kreasi-komunitas/vendor/flarum/core/src/User/AccountActivationMailerTrait.php(54): Illuminate\Queue\SyncQueue->push()
#25 /var/www/kreasi-komunitas/vendor/flarum/core/src/User/AccountActivationMailer.php(67): Flarum\User\AccountActivationMailer->sendConfirmationEmail()
#26 /var/www/kreasi-komunitas/vendor/illuminate/events/Dispatcher.php(424): Flarum\User\AccountActivationMailer->handle()
#27 /var/www/kreasi-komunitas/vendor/illuminate/events/Dispatcher.php(249): Illuminate\Events\Dispatcher->Illuminate\Events\{closure}()
#28 /var/www/kreasi-komunitas/vendor/flarum/core/src/Foundation/DispatchEventsTrait.php(33): Illuminate\Events\Dispatcher->dispatch()
#29 /var/www/kreasi-komunitas/vendor/flarum/core/src/User/Command/RegisterUserHandler.php(120): Flarum\User\Command\RegisterUserHandler->dispatchEventsFor()
#30 /var/www/kreasi-komunitas/vendor/illuminate/bus/Dispatcher.php(122): Flarum\User\Command\RegisterUserHandler->handle()
#31 /var/www/kreasi-komunitas/vendor/illuminate/pipeline/Pipeline.php(128): Illuminate\Bus\Dispatcher->Illuminate\Bus\{closure}()
#32 /var/www/kreasi-komunitas/vendor/illuminate/pipeline/Pipeline.php(103): Illuminate\Pipeline\Pipeline->Illuminate\Pipeline\{closure}()
#33 /var/www/kreasi-komunitas/vendor/illuminate/bus/Dispatcher.php(132): Illuminate\Pipeline\Pipeline->then()
#34 /var/www/kreasi-komunitas/vendor/illuminate/bus/Dispatcher.php(78): Illuminate\Bus\Dispatcher->dispatchNow()
#35 /var/www/kreasi-komunitas/vendor/flarum/core/src/Api/Controller/CreateUserController.php(45): Illuminate\Bus\Dispatcher->dispatch()
#36 /var/www/kreasi-komunitas/vendor/flarum/core/src/Api/Controller/AbstractSerializeController.php(116): Flarum\Api\Controller\CreateUserController->data()
#37 /var/www/kreasi-komunitas/vendor/flarum/core/src/Api/Controller/AbstractCreateController.php(22): Flarum\Api\Controller\AbstractSerializeController->handle()
#38 /var/www/kreasi-komunitas/vendor/flarum/core/src/Http/RouteHandlerFactory.php(41): Flarum\Api\Controller\AbstractCreateController->handle()
#39 /var/www/kreasi-komunitas/vendor/flarum/core/src/Http/Middleware/ExecuteRoute.php(27): Flarum\Http\RouteHandlerFactory->Flarum\Http\{closure}()
#40 /var/www/kreasi-komunitas/vendor/laminas/laminas-stratigility/src/Next.php(49): Flarum\Http\Middleware\ExecuteRoute->process()
#41 /var/www/kreasi-komunitas/vendor/flarum/core/src/Api/Middleware/ThrottleApi.php(33): Laminas\Stratigility\Next->handle()
#42 /var/www/kreasi-komunitas/vendor/laminas/laminas-stratigility/src/Next.php(49): Flarum\Api\Middleware\ThrottleApi->process()
#43 /var/www/kreasi-komunitas/vendor/flarum/core/src/Http/Middleware/ResolveRoute.php(69): Laminas\Stratigility\Next->handle()
#44 /var/www/kreasi-komunitas/vendor/laminas/laminas-stratigility/src/Next.php(49): Flarum\Http\Middleware\ResolveRoute->process()
#45 /var/www/kreasi-komunitas/vendor/flarum/core/src/Http/Middleware/SetLocale.php(51): Laminas\Stratigility\Next->handle()
#46 /var/www/kreasi-komunitas/vendor/laminas/laminas-stratigility/src/Next.php(49): Flarum\Http\Middleware\SetLocale->process()
#47 /var/www/kreasi-komunitas/vendor/flarum/core/src/Http/Middleware/HandleErrors.php(57): Laminas\Stratigility\Next->handle()
#48 /var/www/kreasi-komunitas/vendor/laminas/laminas-stratigility/src/Next.php(49): Flarum\Http\Middleware\HandleErrors->process()
#49 /var/www/kreasi-komunitas/vendor/laminas/laminas-stratigility/src/MiddlewarePipe.php(75): Laminas\Stratigility\Next->handle()
#50 /var/www/kreasi-komunitas/vendor/laminas/laminas-stratigility/src/MiddlewarePipe.php(64): Laminas\Stratigility\MiddlewarePipe->process()
#51 /var/www/kreasi-komunitas/vendor/flarum/core/src/Api/Client.php(141): Laminas\Stratigility\MiddlewarePipe->handle()
#52 /var/www/kreasi-komunitas/vendor/flarum/core/src/Api/Client.php(96): Flarum\Api\Client->send()
#53 /var/www/kreasi-komunitas/vendor/flarum/core/src/Forum/Controller/RegisterController.php(56): Flarum\Api\Client->post()
#54 /var/www/kreasi-komunitas/vendor/flarum/core/src/Http/RouteHandlerFactory.php(41): Flarum\Forum\Controller\RegisterController->handle()
#55 /var/www/kreasi-komunitas/vendor/flarum/core/src/Http/Middleware/ExecuteRoute.php(27): Flarum\Http\RouteHandlerFactory->Flarum\Http\{closure}()
#56 /var/www/kreasi-komunitas/vendor/laminas/laminas-stratigility/src/Next.php(49): Flarum\Http\Middleware\ExecuteRoute->process()
#57 /var/www/kreasi-komunitas/vendor/flarum/core/src/Http/Middleware/ContentTypeOptionsHeader.php(21): Laminas\Stratigility\Next->handle()
#58 /var/www/kreasi-komunitas/vendor/laminas/laminas-stratigility/src/Next.php(49): Flarum\Http\Middleware\ContentTypeOptionsHeader->process()
#59 /var/www/kreasi-komunitas/vendor/flarum/core/src/Http/Middleware/ReferrerPolicyHeader.php(30): Laminas\Stratigility\Next->handle()
#60 /var/www/kreasi-komunitas/vendor/laminas/laminas-stratigility/src/Next.php(49): Flarum\Http\Middleware\ReferrerPolicyHeader->process()
#61 /var/www/kreasi-komunitas/vendor/flarum/core/src/Http/Middleware/FlarumPromotionHeader.php(30): Laminas\Stratigility\Next->handle()
#62 /var/www/kreasi-komunitas/vendor/laminas/laminas-stratigility/src/Next.php(49): Flarum\Http\Middleware\FlarumPromotionHeader->process()
#63 /var/www/kreasi-komunitas/vendor/flarum/core/src/Http/Middleware/ShareErrorsFromSession.php(57): Laminas\Stratigility\Next->handle()
#64 /var/www/kreasi-komunitas/vendor/laminas/laminas-stratigility/src/Next.php(49): Flarum\Http\Middleware\ShareErrorsFromSession->process()
#65 /var/www/kreasi-komunitas/vendor/flarum/core/src/Http/Middleware/CheckCsrfToken.php(44): Laminas\Stratigility\Next->handle()
#66 /var/www/kreasi-komunitas/vendor/laminas/laminas-stratigility/src/Next.php(49): Flarum\Http\Middleware\CheckCsrfToken->process()
#67 /var/www/kreasi-komunitas/vendor/flarum/core/src/Http/Middleware/ResolveRoute.php(69): Laminas\Stratigility\Next->handle()
#68 /var/www/kreasi-komunitas/vendor/laminas/laminas-stratigility/src/Next.php(49): Flarum\Http\Middleware\ResolveRoute->process()
#69 /var/www/kreasi-komunitas/vendor/flarum/core/src/Http/Middleware/SetLocale.php(51): Laminas\Stratigility\Next->handle()
#70 /var/www/kreasi-komunitas/vendor/laminas/laminas-stratigility/src/Next.php(49): Flarum\Http\Middleware\SetLocale->process()
#71 /var/www/kreasi-komunitas/vendor/flarum/core/src/Http/Middleware/AuthenticateWithSession.php(31): Laminas\Stratigility\Next->handle()
#72 /var/www/kreasi-komunitas/vendor/laminas/laminas-stratigility/src/Next.php(49): Flarum\Http\Middleware\AuthenticateWithSession->process()
#73 /var/www/kreasi-komunitas/vendor/flarum/core/src/Http/Middleware/RememberFromCookie.php(52): Laminas\Stratigility\Next->handle()
#74 /var/www/kreasi-komunitas/vendor/laminas/laminas-stratigility/src/Next.php(49): Flarum\Http\Middleware\RememberFromCookie->process()
#75 /var/www/kreasi-komunitas/vendor/flarum/core/src/Http/Middleware/StartSession.php(61): Laminas\Stratigility\Next->handle()
#76 /var/www/kreasi-komunitas/vendor/laminas/laminas-stratigility/src/Next.php(49): Flarum\Http\Middleware\StartSession->process()
#77 /var/www/kreasi-komunitas/vendor/flarum/core/src/Http/Middleware/CollectGarbage.php(46): Laminas\Stratigility\Next->handle()
#78 /var/www/kreasi-komunitas/vendor/laminas/laminas-stratigility/src/Next.php(49): Flarum\Http\Middleware\CollectGarbage->process()
#79 /var/www/kreasi-komunitas/vendor/flarum/core/src/Http/Middleware/ParseJsonBody.php(28): Laminas\Stratigility\Next->handle()
#80 /var/www/kreasi-komunitas/vendor/laminas/laminas-stratigility/src/Next.php(49): Flarum\Http\Middleware\ParseJsonBody->process()
#81 /var/www/kreasi-komunitas/vendor/flarum/core/src/Http/Middleware/HandleErrors.php(57): Laminas\Stratigility\Next->handle()
#82 /var/www/kreasi-komunitas/vendor/laminas/laminas-stratigility/src/Next.php(49): Flarum\Http\Middleware\HandleErrors->process()
#83 /var/www/kreasi-komunitas/vendor/flarum/core/src/Http/Middleware/InjectActorReference.php(25): Laminas\Stratigility\Next->handle()
#84 /var/www/kreasi-komunitas/vendor/laminas/laminas-stratigility/src/Next.php(49): Flarum\Http\Middleware\InjectActorReference->process()
#85 /var/www/kreasi-komunitas/vendor/laminas/laminas-stratigility/src/MiddlewarePipe.php(75): Laminas\Stratigility\Next->handle()
#86 /var/www/kreasi-komunitas/vendor/middlewares/request-handler/src/RequestHandler.php(84): Laminas\Stratigility\MiddlewarePipe->process()
#87 /var/www/kreasi-komunitas/vendor/laminas/laminas-stratigility/src/Next.php(49): Middlewares\RequestHandler->process()
#88 /var/www/kreasi-komunitas/vendor/middlewares/base-path-router/src/BasePathRouter.php(99): Laminas\Stratigility\Next->handle()
#89 /var/www/kreasi-komunitas/vendor/laminas/laminas-stratigility/src/Next.php(49): Middlewares\BasePathRouter->process()
#90 /var/www/kreasi-komunitas/vendor/laminas/laminas-stratigility/src/Middleware/OriginalMessages.php(36): Laminas\Stratigility\Next->handle()
#91 /var/www/kreasi-komunitas/vendor/laminas/laminas-stratigility/src/Next.php(49): Laminas\Stratigility\Middleware\OriginalMessages->process()
#92 /var/www/kreasi-komunitas/vendor/middlewares/base-path/src/BasePath.php(73): Laminas\Stratigility\Next->handle()
#93 /var/www/kreasi-komunitas/vendor/laminas/laminas-stratigility/src/Next.php(49): Middlewares\BasePath->process()
#94 /var/www/kreasi-komunitas/vendor/flarum/core/src/Http/Middleware/ProcessIp.php(24): Laminas\Stratigility\Next->handle()
#95 /var/www/kreasi-komunitas/vendor/laminas/laminas-stratigility/src/Next.php(49): Flarum\Http\Middleware\ProcessIp->process()
#96 /var/www/kreasi-komunitas/vendor/laminas/laminas-stratigility/src/MiddlewarePipe.php(75): Laminas\Stratigility\Next->handle()
#97 /var/www/kreasi-komunitas/vendor/laminas/laminas-stratigility/src/MiddlewarePipe.php(64): Laminas\Stratigility\MiddlewarePipe->process()
#98 /var/www/kreasi-komunitas/vendor/laminas/laminas-httphandlerrunner/src/RequestHandlerRunner.php(73): Laminas\Stratigility\MiddlewarePipe->handle()
#99 /var/www/kreasi-komunitas/vendor/flarum/core/src/Http/Server.php(45): Laminas\HttpHandlerRunner\RequestHandlerRunner->run()
#100 /var/www/kreasi-komunitas/public/index.php(26): Flarum\Http\Server->listen()
#101 {main}  
[2023-12-03 12:23:15] flarum.ERROR: Swift_TransportException: Expected response code 220 but got an empty response in /var/www/kreasi-komunitas/vendor/swiftmailer/swiftmailer/lib/classes/Swift/Transport/AbstractSmtpTransport.php:447
Stack trace:
#0 /var/www/kreasi-komunitas/vendor/swiftmailer/swiftmailer/lib/classes/Swift/Transport/AbstractSmtpTransport.php(360): Swift_Transport_AbstractSmtpTransport->assertResponseCode()
#1 /var/www/kreasi-komunitas/vendor/swiftmailer/swiftmailer/lib/classes/Swift/Transport/AbstractSmtpTransport.php(147): Swift_Transport_AbstractSmtpTransport->readGreeting()
#2 /var/www/kreasi-komunitas/vendor/swiftmailer/swiftmailer/lib/classes/Swift/Transport/SendmailTransport.php(50): Swift_Transport_AbstractSmtpTransport->start()
#3 /var/www/kreasi-komunitas/vendor/swiftmailer/swiftmailer/lib/classes/Swift/Mailer.php(65): Swift_Transport_SendmailTransport->start()
#4 /var/www/kreasi-komunitas/vendor/illuminate/mail/Mailer.php(521): Swift_Mailer->send()
#5 /var/www/kreasi-komunitas/vendor/illuminate/mail/Mailer.php(288): Illuminate\Mail\Mailer->sendSwiftMessage()
#6 /var/www/kreasi-komunitas/vendor/illuminate/mail/Mailer.php(212): Illuminate\Mail\Mailer->send()
#7 /var/www/kreasi-komunitas/vendor/flarum/core/src/Mail/Job/SendRawEmailJob.php(31): Illuminate\Mail\Mailer->raw()
#8 /var/www/kreasi-komunitas/vendor/illuminate/container/BoundMethod.php(36): Flarum\Mail\Job\SendRawEmailJob->handle()
#9 /var/www/kreasi-komunitas/vendor/illuminate/container/Util.php(40): Illuminate\Container\BoundMethod::Illuminate\Container\{closure}()
#10 /var/www/kreasi-komunitas/vendor/illuminate/container/BoundMethod.php(93): Illuminate\Container\Util::unwrapIfClosure()
#11 /var/www/kreasi-komunitas/vendor/illuminate/container/BoundMethod.php(35): Illuminate\Container\BoundMethod::callBoundMethod()
#12 /var/www/kreasi-komunitas/vendor/illuminate/container/Container.php(653): Illuminate\Container\BoundMethod::call()
#13 /var/www/kreasi-komunitas/vendor/illuminate/bus/Dispatcher.php(128): Illuminate\Container\Container->call()
#14 /var/www/kreasi-komunitas/vendor/illuminate/pipeline/Pipeline.php(128): Illuminate\Bus\Dispatcher->Illuminate\Bus\{closure}()
#15 /var/www/kreasi-komunitas/vendor/illuminate/pipeline/Pipeline.php(103): Illuminate\Pipeline\Pipeline->Illuminate\Pipeline\{closure}()
#16 /var/www/kreasi-komunitas/vendor/illuminate/bus/Dispatcher.php(132): Illuminate\Pipeline\Pipeline->then()
#17 /var/www/kreasi-komunitas/vendor/illuminate/queue/CallQueuedHandler.php(119): Illuminate\Bus\Dispatcher->dispatchNow()
#18 /var/www/kreasi-komunitas/vendor/illuminate/pipeline/Pipeline.php(128): Illuminate\Queue\CallQueuedHandler->Illuminate\Queue\{closure}()
#19 /var/www/kreasi-komunitas/vendor/illuminate/pipeline/Pipeline.php(103): Illuminate\Pipeline\Pipeline->Illuminate\Pipeline\{closure}()
#20 /var/www/kreasi-komunitas/vendor/illuminate/queue/CallQueuedHandler.php(118): Illuminate\Pipeline\Pipeline->then()
#21 /var/www/kreasi-komunitas/vendor/illuminate/queue/CallQueuedHandler.php(70): Illuminate\Queue\CallQueuedHandler->dispatchThroughMiddleware()
#22 /var/www/kreasi-komunitas/vendor/illuminate/queue/Jobs/Job.php(98): Illuminate\Queue\CallQueuedHandler->call()
#23 /var/www/kreasi-komunitas/vendor/illuminate/queue/SyncQueue.php(43): Illuminate\Queue\Jobs\Job->fire()
#24 /var/www/kreasi-komunitas/vendor/flarum/core/src/User/AccountActivationMailerTrait.php(54): Illuminate\Queue\SyncQueue->push()
#25 /var/www/kreasi-komunitas/vendor/flarum/core/src/User/AccountActivationMailer.php(67): Flarum\User\AccountActivationMailer->sendConfirmationEmail()
#26 /var/www/kreasi-komunitas/vendor/illuminate/events/Dispatcher.php(424): Flarum\User\AccountActivationMailer->handle()
#27 /var/www/kreasi-komunitas/vendor/illuminate/events/Dispatcher.php(249): Illuminate\Events\Dispatcher->Illuminate\Events\{closure}()
#28 /var/www/kreasi-komunitas/vendor/flarum/core/src/Foundation/DispatchEventsTrait.php(33): Illuminate\Events\Dispatcher->dispatch()
#29 /var/www/kreasi-komunitas/vendor/flarum/core/src/User/Command/RegisterUserHandler.php(120): Flarum\User\Command\RegisterUserHandler->dispatchEventsFor()
#30 /var/www/kreasi-komunitas/vendor/illuminate/bus/Dispatcher.php(122): Flarum\User\Command\RegisterUserHandler->handle()
#31 /var/www/kreasi-komunitas/vendor/illuminate/pipeline/Pipeline.php(128): Illuminate\Bus\Dispatcher->Illuminate\Bus\{closure}()
#32 /var/www/kreasi-komunitas/vendor/illuminate/pipeline/Pipeline.php(103): Illuminate\Pipeline\Pipeline->Illuminate\Pipeline\{closure}()
#33 /var/www/kreasi-komunitas/vendor/illuminate/bus/Dispatcher.php(132): Illuminate\Pipeline\Pipeline->then()
#34 /var/www/kreasi-komunitas/vendor/illuminate/bus/Dispatcher.php(78): Illuminate\Bus\Dispatcher->dispatchNow()
#35 /var/www/kreasi-komunitas/vendor/flarum/core/src/Api/Controller/CreateUserController.php(45): Illuminate\Bus\Dispatcher->dispatch()
#36 /var/www/kreasi-komunitas/vendor/flarum/core/src/Api/Controller/AbstractSerializeController.php(116): Flarum\Api\Controller\CreateUserController->data()
#37 /var/www/kreasi-komunitas/vendor/flarum/core/src/Api/Controller/AbstractCreateController.php(22): Flarum\Api\Controller\AbstractSerializeController->handle()
#38 /var/www/kreasi-komunitas/vendor/flarum/core/src/Http/RouteHandlerFactory.php(41): Flarum\Api\Controller\AbstractCreateController->handle()
#39 /var/www/kreasi-komunitas/vendor/flarum/core/src/Http/Middleware/ExecuteRoute.php(27): Flarum\Http\RouteHandlerFactory->Flarum\Http\{closure}()
#40 /var/www/kreasi-komunitas/vendor/laminas/laminas-stratigility/src/Next.php(49): Flarum\Http\Middleware\ExecuteRoute->process()
#41 /var/www/kreasi-komunitas/vendor/flarum/core/src/Api/Middleware/ThrottleApi.php(33): Laminas\Stratigility\Next->handle()
#42 /var/www/kreasi-komunitas/vendor/laminas/laminas-stratigility/src/Next.php(49): Flarum\Api\Middleware\ThrottleApi->process()
#43 /var/www/kreasi-komunitas/vendor/flarum/core/src/Http/Middleware/ResolveRoute.php(69): Laminas\Stratigility\Next->handle()
#44 /var/www/kreasi-komunitas/vendor/laminas/laminas-stratigility/src/Next.php(49): Flarum\Http\Middleware\ResolveRoute->process()
#45 /var/www/kreasi-komunitas/vendor/flarum/core/src/Http/Middleware/SetLocale.php(51): Laminas\Stratigility\Next->handle()
#46 /var/www/kreasi-komunitas/vendor/laminas/laminas-stratigility/src/Next.php(49): Flarum\Http\Middleware\SetLocale->process()
#47 /var/www/kreasi-komunitas/vendor/flarum/core/src/Http/Middleware/HandleErrors.php(57): Laminas\Stratigility\Next->handle()
#48 /var/www/kreasi-komunitas/vendor/laminas/laminas-stratigility/src/Next.php(49): Flarum\Http\Middleware\HandleErrors->process()
#49 /var/www/kreasi-komunitas/vendor/laminas/laminas-stratigility/src/MiddlewarePipe.php(75): Laminas\Stratigility\Next->handle()
#50 /var/www/kreasi-komunitas/vendor/laminas/laminas-stratigility/src/MiddlewarePipe.php(64): Laminas\Stratigility\MiddlewarePipe->process()
#51 /var/www/kreasi-komunitas/vendor/flarum/core/src/Api/Client.php(141): Laminas\Stratigility\MiddlewarePipe->handle()
#52 /var/www/kreasi-komunitas/vendor/flarum/core/src/Api/Client.php(96): Flarum\Api\Client->send()
#53 /var/www/kreasi-komunitas/vendor/flarum/core/src/Forum/Controller/RegisterController.php(56): Flarum\Api\Client->post()
#54 /var/www/kreasi-komunitas/vendor/flarum/core/src/Http/RouteHandlerFactory.php(41): Flarum\Forum\Controller\RegisterController->handle()
#55 /var/www/kreasi-komunitas/vendor/flarum/core/src/Http/Middleware/ExecuteRoute.php(27): Flarum\Http\RouteHandlerFactory->Flarum\Http\{closure}()
#56 /var/www/kreasi-komunitas/vendor/laminas/laminas-stratigility/src/Next.php(49): Flarum\Http\Middleware\ExecuteRoute->process()
#57 /var/www/kreasi-komunitas/vendor/flarum/core/src/Http/Middleware/ContentTypeOptionsHeader.php(21): Laminas\Stratigility\Next->handle()
#58 /var/www/kreasi-komunitas/vendor/laminas/laminas-stratigility/src/Next.php(49): Flarum\Http\Middleware\ContentTypeOptionsHeader->process()
#59 /var/www/kreasi-komunitas/vendor/flarum/core/src/Http/Middleware/ReferrerPolicyHeader.php(30): Laminas\Stratigility\Next->handle()
#60 /var/www/kreasi-komunitas/vendor/laminas/laminas-stratigility/src/Next.php(49): Flarum\Http\Middleware\ReferrerPolicyHeader->process()
#61 /var/www/kreasi-komunitas/vendor/flarum/core/src/Http/Middleware/FlarumPromotionHeader.php(30): Laminas\Stratigility\Next->handle()
#62 /var/www/kreasi-komunitas/vendor/laminas/laminas-stratigility/src/Next.php(49): Flarum\Http\Middleware\FlarumPromotionHeader->process()
#63 /var/www/kreasi-komunitas/vendor/flarum/core/src/Http/Middleware/ShareErrorsFromSession.php(57): Laminas\Stratigility\Next->handle()
#64 /var/www/kreasi-komunitas/vendor/laminas/laminas-stratigility/src/Next.php(49): Flarum\Http\Middleware\ShareErrorsFromSession->process()
#65 /var/www/kreasi-komunitas/vendor/flarum/core/src/Http/Middleware/CheckCsrfToken.php(44): Laminas\Stratigility\Next->handle()
#66 /var/www/kreasi-komunitas/vendor/laminas/laminas-stratigility/src/Next.php(49): Flarum\Http\Middleware\CheckCsrfToken->process()
#67 /var/www/kreasi-komunitas/vendor/flarum/core/src/Http/Middleware/ResolveRoute.php(69): Laminas\Stratigility\Next->handle()
#68 /var/www/kreasi-komunitas/vendor/laminas/laminas-stratigility/src/Next.php(49): Flarum\Http\Middleware\ResolveRoute->process()
#69 /var/www/kreasi-komunitas/vendor/flarum/core/src/Http/Middleware/SetLocale.php(51): Laminas\Stratigility\Next->handle()
#70 /var/www/kreasi-komunitas/vendor/laminas/laminas-stratigility/src/Next.php(49): Flarum\Http\Middleware\SetLocale->process()
#71 /var/www/kreasi-komunitas/vendor/flarum/core/src/Http/Middleware/AuthenticateWithSession.php(31): Laminas\Stratigility\Next->handle()
#72 /var/www/kreasi-komunitas/vendor/laminas/laminas-stratigility/src/Next.php(49): Flarum\Http\Middleware\AuthenticateWithSession->process()
#73 /var/www/kreasi-komunitas/vendor/flarum/core/src/Http/Middleware/RememberFromCookie.php(52): Laminas\Stratigility\Next->handle()
#74 /var/www/kreasi-komunitas/vendor/laminas/laminas-stratigility/src/Next.php(49): Flarum\Http\Middleware\RememberFromCookie->process()
#75 /var/www/kreasi-komunitas/vendor/flarum/core/src/Http/Middleware/StartSession.php(61): Laminas\Stratigility\Next->handle()
#76 /var/www/kreasi-komunitas/vendor/laminas/laminas-stratigility/src/Next.php(49): Flarum\Http\Middleware\StartSession->process()
#77 /var/www/kreasi-komunitas/vendor/flarum/core/src/Http/Middleware/CollectGarbage.php(46): Laminas\Stratigility\Next->handle()
#78 /var/www/kreasi-komunitas/vendor/laminas/laminas-stratigility/src/Next.php(49): Flarum\Http\Middleware\CollectGarbage->process()
#79 /var/www/kreasi-komunitas/vendor/flarum/core/src/Http/Middleware/ParseJsonBody.php(28): Laminas\Stratigility\Next->handle()
#80 /var/www/kreasi-komunitas/vendor/laminas/laminas-stratigility/src/Next.php(49): Flarum\Http\Middleware\ParseJsonBody->process()
#81 /var/www/kreasi-komunitas/vendor/flarum/core/src/Http/Middleware/HandleErrors.php(57): Laminas\Stratigility\Next->handle()
#82 /var/www/kreasi-komunitas/vendor/laminas/laminas-stratigility/src/Next.php(49): Flarum\Http\Middleware\HandleErrors->process()
#83 /var/www/kreasi-komunitas/vendor/flarum/core/src/Http/Middleware/InjectActorReference.php(25): Laminas\Stratigility\Next->handle()
#84 /var/www/kreasi-komunitas/vendor/laminas/laminas-stratigility/src/Next.php(49): Flarum\Http\Middleware\InjectActorReference->process()
#85 /var/www/kreasi-komunitas/vendor/laminas/laminas-stratigility/src/MiddlewarePipe.php(75): Laminas\Stratigility\Next->handle()
#86 /var/www/kreasi-komunitas/vendor/middlewares/request-handler/src/RequestHandler.php(84): Laminas\Stratigility\MiddlewarePipe->process()
#87 /var/www/kreasi-komunitas/vendor/laminas/laminas-stratigility/src/Next.php(49): Middlewares\RequestHandler->process()
#88 /var/www/kreasi-komunitas/vendor/middlewares/base-path-router/src/BasePathRouter.php(99): Laminas\Stratigility\Next->handle()
#89 /var/www/kreasi-komunitas/vendor/laminas/laminas-stratigility/src/Next.php(49): Middlewares\BasePathRouter->process()
#90 /var/www/kreasi-komunitas/vendor/laminas/laminas-stratigility/src/Middleware/OriginalMessages.php(36): Laminas\Stratigility\Next->handle()
#91 /var/www/kreasi-komunitas/vendor/laminas/laminas-stratigility/src/Next.php(49): Laminas\Stratigility\Middleware\OriginalMessages->process()
#92 /var/www/kreasi-komunitas/vendor/middlewares/base-path/src/BasePath.php(73): Laminas\Stratigility\Next->handle()
#93 /var/www/kreasi-komunitas/vendor/laminas/laminas-stratigility/src/Next.php(49): Middlewares\BasePath->process()
#94 /var/www/kreasi-komunitas/vendor/flarum/core/src/Http/Middleware/ProcessIp.php(24): Laminas\Stratigility\Next->handle()
#95 /var/www/kreasi-komunitas/vendor/laminas/laminas-stratigility/src/Next.php(49): Flarum\Http\Middleware\ProcessIp->process()
#96 /var/www/kreasi-komunitas/vendor/laminas/laminas-stratigility/src/MiddlewarePipe.php(75): Laminas\Stratigility\Next->handle()
#97 /var/www/kreasi-komunitas/vendor/laminas/laminas-stratigility/src/MiddlewarePipe.php(64): Laminas\Stratigility\MiddlewarePipe->process()
#98 /var/www/kreasi-komunitas/vendor/laminas/laminas-httphandlerrunner/src/RequestHandlerRunner.php(73): Laminas\Stratigility\MiddlewarePipe->handle()
#99 /var/www/kreasi-komunitas/vendor/flarum/core/src/Http/Server.php(45): Laminas\HttpHandlerRunner\RequestHandlerRunner->run()
#100 /var/www/kreasi-komunitas/public/index.php(26): Flarum\Http\Server->listen()
#101 {main}  
[2023-12-03 12:31:15] flarum.ERROR: Swift_TransportException: Expected response code 220 but got an empty response in /var/www/kreasi-komunitas/vendor/swiftmailer/swiftmailer/lib/classes/Swift/Transport/AbstractSmtpTransport.php:447
Stack trace:
#0 /var/www/kreasi-komunitas/vendor/swiftmailer/swiftmailer/lib/classes/Swift/Transport/AbstractSmtpTransport.php(360): Swift_Transport_AbstractSmtpTransport->assertResponseCode()
#1 /var/www/kreasi-komunitas/vendor/swiftmailer/swiftmailer/lib/classes/Swift/Transport/AbstractSmtpTransport.php(147): Swift_Transport_AbstractSmtpTransport->readGreeting()
#2 /var/www/kreasi-komunitas/vendor/swiftmailer/swiftmailer/lib/classes/Swift/Transport/SendmailTransport.php(50): Swift_Transport_AbstractSmtpTransport->start()
#3 /var/www/kreasi-komunitas/vendor/swiftmailer/swiftmailer/lib/classes/Swift/Mailer.php(65): Swift_Transport_SendmailTransport->start()
#4 /var/www/kreasi-komunitas/vendor/illuminate/mail/Mailer.php(521): Swift_Mailer->send()
#5 /var/www/kreasi-komunitas/vendor/illuminate/mail/Mailer.php(288): Illuminate\Mail\Mailer->sendSwiftMessage()
#6 /var/www/kreasi-komunitas/vendor/illuminate/mail/Mailer.php(212): Illuminate\Mail\Mailer->send()
#7 /var/www/kreasi-komunitas/vendor/flarum/core/src/Mail/Job/SendRawEmailJob.php(31): Illuminate\Mail\Mailer->raw()
#8 /var/www/kreasi-komunitas/vendor/illuminate/container/BoundMethod.php(36): Flarum\Mail\Job\SendRawEmailJob->handle()
#9 /var/www/kreasi-komunitas/vendor/illuminate/container/Util.php(40): Illuminate\Container\BoundMethod::Illuminate\Container\{closure}()
#10 /var/www/kreasi-komunitas/vendor/illuminate/container/BoundMethod.php(93): Illuminate\Container\Util::unwrapIfClosure()
#11 /var/www/kreasi-komunitas/vendor/illuminate/container/BoundMethod.php(35): Illuminate\Container\BoundMethod::callBoundMethod()
#12 /var/www/kreasi-komunitas/vendor/illuminate/container/Container.php(653): Illuminate\Container\BoundMethod::call()
#13 /var/www/kreasi-komunitas/vendor/illuminate/bus/Dispatcher.php(128): Illuminate\Container\Container->call()
#14 /var/www/kreasi-komunitas/vendor/illuminate/pipeline/Pipeline.php(128): Illuminate\Bus\Dispatcher->Illuminate\Bus\{closure}()
#15 /var/www/kreasi-komunitas/vendor/illuminate/pipeline/Pipeline.php(103): Illuminate\Pipeline\Pipeline->Illuminate\Pipeline\{closure}()
#16 /var/www/kreasi-komunitas/vendor/illuminate/bus/Dispatcher.php(132): Illuminate\Pipeline\Pipeline->then()
#17 /var/www/kreasi-komunitas/vendor/illuminate/queue/CallQueuedHandler.php(119): Illuminate\Bus\Dispatcher->dispatchNow()
#18 /var/www/kreasi-komunitas/vendor/illuminate/pipeline/Pipeline.php(128): Illuminate\Queue\CallQueuedHandler->Illuminate\Queue\{closure}()
#19 /var/www/kreasi-komunitas/vendor/illuminate/pipeline/Pipeline.php(103): Illuminate\Pipeline\Pipeline->Illuminate\Pipeline\{closure}()
#20 /var/www/kreasi-komunitas/vendor/illuminate/queue/CallQueuedHandler.php(118): Illuminate\Pipeline\Pipeline->then()
#21 /var/www/kreasi-komunitas/vendor/illuminate/queue/CallQueuedHandler.php(70): Illuminate\Queue\CallQueuedHandler->dispatchThroughMiddleware()
#22 /var/www/kreasi-komunitas/vendor/illuminate/queue/Jobs/Job.php(98): Illuminate\Queue\CallQueuedHandler->call()
#23 /var/www/kreasi-komunitas/vendor/illuminate/queue/SyncQueue.php(43): Illuminate\Queue\Jobs\Job->fire()
#24 /var/www/kreasi-komunitas/vendor/flarum/core/src/User/AccountActivationMailerTrait.php(54): Illuminate\Queue\SyncQueue->push()
#25 /var/www/kreasi-komunitas/vendor/flarum/core/src/Api/Controller/SendConfirmationEmailController.php(80): Flarum\Api\Controller\SendConfirmationEmailController->sendConfirmationEmail()
#26 /var/www/kreasi-komunitas/vendor/flarum/core/src/Http/RouteHandlerFactory.php(41): Flarum\Api\Controller\SendConfirmationEmailController->handle()
#27 /var/www/kreasi-komunitas/vendor/flarum/core/src/Http/Middleware/ExecuteRoute.php(27): Flarum\Http\RouteHandlerFactory->Flarum\Http\{closure}()
#28 /var/www/kreasi-komunitas/vendor/laminas/laminas-stratigility/src/Next.php(49): Flarum\Http\Middleware\ExecuteRoute->process()
#29 /var/www/kreasi-komunitas/vendor/flarum/core/src/Api/Middleware/ThrottleApi.php(33): Laminas\Stratigility\Next->handle()
#30 /var/www/kreasi-komunitas/vendor/laminas/laminas-stratigility/src/Next.php(49): Flarum\Api\Middleware\ThrottleApi->process()
#31 /var/www/kreasi-komunitas/vendor/flarum/core/src/Http/Middleware/CheckCsrfToken.php(44): Laminas\Stratigility\Next->handle()
#32 /var/www/kreasi-komunitas/vendor/laminas/laminas-stratigility/src/Next.php(49): Flarum\Http\Middleware\CheckCsrfToken->process()
#33 /var/www/kreasi-komunitas/vendor/flarum/core/src/Http/Middleware/ResolveRoute.php(69): Laminas\Stratigility\Next->handle()
#34 /var/www/kreasi-komunitas/vendor/laminas/laminas-stratigility/src/Next.php(49): Flarum\Http\Middleware\ResolveRoute->process()
#35 /var/www/kreasi-komunitas/vendor/flarum/core/src/Http/Middleware/SetLocale.php(51): Laminas\Stratigility\Next->handle()
#36 /var/www/kreasi-komunitas/vendor/laminas/laminas-stratigility/src/Next.php(49): Flarum\Http\Middleware\SetLocale->process()
#37 /var/www/kreasi-komunitas/vendor/flarum/core/src/Http/Middleware/AuthenticateWithHeader.php(58): Laminas\Stratigility\Next->handle()
#38 /var/www/kreasi-komunitas/vendor/laminas/laminas-stratigility/src/Next.php(49): Flarum\Http\Middleware\AuthenticateWithHeader->process()
#39 /var/www/kreasi-komunitas/vendor/flarum/core/src/Http/Middleware/AuthenticateWithSession.php(31): Laminas\Stratigility\Next->handle()
#40 /var/www/kreasi-komunitas/vendor/laminas/laminas-stratigility/src/Next.php(49): Flarum\Http\Middleware\AuthenticateWithSession->process()
#41 /var/www/kreasi-komunitas/vendor/flarum/core/src/Http/Middleware/RememberFromCookie.php(52): Laminas\Stratigility\Next->handle()
#42 /var/www/kreasi-komunitas/vendor/laminas/laminas-stratigility/src/Next.php(49): Flarum\Http\Middleware\RememberFromCookie->process()
#43 /var/www/kreasi-komunitas/vendor/flarum/core/src/Http/Middleware/StartSession.php(61): Laminas\Stratigility\Next->handle()
#44 /var/www/kreasi-komunitas/vendor/laminas/laminas-stratigility/src/Next.php(49): Flarum\Http\Middleware\StartSession->process()
#45 /var/www/kreasi-komunitas/vendor/flarum/core/src/Api/Middleware/FakeHttpMethods.php(29): Laminas\Stratigility\Next->handle()
#46 /var/www/kreasi-komunitas/vendor/laminas/laminas-stratigility/src/Next.php(49): Flarum\Api\Middleware\FakeHttpMethods->process()
#47 /var/www/kreasi-komunitas/vendor/flarum/core/src/Http/Middleware/ParseJsonBody.php(28): Laminas\Stratigility\Next->handle()
#48 /var/www/kreasi-komunitas/vendor/laminas/laminas-stratigility/src/Next.php(49): Flarum\Http\Middleware\ParseJsonBody->process()
#49 /var/www/kreasi-komunitas/vendor/flarum/core/src/Http/Middleware/HandleErrors.php(57): Laminas\Stratigility\Next->handle()
#50 /var/www/kreasi-komunitas/vendor/laminas/laminas-stratigility/src/Next.php(49): Flarum\Http\Middleware\HandleErrors->process()
#51 /var/www/kreasi-komunitas/vendor/flarum/core/src/Http/Middleware/InjectActorReference.php(25): Laminas\Stratigility\Next->handle()
#52 /var/www/kreasi-komunitas/vendor/laminas/laminas-stratigility/src/Next.php(49): Flarum\Http\Middleware\InjectActorReference->process()
#53 /var/www/kreasi-komunitas/vendor/laminas/laminas-stratigility/src/MiddlewarePipe.php(75): Laminas\Stratigility\Next->handle()
#54 /var/www/kreasi-komunitas/vendor/middlewares/request-handler/src/RequestHandler.php(84): Laminas\Stratigility\MiddlewarePipe->process()
#55 /var/www/kreasi-komunitas/vendor/laminas/laminas-stratigility/src/Next.php(49): Middlewares\RequestHandler->process()
#56 /var/www/kreasi-komunitas/vendor/middlewares/base-path-router/src/BasePathRouter.php(99): Laminas\Stratigility\Next->handle()
#57 /var/www/kreasi-komunitas/vendor/laminas/laminas-stratigility/src/Next.php(49): Middlewares\BasePathRouter->process()
#58 /var/www/kreasi-komunitas/vendor/laminas/laminas-stratigility/src/Middleware/OriginalMessages.php(36): Laminas\Stratigility\Next->handle()
#59 /var/www/kreasi-komunitas/vendor/laminas/laminas-stratigility/src/Next.php(49): Laminas\Stratigility\Middleware\OriginalMessages->process()
#60 /var/www/kreasi-komunitas/vendor/middlewares/base-path/src/BasePath.php(73): Laminas\Stratigility\Next->handle()
#61 /var/www/kreasi-komunitas/vendor/laminas/laminas-stratigility/src/Next.php(49): Middlewares\BasePath->process()
#62 /var/www/kreasi-komunitas/vendor/flarum/core/src/Http/Middleware/ProcessIp.php(24): Laminas\Stratigility\Next->handle()
#63 /var/www/kreasi-komunitas/vendor/laminas/laminas-stratigility/src/Next.php(49): Flarum\Http\Middleware\ProcessIp->process()
#64 /var/www/kreasi-komunitas/vendor/laminas/laminas-stratigility/src/MiddlewarePipe.php(75): Laminas\Stratigility\Next->handle()
#65 /var/www/kreasi-komunitas/vendor/laminas/laminas-stratigility/src/MiddlewarePipe.php(64): Laminas\Stratigility\MiddlewarePipe->process()
#66 /var/www/kreasi-komunitas/vendor/laminas/laminas-httphandlerrunner/src/RequestHandlerRunner.php(73): Laminas\Stratigility\MiddlewarePipe->handle()
#67 /var/www/kreasi-komunitas/vendor/flarum/core/src/Http/Server.php(45): Laminas\HttpHandlerRunner\RequestHandlerRunner->run()
#68 /var/www/kreasi-komunitas/public/index.php(26): Flarum\Http\Server->listen()
#69 {main}  
[2023-12-03 12:31:15] flarum.ERROR: Swift_TransportException: Expected response code 220 but got an empty response in /var/www/kreasi-komunitas/vendor/swiftmailer/swiftmailer/lib/classes/Swift/Transport/AbstractSmtpTransport.php:447
Stack trace:
#0 /var/www/kreasi-komunitas/vendor/swiftmailer/swiftmailer/lib/classes/Swift/Transport/AbstractSmtpTransport.php(360): Swift_Transport_AbstractSmtpTransport->assertResponseCode()
#1 /var/www/kreasi-komunitas/vendor/swiftmailer/swiftmailer/lib/classes/Swift/Transport/AbstractSmtpTransport.php(147): Swift_Transport_AbstractSmtpTransport->readGreeting()
#2 /var/www/kreasi-komunitas/vendor/swiftmailer/swiftmailer/lib/classes/Swift/Transport/SendmailTransport.php(50): Swift_Transport_AbstractSmtpTransport->start()
#3 /var/www/kreasi-komunitas/vendor/swiftmailer/swiftmailer/lib/classes/Swift/Mailer.php(65): Swift_Transport_SendmailTransport->start()
#4 /var/www/kreasi-komunitas/vendor/illuminate/mail/Mailer.php(521): Swift_Mailer->send()
#5 /var/www/kreasi-komunitas/vendor/illuminate/mail/Mailer.php(288): Illuminate\Mail\Mailer->sendSwiftMessage()
#6 /var/www/kreasi-komunitas/vendor/illuminate/mail/Mailer.php(212): Illuminate\Mail\Mailer->send()
#7 /var/www/kreasi-komunitas/vendor/flarum/core/src/Mail/Job/SendRawEmailJob.php(31): Illuminate\Mail\Mailer->raw()
#8 /var/www/kreasi-komunitas/vendor/illuminate/container/BoundMethod.php(36): Flarum\Mail\Job\SendRawEmailJob->handle()
#9 /var/www/kreasi-komunitas/vendor/illuminate/container/Util.php(40): Illuminate\Container\BoundMethod::Illuminate\Container\{closure}()
#10 /var/www/kreasi-komunitas/vendor/illuminate/container/BoundMethod.php(93): Illuminate\Container\Util::unwrapIfClosure()
#11 /var/www/kreasi-komunitas/vendor/illuminate/container/BoundMethod.php(35): Illuminate\Container\BoundMethod::callBoundMethod()
#12 /var/www/kreasi-komunitas/vendor/illuminate/container/Container.php(653): Illuminate\Container\BoundMethod::call()
#13 /var/www/kreasi-komunitas/vendor/illuminate/bus/Dispatcher.php(128): Illuminate\Container\Container->call()
#14 /var/www/kreasi-komunitas/vendor/illuminate/pipeline/Pipeline.php(128): Illuminate\Bus\Dispatcher->Illuminate\Bus\{closure}()
#15 /var/www/kreasi-komunitas/vendor/illuminate/pipeline/Pipeline.php(103): Illuminate\Pipeline\Pipeline->Illuminate\Pipeline\{closure}()
#16 /var/www/kreasi-komunitas/vendor/illuminate/bus/Dispatcher.php(132): Illuminate\Pipeline\Pipeline->then()
#17 /var/www/kreasi-komunitas/vendor/illuminate/queue/CallQueuedHandler.php(119): Illuminate\Bus\Dispatcher->dispatchNow()
#18 /var/www/kreasi-komunitas/vendor/illuminate/pipeline/Pipeline.php(128): Illuminate\Queue\CallQueuedHandler->Illuminate\Queue\{closure}()
#19 /var/www/kreasi-komunitas/vendor/illuminate/pipeline/Pipeline.php(103): Illuminate\Pipeline\Pipeline->Illuminate\Pipeline\{closure}()
#20 /var/www/kreasi-komunitas/vendor/illuminate/queue/CallQueuedHandler.php(118): Illuminate\Pipeline\Pipeline->then()
#21 /var/www/kreasi-komunitas/vendor/illuminate/queue/CallQueuedHandler.php(70): Illuminate\Queue\CallQueuedHandler->dispatchThroughMiddleware()
#22 /var/www/kreasi-komunitas/vendor/illuminate/queue/Jobs/Job.php(98): Illuminate\Queue\CallQueuedHandler->call()
#23 /var/www/kreasi-komunitas/vendor/illuminate/queue/SyncQueue.php(43): Illuminate\Queue\Jobs\Job->fire()
#24 /var/www/kreasi-komunitas/vendor/flarum/core/src/User/AccountActivationMailerTrait.php(54): Illuminate\Queue\SyncQueue->push()
#25 /var/www/kreasi-komunitas/vendor/flarum/core/src/Api/Controller/SendConfirmationEmailController.php(80): Flarum\Api\Controller\SendConfirmationEmailController->sendConfirmationEmail()
#26 /var/www/kreasi-komunitas/vendor/flarum/core/src/Http/RouteHandlerFactory.php(41): Flarum\Api\Controller\SendConfirmationEmailController->handle()
#27 /var/www/kreasi-komunitas/vendor/flarum/core/src/Http/Middleware/ExecuteRoute.php(27): Flarum\Http\RouteHandlerFactory->Flarum\Http\{closure}()
#28 /var/www/kreasi-komunitas/vendor/laminas/laminas-stratigility/src/Next.php(49): Flarum\Http\Middleware\ExecuteRoute->process()
#29 /var/www/kreasi-komunitas/vendor/flarum/core/src/Api/Middleware/ThrottleApi.php(33): Laminas\Stratigility\Next->handle()
#30 /var/www/kreasi-komunitas/vendor/laminas/laminas-stratigility/src/Next.php(49): Flarum\Api\Middleware\ThrottleApi->process()
#31 /var/www/kreasi-komunitas/vendor/flarum/core/src/Http/Middleware/CheckCsrfToken.php(44): Laminas\Stratigility\Next->handle()
#32 /var/www/kreasi-komunitas/vendor/laminas/laminas-stratigility/src/Next.php(49): Flarum\Http\Middleware\CheckCsrfToken->process()
#33 /var/www/kreasi-komunitas/vendor/flarum/core/src/Http/Middleware/ResolveRoute.php(69): Laminas\Stratigility\Next->handle()
#34 /var/www/kreasi-komunitas/vendor/laminas/laminas-stratigility/src/Next.php(49): Flarum\Http\Middleware\ResolveRoute->process()
#35 /var/www/kreasi-komunitas/vendor/flarum/core/src/Http/Middleware/SetLocale.php(51): Laminas\Stratigility\Next->handle()
#36 /var/www/kreasi-komunitas/vendor/laminas/laminas-stratigility/src/Next.php(49): Flarum\Http\Middleware\SetLocale->process()
#37 /var/www/kreasi-komunitas/vendor/flarum/core/src/Http/Middleware/AuthenticateWithHeader.php(58): Laminas\Stratigility\Next->handle()
#38 /var/www/kreasi-komunitas/vendor/laminas/laminas-stratigility/src/Next.php(49): Flarum\Http\Middleware\AuthenticateWithHeader->process()
#39 /var/www/kreasi-komunitas/vendor/flarum/core/src/Http/Middleware/AuthenticateWithSession.php(31): Laminas\Stratigility\Next->handle()
#40 /var/www/kreasi-komunitas/vendor/laminas/laminas-stratigility/src/Next.php(49): Flarum\Http\Middleware\AuthenticateWithSession->process()
#41 /var/www/kreasi-komunitas/vendor/flarum/core/src/Http/Middleware/RememberFromCookie.php(52): Laminas\Stratigility\Next->handle()
#42 /var/www/kreasi-komunitas/vendor/laminas/laminas-stratigility/src/Next.php(49): Flarum\Http\Middleware\RememberFromCookie->process()
#43 /var/www/kreasi-komunitas/vendor/flarum/core/src/Http/Middleware/StartSession.php(61): Laminas\Stratigility\Next->handle()
#44 /var/www/kreasi-komunitas/vendor/laminas/laminas-stratigility/src/Next.php(49): Flarum\Http\Middleware\StartSession->process()
#45 /var/www/kreasi-komunitas/vendor/flarum/core/src/Api/Middleware/FakeHttpMethods.php(29): Laminas\Stratigility\Next->handle()
#46 /var/www/kreasi-komunitas/vendor/laminas/laminas-stratigility/src/Next.php(49): Flarum\Api\Middleware\FakeHttpMethods->process()
#47 /var/www/kreasi-komunitas/vendor/flarum/core/src/Http/Middleware/ParseJsonBody.php(28): Laminas\Stratigility\Next->handle()
#48 /var/www/kreasi-komunitas/vendor/laminas/laminas-stratigility/src/Next.php(49): Flarum\Http\Middleware\ParseJsonBody->process()
#49 /var/www/kreasi-komunitas/vendor/flarum/core/src/Http/Middleware/HandleErrors.php(57): Laminas\Stratigility\Next->handle()
#50 /var/www/kreasi-komunitas/vendor/laminas/laminas-stratigility/src/Next.php(49): Flarum\Http\Middleware\HandleErrors->process()
#51 /var/www/kreasi-komunitas/vendor/flarum/core/src/Http/Middleware/InjectActorReference.php(25): Laminas\Stratigility\Next->handle()
#52 /var/www/kreasi-komunitas/vendor/laminas/laminas-stratigility/src/Next.php(49): Flarum\Http\Middleware\InjectActorReference->process()
#53 /var/www/kreasi-komunitas/vendor/laminas/laminas-stratigility/src/MiddlewarePipe.php(75): Laminas\Stratigility\Next->handle()
#54 /var/www/kreasi-komunitas/vendor/middlewares/request-handler/src/RequestHandler.php(84): Laminas\Stratigility\MiddlewarePipe->process()
#55 /var/www/kreasi-komunitas/vendor/laminas/laminas-stratigility/src/Next.php(49): Middlewares\RequestHandler->process()
#56 /var/www/kreasi-komunitas/vendor/middlewares/base-path-router/src/BasePathRouter.php(99): Laminas\Stratigility\Next->handle()
#57 /var/www/kreasi-komunitas/vendor/laminas/laminas-stratigility/src/Next.php(49): Middlewares\BasePathRouter->process()
#58 /var/www/kreasi-komunitas/vendor/laminas/laminas-stratigility/src/Middleware/OriginalMessages.php(36): Laminas\Stratigility\Next->handle()
#59 /var/www/kreasi-komunitas/vendor/laminas/laminas-stratigility/src/Next.php(49): Laminas\Stratigility\Middleware\OriginalMessages->process()
#60 /var/www/kreasi-komunitas/vendor/middlewares/base-path/src/BasePath.php(73): Laminas\Stratigility\Next->handle()
#61 /var/www/kreasi-komunitas/vendor/laminas/laminas-stratigility/src/Next.php(49): Middlewares\BasePath->process()
#62 /var/www/kreasi-komunitas/vendor/flarum/core/src/Http/Middleware/ProcessIp.php(24): Laminas\Stratigility\Next->handle()
#63 /var/www/kreasi-komunitas/vendor/laminas/laminas-stratigility/src/Next.php(49): Flarum\Http\Middleware\ProcessIp->process()
#64 /var/www/kreasi-komunitas/vendor/laminas/laminas-stratigility/src/MiddlewarePipe.php(75): Laminas\Stratigility\Next->handle()
#65 /var/www/kreasi-komunitas/vendor/laminas/laminas-stratigility/src/MiddlewarePipe.php(64): Laminas\Stratigility\MiddlewarePipe->process()
#66 /var/www/kreasi-komunitas/vendor/laminas/laminas-httphandlerrunner/src/RequestHandlerRunner.php(73): Laminas\Stratigility\MiddlewarePipe->handle()
#67 /var/www/kreasi-komunitas/vendor/flarum/core/src/Http/Server.php(45): Laminas\HttpHandlerRunner\RequestHandlerRunner->run()
#68 /var/www/kreasi-komunitas/public/index.php(26): Flarum\Http\Server->listen()
#69 {main}  
[2023-12-03 12:44:52] flarum.ERROR: Swift_TransportException: Expected response code 220 but got an empty response in /var/www/kreasi-komunitas/vendor/swiftmailer/swiftmailer/lib/classes/Swift/Transport/AbstractSmtpTransport.php:447
Stack trace:
#0 /var/www/kreasi-komunitas/vendor/swiftmailer/swiftmailer/lib/classes/Swift/Transport/AbstractSmtpTransport.php(360): Swift_Transport_AbstractSmtpTransport->assertResponseCode()
#1 /var/www/kreasi-komunitas/vendor/swiftmailer/swiftmailer/lib/classes/Swift/Transport/AbstractSmtpTransport.php(147): Swift_Transport_AbstractSmtpTransport->readGreeting()
#2 /var/www/kreasi-komunitas/vendor/swiftmailer/swiftmailer/lib/classes/Swift/Mailer.php(65): Swift_Transport_AbstractSmtpTransport->start()
#3 /var/www/kreasi-komunitas/vendor/illuminate/mail/Mailer.php(521): Swift_Mailer->send()
#4 /var/www/kreasi-komunitas/vendor/illuminate/mail/Mailer.php(288): Illuminate\Mail\Mailer->sendSwiftMessage()
#5 /var/www/kreasi-komunitas/vendor/illuminate/mail/Mailer.php(212): Illuminate\Mail\Mailer->send()
#6 /var/www/kreasi-komunitas/vendor/flarum/core/src/Api/Controller/SendTestMailController.php(40): Illuminate\Mail\Mailer->raw()
#7 /var/www/kreasi-komunitas/vendor/flarum/core/src/Http/RouteHandlerFactory.php(41): Flarum\Api\Controller\SendTestMailController->handle()
#8 /var/www/kreasi-komunitas/vendor/flarum/core/src/Http/Middleware/ExecuteRoute.php(27): Flarum\Http\RouteHandlerFactory->Flarum\Http\{closure}()
#9 /var/www/kreasi-komunitas/vendor/laminas/laminas-stratigility/src/Next.php(49): Flarum\Http\Middleware\ExecuteRoute->process()
#10 /var/www/kreasi-komunitas/vendor/flarum/core/src/Api/Middleware/ThrottleApi.php(33): Laminas\Stratigility\Next->handle()
#11 /var/www/kreasi-komunitas/vendor/laminas/laminas-stratigility/src/Next.php(49): Flarum\Api\Middleware\ThrottleApi->process()
#12 /var/www/kreasi-komunitas/vendor/flarum/core/src/Http/Middleware/CheckCsrfToken.php(44): Laminas\Stratigility\Next->handle()
#13 /var/www/kreasi-komunitas/vendor/laminas/laminas-stratigility/src/Next.php(49): Flarum\Http\Middleware\CheckCsrfToken->process()
#14 /var/www/kreasi-komunitas/vendor/flarum/core/src/Http/Middleware/ResolveRoute.php(69): Laminas\Stratigility\Next->handle()
#15 /var/www/kreasi-komunitas/vendor/laminas/laminas-stratigility/src/Next.php(49): Flarum\Http\Middleware\ResolveRoute->process()
#16 /var/www/kreasi-komunitas/vendor/flarum/core/src/Http/Middleware/SetLocale.php(51): Laminas\Stratigility\Next->handle()
#17 /var/www/kreasi-komunitas/vendor/laminas/laminas-stratigility/src/Next.php(49): Flarum\Http\Middleware\SetLocale->process()
#18 /var/www/kreasi-komunitas/vendor/flarum/core/src/Http/Middleware/AuthenticateWithHeader.php(58): Laminas\Stratigility\Next->handle()
#19 /var/www/kreasi-komunitas/vendor/laminas/laminas-stratigility/src/Next.php(49): Flarum\Http\Middleware\AuthenticateWithHeader->process()
#20 /var/www/kreasi-komunitas/vendor/flarum/core/src/Http/Middleware/AuthenticateWithSession.php(31): Laminas\Stratigility\Next->handle()
#21 /var/www/kreasi-komunitas/vendor/laminas/laminas-stratigility/src/Next.php(49): Flarum\Http\Middleware\AuthenticateWithSession->process()
#22 /var/www/kreasi-komunitas/vendor/flarum/core/src/Http/Middleware/RememberFromCookie.php(52): Laminas\Stratigility\Next->handle()
#23 /var/www/kreasi-komunitas/vendor/laminas/laminas-stratigility/src/Next.php(49): Flarum\Http\Middleware\RememberFromCookie->process()
#24 /var/www/kreasi-komunitas/vendor/flarum/core/src/Http/Middleware/StartSession.php(61): Laminas\Stratigility\Next->handle()
#25 /var/www/kreasi-komunitas/vendor/laminas/laminas-stratigility/src/Next.php(49): Flarum\Http\Middleware\StartSession->process()
#26 /var/www/kreasi-komunitas/vendor/flarum/core/src/Api/Middleware/FakeHttpMethods.php(29): Laminas\Stratigility\Next->handle()
#27 /var/www/kreasi-komunitas/vendor/laminas/laminas-stratigility/src/Next.php(49): Flarum\Api\Middleware\FakeHttpMethods->process()
#28 /var/www/kreasi-komunitas/vendor/flarum/core/src/Http/Middleware/ParseJsonBody.php(28): Laminas\Stratigility\Next->handle()
#29 /var/www/kreasi-komunitas/vendor/laminas/laminas-stratigility/src/Next.php(49): Flarum\Http\Middleware\ParseJsonBody->process()
#30 /var/www/kreasi-komunitas/vendor/flarum/core/src/Http/Middleware/HandleErrors.php(57): Laminas\Stratigility\Next->handle()
#31 /var/www/kreasi-komunitas/vendor/laminas/laminas-stratigility/src/Next.php(49): Flarum\Http\Middleware\HandleErrors->process()
#32 /var/www/kreasi-komunitas/vendor/flarum/core/src/Http/Middleware/InjectActorReference.php(25): Laminas\Stratigility\Next->handle()
#33 /var/www/kreasi-komunitas/vendor/laminas/laminas-stratigility/src/Next.php(49): Flarum\Http\Middleware\InjectActorReference->process()
#34 /var/www/kreasi-komunitas/vendor/laminas/laminas-stratigility/src/MiddlewarePipe.php(75): Laminas\Stratigility\Next->handle()
#35 /var/www/kreasi-komunitas/vendor/middlewares/request-handler/src/RequestHandler.php(84): Laminas\Stratigility\MiddlewarePipe->process()
#36 /var/www/kreasi-komunitas/vendor/laminas/laminas-stratigility/src/Next.php(49): Middlewares\RequestHandler->process()
#37 /var/www/kreasi-komunitas/vendor/middlewares/base-path-router/src/BasePathRouter.php(99): Laminas\Stratigility\Next->handle()
#38 /var/www/kreasi-komunitas/vendor/laminas/laminas-stratigility/src/Next.php(49): Middlewares\BasePathRouter->process()
#39 /var/www/kreasi-komunitas/vendor/laminas/laminas-stratigility/src/Middleware/OriginalMessages.php(36): Laminas\Stratigility\Next->handle()
#40 /var/www/kreasi-komunitas/vendor/laminas/laminas-stratigility/src/Next.php(49): Laminas\Stratigility\Middleware\OriginalMessages->process()
#41 /var/www/kreasi-komunitas/vendor/middlewares/base-path/src/BasePath.php(73): Laminas\Stratigility\Next->handle()
#42 /var/www/kreasi-komunitas/vendor/laminas/laminas-stratigility/src/Next.php(49): Middlewares\BasePath->process()
#43 /var/www/kreasi-komunitas/vendor/flarum/core/src/Http/Middleware/ProcessIp.php(24): Laminas\Stratigility\Next->handle()
#44 /var/www/kreasi-komunitas/vendor/laminas/laminas-stratigility/src/Next.php(49): Flarum\Http\Middleware\ProcessIp->process()
#45 /var/www/kreasi-komunitas/vendor/laminas/laminas-stratigility/src/MiddlewarePipe.php(75): Laminas\Stratigility\Next->handle()
#46 /var/www/kreasi-komunitas/vendor/laminas/laminas-stratigility/src/MiddlewarePipe.php(64): Laminas\Stratigility\MiddlewarePipe->process()
#47 /var/www/kreasi-komunitas/vendor/laminas/laminas-httphandlerrunner/src/RequestHandlerRunner.php(73): Laminas\Stratigility\MiddlewarePipe->handle()
#48 /var/www/kreasi-komunitas/vendor/flarum/core/src/Http/Server.php(45): Laminas\HttpHandlerRunner\RequestHandlerRunner->run()
#49 /var/www/kreasi-komunitas/public/index.php(26): Flarum\Http\Server->listen()
#50 {main}  
[2023-12-03 12:45:51] flarum.ERROR: Swift_TransportException: Expected response code 220 but got an empty response in /var/www/kreasi-komunitas/vendor/swiftmailer/swiftmailer/lib/classes/Swift/Transport/AbstractSmtpTransport.php:447
Stack trace:
#0 /var/www/kreasi-komunitas/vendor/swiftmailer/swiftmailer/lib/classes/Swift/Transport/AbstractSmtpTransport.php(360): Swift_Transport_AbstractSmtpTransport->assertResponseCode()
#1 /var/www/kreasi-komunitas/vendor/swiftmailer/swiftmailer/lib/classes/Swift/Transport/AbstractSmtpTransport.php(147): Swift_Transport_AbstractSmtpTransport->readGreeting()
#2 /var/www/kreasi-komunitas/vendor/swiftmailer/swiftmailer/lib/classes/Swift/Mailer.php(65): Swift_Transport_AbstractSmtpTransport->start()
#3 /var/www/kreasi-komunitas/vendor/illuminate/mail/Mailer.php(521): Swift_Mailer->send()
#4 /var/www/kreasi-komunitas/vendor/illuminate/mail/Mailer.php(288): Illuminate\Mail\Mailer->sendSwiftMessage()
#5 /var/www/kreasi-komunitas/vendor/illuminate/mail/Mailer.php(212): Illuminate\Mail\Mailer->send()
#6 /var/www/kreasi-komunitas/vendor/flarum/core/src/Api/Controller/SendTestMailController.php(40): Illuminate\Mail\Mailer->raw()
#7 /var/www/kreasi-komunitas/vendor/flarum/core/src/Http/RouteHandlerFactory.php(41): Flarum\Api\Controller\SendTestMailController->handle()
#8 /var/www/kreasi-komunitas/vendor/flarum/core/src/Http/Middleware/ExecuteRoute.php(27): Flarum\Http\RouteHandlerFactory->Flarum\Http\{closure}()
#9 /var/www/kreasi-komunitas/vendor/laminas/laminas-stratigility/src/Next.php(49): Flarum\Http\Middleware\ExecuteRoute->process()
#10 /var/www/kreasi-komunitas/vendor/flarum/core/src/Api/Middleware/ThrottleApi.php(33): Laminas\Stratigility\Next->handle()
#11 /var/www/kreasi-komunitas/vendor/laminas/laminas-stratigility/src/Next.php(49): Flarum\Api\Middleware\ThrottleApi->process()
#12 /var/www/kreasi-komunitas/vendor/flarum/core/src/Http/Middleware/CheckCsrfToken.php(44): Laminas\Stratigility\Next->handle()
#13 /var/www/kreasi-komunitas/vendor/laminas/laminas-stratigility/src/Next.php(49): Flarum\Http\Middleware\CheckCsrfToken->process()
#14 /var/www/kreasi-komunitas/vendor/flarum/core/src/Http/Middleware/ResolveRoute.php(69): Laminas\Stratigility\Next->handle()
#15 /var/www/kreasi-komunitas/vendor/laminas/laminas-stratigility/src/Next.php(49): Flarum\Http\Middleware\ResolveRoute->process()
#16 /var/www/kreasi-komunitas/vendor/flarum/core/src/Http/Middleware/SetLocale.php(51): Laminas\Stratigility\Next->handle()
#17 /var/www/kreasi-komunitas/vendor/laminas/laminas-stratigility/src/Next.php(49): Flarum\Http\Middleware\SetLocale->process()
#18 /var/www/kreasi-komunitas/vendor/flarum/core/src/Http/Middleware/AuthenticateWithHeader.php(58): Laminas\Stratigility\Next->handle()
#19 /var/www/kreasi-komunitas/vendor/laminas/laminas-stratigility/src/Next.php(49): Flarum\Http\Middleware\AuthenticateWithHeader->process()
#20 /var/www/kreasi-komunitas/vendor/flarum/core/src/Http/Middleware/AuthenticateWithSession.php(31): Laminas\Stratigility\Next->handle()
#21 /var/www/kreasi-komunitas/vendor/laminas/laminas-stratigility/src/Next.php(49): Flarum\Http\Middleware\AuthenticateWithSession->process()
#22 /var/www/kreasi-komunitas/vendor/flarum/core/src/Http/Middleware/RememberFromCookie.php(52): Laminas\Stratigility\Next->handle()
#23 /var/www/kreasi-komunitas/vendor/laminas/laminas-stratigility/src/Next.php(49): Flarum\Http\Middleware\RememberFromCookie->process()
#24 /var/www/kreasi-komunitas/vendor/flarum/core/src/Http/Middleware/StartSession.php(61): Laminas\Stratigility\Next->handle()
#25 /var/www/kreasi-komunitas/vendor/laminas/laminas-stratigility/src/Next.php(49): Flarum\Http\Middleware\StartSession->process()
#26 /var/www/kreasi-komunitas/vendor/flarum/core/src/Api/Middleware/FakeHttpMethods.php(29): Laminas\Stratigility\Next->handle()
#27 /var/www/kreasi-komunitas/vendor/laminas/laminas-stratigility/src/Next.php(49): Flarum\Api\Middleware\FakeHttpMethods->process()
#28 /var/www/kreasi-komunitas/vendor/flarum/core/src/Http/Middleware/ParseJsonBody.php(28): Laminas\Stratigility\Next->handle()
#29 /var/www/kreasi-komunitas/vendor/laminas/laminas-stratigility/src/Next.php(49): Flarum\Http\Middleware\ParseJsonBody->process()
#30 /var/www/kreasi-komunitas/vendor/flarum/core/src/Http/Middleware/HandleErrors.php(57): Laminas\Stratigility\Next->handle()
#31 /var/www/kreasi-komunitas/vendor/laminas/laminas-stratigility/src/Next.php(49): Flarum\Http\Middleware\HandleErrors->process()
#32 /var/www/kreasi-komunitas/vendor/flarum/core/src/Http/Middleware/InjectActorReference.php(25): Laminas\Stratigility\Next->handle()
#33 /var/www/kreasi-komunitas/vendor/laminas/laminas-stratigility/src/Next.php(49): Flarum\Http\Middleware\InjectActorReference->process()
#34 /var/www/kreasi-komunitas/vendor/laminas/laminas-stratigility/src/MiddlewarePipe.php(75): Laminas\Stratigility\Next->handle()
#35 /var/www/kreasi-komunitas/vendor/middlewares/request-handler/src/RequestHandler.php(84): Laminas\Stratigility\MiddlewarePipe->process()
#36 /var/www/kreasi-komunitas/vendor/laminas/laminas-stratigility/src/Next.php(49): Middlewares\RequestHandler->process()
#37 /var/www/kreasi-komunitas/vendor/middlewares/base-path-router/src/BasePathRouter.php(99): Laminas\Stratigility\Next->handle()
#38 /var/www/kreasi-komunitas/vendor/laminas/laminas-stratigility/src/Next.php(49): Middlewares\BasePathRouter->process()
#39 /var/www/kreasi-komunitas/vendor/laminas/laminas-stratigility/src/Middleware/OriginalMessages.php(36): Laminas\Stratigility\Next->handle()
#40 /var/www/kreasi-komunitas/vendor/laminas/laminas-stratigility/src/Next.php(49): Laminas\Stratigility\Middleware\OriginalMessages->process()
#41 /var/www/kreasi-komunitas/vendor/middlewares/base-path/src/BasePath.php(73): Laminas\Stratigility\Next->handle()
#42 /var/www/kreasi-komunitas/vendor/laminas/laminas-stratigility/src/Next.php(49): Middlewares\BasePath->process()
#43 /var/www/kreasi-komunitas/vendor/flarum/core/src/Http/Middleware/ProcessIp.php(24): Laminas\Stratigility\Next->handle()
#44 /var/www/kreasi-komunitas/vendor/laminas/laminas-stratigility/src/Next.php(49): Flarum\Http\Middleware\ProcessIp->process()
#45 /var/www/kreasi-komunitas/vendor/laminas/laminas-stratigility/src/MiddlewarePipe.php(75): Laminas\Stratigility\Next->handle()
#46 /var/www/kreasi-komunitas/vendor/laminas/laminas-stratigility/src/MiddlewarePipe.php(64): Laminas\Stratigility\MiddlewarePipe->process()
#47 /var/www/kreasi-komunitas/vendor/laminas/laminas-httphandlerrunner/src/RequestHandlerRunner.php(73): Laminas\Stratigility\MiddlewarePipe->handle()
#48 /var/www/kreasi-komunitas/vendor/flarum/core/src/Http/Server.php(45): Laminas\HttpHandlerRunner\RequestHandlerRunner->run()
#49 /var/www/kreasi-komunitas/public/index.php(26): Flarum\Http\Server->listen()
#50 {main}  
