[2024-01-22 02:54:47] composer.INFO: require "flarum-lang/indonesian:*" -W
D:\Syahravi\Public\Apps\Laravel\kreasi-komunitas/composer.json has been updated
Running composer update flarum-lang/indonesian --with-all-dependencies
Loading composer repositories with package information
Updating dependencies
Lock file operations: 1 install, 17 updates, 1 removal
  - Removing laminas/laminas-zendframework-bridge (1.6.1)
  - Upgrading brick/math (0.9.3 => 0.11.0)
  - Locking flarum-lang/indonesian (1.15.0)
  - Upgrading laminas/laminas-diactoros (2.17.0 => 2.26.0)
  - Upgrading laminas/laminas-escaper (2.12.0 => 2.13.0)
  - Upgrading laminas/laminas-httphandlerrunner (1.5.0 => 2.10.0)
  - Upgrading laminas/laminas-stratigility (3.8.0 => 3.11.0)
  - Upgrading nette/schema (v1.2.5 => v1.3.0)
  - Upgrading nette/utils (v3.2.10 => v4.0.4)
  - Upgrading ramsey/collection (1.3.0 => 2.0.0)
  - Upgrading ramsey/uuid (4.2.3 => 4.7.5)
  - Upgrading s9e/sweetdom (2.1.0.1 => 2.1.2)
  - Upgrading s9e/text-formatter (2.13.1 => 2.14.3)
  - Upgrading symfony/css-selector (v5.4.26 => v7.0.0)
  - Upgrading symfony/deprecation-contracts (v2.5.2 => v3.4.0)
  - Upgrading symfony/event-dispatcher-contracts (v2.5.2 => v3.4.0)
  - Upgrading symfony/filesystem (v5.4.25 => v6.4.0)
  - Upgrading symfony/service-contracts (v2.5.2 => v3.4.1)
  - Upgrading symfony/string (v5.4.34 => v6.4.2)
Writing lock file
Installing dependencies from lock file (including require-dev)
Package operations: 1 install, 17 updates, 1 removal
  - Downloading symfony/deprecation-contracts (v3.4.0)
  - Downloading symfony/event-dispatcher-contracts (v3.4.0)
  - Downloading symfony/string (v6.4.2)
  - Downloading symfony/service-contracts (v3.4.1)
  - Downloading symfony/filesystem (v6.4.0)
  - Downloading s9e/sweetdom (2.1.2)
  - Downloading s9e/text-formatter (2.14.3)
  - Downloading laminas/laminas-escaper (2.13.0)
  - Downloading laminas/laminas-stratigility (3.11.0)
  - Downloading laminas/laminas-diactoros (2.26.0)
  - Downloading laminas/laminas-httphandlerrunner (2.10.0)
  - Downloading ramsey/collection (2.0.0)
  - Downloading brick/math (0.11.0)
  - Downloading ramsey/uuid (4.7.5)
  - Downloading symfony/css-selector (v7.0.0)
  - Downloading nette/utils (v4.0.4)
  - Downloading nette/schema (v1.3.0)
  - Downloading flarum-lang/indonesian (1.15.0)
  0/18 [>---------------------------]   0%
  4/18 [======>---------------------]  22%
  8/18 [============>---------------]  44%
 10/18 [===============>------------]  55%
 12/18 [==================>---------]  66%
 14/18 [=====================>------]  77%
 15/18 [=======================>----]  83%
 17/18 [==========================>-]  94%
 18/18 [============================] 100%
  - Removing laminas/laminas-zendframework-bridge (1.6.1)
  - Upgrading symfony/deprecation-contracts (v2.5.2 => v3.4.0): Extracting archive
  - Upgrading symfony/event-dispatcher-contracts (v2.5.2 => v3.4.0): Extracting archive
  - Upgrading symfony/string (v5.4.34 => v6.4.2): Extracting archive
  - Upgrading symfony/service-contracts (v2.5.2 => v3.4.1): Extracting archive
  - Upgrading symfony/filesystem (v5.4.25 => v6.4.0): Extracting archive
  - Upgrading s9e/sweetdom (2.1.0.1 => 2.1.2): Extracting archive
  - Upgrading s9e/text-formatter (2.13.1 => 2.14.3): Extracting archive
  - Upgrading laminas/laminas-escaper (2.12.0 => 2.13.0): Extracting archive
  - Upgrading laminas/laminas-stratigility (3.8.0 => 3.11.0): Extracting archive
  - Upgrading laminas/laminas-diactoros (2.17.0 => 2.26.0): Extracting archive
  - Upgrading laminas/laminas-httphandlerrunner (1.5.0 => 2.10.0): Extracting archive
  - Upgrading ramsey/collection (1.3.0 => 2.0.0): Extracting archive
  - Upgrading brick/math (0.9.3 => 0.11.0): Extracting archive
  - Upgrading ramsey/uuid (4.2.3 => 4.7.5): Extracting archive
  - Upgrading symfony/css-selector (v5.4.26 => v7.0.0): Extracting archive
  - Upgrading nette/utils (v3.2.10 => v4.0.4): Extracting archive
  - Upgrading nette/schema (v1.2.5 => v1.3.0): Extracting archive
  - Installing flarum-lang/indonesian (1.15.0): Extracting archive
  0/18 [>---------------------------]   0%
  7/18 [==========>-----------------]  38%
  8/18 [============>---------------]  44%
  9/18 [==============>-------------]  50%
 16/18 [========================>---]  88%
 17/18 [==========================>-]  94%
 18/18 [============================] 100%
<warning>Package swiftmailer/swiftmailer is abandoned, you should avoid using it. Use symfony/mailer instead.</warning>
Generating autoload files
87 packages you are using are looking for funding.
Use the `composer fund` command to find out more!
No security vulnerability advisories found.
  
