[2024-02-01 03:48:11] composer.INFO: require "clarkwinkelmann/flarum-ext-reset-preferences:*" -W
D:\Syahravi\Public\Apps\Laravel\kreasi-komunitas/composer.json has been updated
Running composer update clarkwinkelmann/flarum-ext-reset-preferences --with-all-dependencies
Loading composer repositories with package information
Updating dependencies
Lock file operations: 1 install, 15 updates, 0 removals
  - Locking clarkwinkelmann/flarum-ext-reset-preferences (1.0.0)
  - Upgrading doctrine/deprecations (1.1.2 => 1.1.3)
  - Upgrading league/mime-type-detection (1.14.0 => 1.15.0)
  - Upgrading nesbot/carbon (2.72.1 => 2.72.3)
  - Upgrading symfony/config (v5.4.31 => v5.4.35)
  - Upgrading symfony/console (v5.4.34 => v5.4.35)
  - Upgrading symfony/css-selector (v7.0.0 => v7.0.3)
  - Upgrading symfony/event-dispatcher (v5.4.34 => v5.4.35)
  - Upgrading symfony/filesystem (v6.4.0 => v6.4.3)
  - Upgrading symfony/finder (v5.4.27 => v5.4.35)
  - Upgrading symfony/http-foundation (v5.4.34 => v5.4.35)
  - Upgrading symfony/mime (v5.4.26 => v5.4.35)
  - Upgrading symfony/process (v5.4.34 => v5.4.35)
  - Upgrading symfony/string (v6.4.2 => v6.4.3)
  - Upgrading symfony/translation (v5.4.31 => v5.4.35)
  - Upgrading symfony/yaml (v5.4.31 => v5.4.35)
Writing lock file
Installing dependencies from lock file (including require-dev)
Package operations: 1 install, 15 updates, 0 removals
  - Downloading symfony/yaml (v5.4.35)
  - Downloading symfony/translation (v5.4.35)
  - Downloading symfony/mime (v5.4.35)
  - Downloading symfony/event-dispatcher (v5.4.35)
  - Downloading symfony/string (v6.4.3)
  - Downloading symfony/console (v5.4.35)
  - Downloading symfony/filesystem (v6.4.3)
  - Downloading symfony/config (v5.4.35)
  - Downloading nesbot/carbon (2.72.3)
  - Downloading league/mime-type-detection (1.15.0)
  - Downloading symfony/finder (v5.4.35)
  - Downloading symfony/http-foundation (v5.4.35)
  - Downloading symfony/process (v5.4.35)
  - Downloading symfony/css-selector (v7.0.3)
  - Downloading doctrine/deprecations (1.1.3)
  - Downloading clarkwinkelmann/flarum-ext-reset-preferences (1.0.0)
  0/16 [>---------------------------]   0%
  1/16 [=>--------------------------]   6%
  3/16 [=====>----------------------]  18%
  4/16 [=======>--------------------]  25%
  6/16 [==========>-----------------]  37%
  7/16 [============>---------------]  43%
  8/16 [==============>-------------]  50%
 10/16 [=================>----------]  62%
 13/16 [======================>-----]  81%
 15/16 [==========================>-]  93%
 16/16 [============================] 100%
  - Upgrading symfony/yaml (v5.4.31 => v5.4.35): Extracting archive
  - Upgrading symfony/translation (v5.4.31 => v5.4.35): Extracting archive
  - Upgrading symfony/mime (v5.4.26 => v5.4.35): Extracting archive
  - Upgrading symfony/event-dispatcher (v5.4.34 => v5.4.35): Extracting archive
  - Upgrading symfony/string (v6.4.2 => v6.4.3): Extracting archive
  - Upgrading symfony/console (v5.4.34 => v5.4.35): Extracting archive
  - Upgrading symfony/filesystem (v6.4.0 => v6.4.3): Extracting archive
  - Upgrading symfony/config (v5.4.31 => v5.4.35): Extracting archive
  - Upgrading nesbot/carbon (2.72.1 => 2.72.3): Extracting archive
  - Upgrading league/mime-type-detection (1.14.0 => 1.15.0): Extracting archive
  - Upgrading symfony/finder (v5.4.27 => v5.4.35): Extracting archive
  - Upgrading symfony/http-foundation (v5.4.34 => v5.4.35): Extracting archive
  - Upgrading symfony/process (v5.4.34 => v5.4.35): Extracting archive
  - Upgrading symfony/css-selector (v7.0.0 => v7.0.3): Extracting archive
  - Upgrading doctrine/deprecations (1.1.2 => 1.1.3): Extracting archive
  - Installing clarkwinkelmann/flarum-ext-reset-preferences (1.0.0): Extracting archive
  0/16 [>---------------------------]   0%
  4/16 [=======>--------------------]  25%
  9/16 [===============>------------]  56%
 10/16 [=================>----------]  62%
 15/16 [==========================>-]  93%
 16/16 [============================] 100%
<warning>Package swiftmailer/swiftmailer is abandoned, you should avoid using it. Use symfony/mailer instead.</warning>
Generating autoload files
87 packages you are using are looking for funding.
Use the `composer fund` command to find out more!
No security vulnerability advisories found.
  
[2024-02-01 03:58:14] composer.INFO: require "afrux/asirem:*" -W
D:\Syahravi\Public\Apps\Laravel\kreasi-komunitas/composer.json has been updated
Running composer update afrux/asirem --with-all-dependencies
Loading composer repositories with package information
Updating dependencies
Lock file operations: 2 installs, 0 updates, 0 removals
  - Locking afrux/asirem (v0.1.8)
  - Locking afrux/flarum-theme-base (v0.1.8)
Writing lock file
Installing dependencies from lock file (including require-dev)
Package operations: 2 installs, 0 updates, 0 removals
  - Downloading afrux/flarum-theme-base (v0.1.8)
  - Downloading afrux/asirem (v0.1.8)
 0/2 [>---------------------------]   0%
 1/2 [==============>-------------]  50%
 2/2 [============================] 100%
  - Installing afrux/flarum-theme-base (v0.1.8): Extracting archive
  - Installing afrux/asirem (v0.1.8): Extracting archive
 0/2 [>---------------------------]   0%
 2/2 [============================] 100%
1 package suggestions were added by new dependencies, use `composer suggest` to see details.
<warning>Package swiftmailer/swiftmailer is abandoned, you should avoid using it. Use symfony/mailer instead.</warning>
Generating autoload files
88 packages you are using are looking for funding.
Use the `composer fund` command to find out more!
No security vulnerability advisories found.
  
[2024-02-01 03:59:25] composer.INFO: require "sycho/flarum-advanced-extension-categories:*" -W
D:\Syahravi\Public\Apps\Laravel\kreasi-komunitas/composer.json has been updated
Running composer update sycho/flarum-advanced-extension-categories --with-all-dependencies
Loading composer repositories with package information
Updating dependencies
Lock file operations: 1 install, 0 updates, 0 removals
  - Locking sycho/flarum-advanced-extension-categories (v0.1.3)
Writing lock file
Installing dependencies from lock file (including require-dev)
Package operations: 1 install, 0 updates, 0 removals
  - Downloading sycho/flarum-advanced-extension-categories (v0.1.3)
  - Installing sycho/flarum-advanced-extension-categories (v0.1.3): Extracting archive
<warning>Package swiftmailer/swiftmailer is abandoned, you should avoid using it. Use symfony/mailer instead.</warning>
Generating autoload files
89 packages you are using are looking for funding.
Use the `composer fund` command to find out more!
No security vulnerability advisories found.
  
[2024-02-01 04:00:48] composer.INFO: require "fof/nightmode:*" -W
D:\Syahravi\Public\Apps\Laravel\kreasi-komunitas/composer.json has been updated
Running composer update fof/nightmode --with-all-dependencies
Loading composer repositories with package information
Updating dependencies
Lock file operations: 2 installs, 0 updates, 0 removals
  - Locking fof/extend (1.3.3)
  - Locking fof/nightmode (1.5.3)
Writing lock file
Installing dependencies from lock file (including require-dev)
Package operations: 2 installs, 0 updates, 0 removals
  - Downloading fof/extend (1.3.3)
  - Downloading fof/nightmode (1.5.3)
 0/2 [>---------------------------]   0%
 1/2 [==============>-------------]  50%
 2/2 [============================] 100%
  - Installing fof/extend (1.3.3): Extracting archive
  - Installing fof/nightmode (1.5.3): Extracting archive
 0/2 [>---------------------------]   0%
 1/2 [==============>-------------]  50%
 2/2 [============================] 100%
<warning>Package swiftmailer/swiftmailer is abandoned, you should avoid using it. Use symfony/mailer instead.</warning>
Generating autoload files
91 packages you are using are looking for funding.
Use the `composer fund` command to find out more!
No security vulnerability advisories found.
  
[2024-02-01 04:03:50] composer.INFO: require "glowingblue/password-strength:*" -W
D:\Syahravi\Public\Apps\Laravel\kreasi-komunitas/composer.json has been updated
Running composer update glowingblue/password-strength --with-all-dependencies
Loading composer repositories with package information
Updating dependencies
Lock file operations: 1 install, 0 updates, 0 removals
  - Locking glowingblue/password-strength (4.0.0)
Writing lock file
Installing dependencies from lock file (including require-dev)
Package operations: 1 install, 0 updates, 0 removals
  - Downloading glowingblue/password-strength (4.0.0)
  - Installing glowingblue/password-strength (4.0.0): Extracting archive
<warning>Package swiftmailer/swiftmailer is abandoned, you should avoid using it. Use symfony/mailer instead.</warning>
Generating autoload files
91 packages you are using are looking for funding.
Use the `composer fund` command to find out more!
No security vulnerability advisories found.
  
[2024-02-01 04:11:14] composer.INFO: require "fof/forum-statistics-widget:*" -W
D:\Syahravi\Public\Apps\Laravel\kreasi-komunitas/composer.json has been updated
Running composer update fof/forum-statistics-widget --with-all-dependencies
Loading composer repositories with package information
Updating dependencies
Lock file operations: 1 install, 0 updates, 0 removals
  - Locking fof/forum-statistics-widget (1.2.1)
Writing lock file
Installing dependencies from lock file (including require-dev)
Package operations: 1 install, 0 updates, 0 removals
  - Downloading fof/forum-statistics-widget (1.2.1)
  - Installing fof/forum-statistics-widget (1.2.1): Extracting archive
<warning>Package swiftmailer/swiftmailer is abandoned, you should avoid using it. Use symfony/mailer instead.</warning>
Generating autoload files
92 packages you are using are looking for funding.
Use the `composer fund` command to find out more!
No security vulnerability advisories found.
  
[2024-02-01 05:12:20] composer.INFO: require "fof/oauth:*" -W
D:\Syahravi\Public\Apps\Laravel\kreasi-komunitas/composer.json has been updated
Running composer update fof/oauth --with-all-dependencies
Loading composer repositories with package information
Updating dependencies
Lock file operations: 10 installs, 0 updates, 0 removals
  - Locking fof/oauth (1.6.6)
  - Locking league/oauth1-client (v1.10.1)
  - Locking league/oauth2-client (2.7.0)
  - Locking league/oauth2-facebook (2.2.0)
  - Locking league/oauth2-github (3.1.0)
  - Locking league/oauth2-google (4.0.1)
  - Locking league/oauth2-linkedin (5.1.2)
  - Locking omines/oauth2-gitlab (3.6.0)
  - Locking paragonie/random_compat (v9.99.100)
  - Locking wohali/oauth2-discord-new (1.2.1)
Writing lock file
Installing dependencies from lock file (including require-dev)
Package operations: 10 installs, 0 updates, 0 removals
  - Downloading paragonie/random_compat (v9.99.100)
  - Downloading league/oauth2-client (2.7.0)
  - Downloading wohali/oauth2-discord-new (1.2.1)
  - Downloading omines/oauth2-gitlab (3.6.0)
  - Downloading league/oauth2-linkedin (5.1.2)
  - Downloading league/oauth2-google (4.0.1)
  - Downloading league/oauth2-github (3.1.0)
  - Downloading league/oauth2-facebook (2.2.0)
  - Downloading league/oauth1-client (v1.10.1)
  - Downloading fof/oauth (1.6.6)
  0/10 [>---------------------------]   0%
  2/10 [=====>----------------------]  20%
  3/10 [========>-------------------]  30%
  5/10 [==============>-------------]  50%
 10/10 [============================] 100%
  - Installing paragonie/random_compat (v9.99.100): Extracting archive
  - Installing league/oauth2-client (2.7.0): Extracting archive
  - Installing wohali/oauth2-discord-new (1.2.1): Extracting archive
  - Installing omines/oauth2-gitlab (3.6.0): Extracting archive
  - Installing league/oauth2-linkedin (5.1.2): Extracting archive
  - Installing league/oauth2-google (4.0.1): Extracting archive
  - Installing league/oauth2-github (3.1.0): Extracting archive
  - Installing league/oauth2-facebook (2.2.0): Extracting archive
  - Installing league/oauth1-client (v1.10.1): Extracting archive
  - Installing fof/oauth (1.6.6): Extracting archive
  0/10 [>---------------------------]   0%
  5/10 [==============>-------------]  50%
  8/10 [======================>-----]  80%
 10/10 [============================] 100%
2 package suggestions were added by new dependencies, use `composer suggest` to see details.
<warning>Package swiftmailer/swiftmailer is abandoned, you should avoid using it. Use symfony/mailer instead.</warning>
Generating autoload files
93 packages you are using are looking for funding.
Use the `composer fund` command to find out more!
No security vulnerability advisories found.
  
