[2024-04-12 12:12:54] composer.INFO: require 'askvortsov/flarum-rich-text:*' -W
/var/www/kk.syahravi.my.id/composer.json has been updated
Running composer update askvortsov/flarum-rich-text --with-all-dependencies
Loading composer repositories with package information
Updating dependencies
Lock file operations: 1 install, 7 updates, 0 removals
  - Locking askvortsov/flarum-rich-text (v2.1.7)
  - Upgrading symfony/config (v5.4.36 => v5.4.38)
  - Upgrading symfony/event-dispatcher-contracts (v3.4.0 => v3.4.2)
  - Upgrading symfony/filesystem (v6.4.3 => v6.4.6)
  - Upgrading symfony/http-foundation (v5.4.35 => v5.4.38)
  - Upgrading symfony/mime (v5.4.35 => v5.4.38)
  - Upgrading symfony/service-contracts (v3.4.1 => v3.4.2)
  - Upgrading symfony/translation-contracts (v2.5.2 => v2.5.3)
Writing lock file
Installing dependencies from lock file (including require-dev)
Package operations: 182 installs, 0 updates, 0 removals
  - Downloading symfony/translation-contracts (v2.5.3)
  - Downloading symfony/mime (v5.4.38)
  - Downloading symfony/event-dispatcher-contracts (v3.4.2)
  - Downloading symfony/service-contracts (v3.4.2)
  - Downloading symfony/filesystem (v6.4.6)
  - Downloading symfony/config (v5.4.38)
  - Downloading symfony/http-foundation (v5.4.38)
  - Downloading askvortsov/flarum-rich-text (v2.1.7)
 0/8 [>---------------------------]   0%
 6/8 [=====================>------]  75%
 7/8 [========================>---]  87%
 8/8 [============================] 100%
  - Installing wikimedia/less.php (v3.2.1): Extracting archive
  - Installing symfony/polyfill-ctype (v1.29.0): Extracting archive
  - Installing symfony/deprecation-contracts (v3.4.0): Extracting archive
  - Installing symfony/yaml (v5.4.35): Extracting archive
  - Installing symfony/translation-contracts (v2.5.3): Extracting archive
  - Installing symfony/polyfill-php80 (v1.29.0): Extracting archive
  - Installing symfony/polyfill-mbstring (v1.29.0): Extracting archive
  - Installing symfony/translation (v5.4.35): Extracting archive
  - Installing symfony/polyfill-intl-messageformatter (v1.29.0): Extracting archive
  - Installing symfony/polyfill-php72 (v1.29.0): Extracting archive
  - Installing symfony/polyfill-intl-normalizer (v1.29.0): Extracting archive
  - Installing symfony/polyfill-intl-idn (v1.29.0): Extracting archive
  - Installing symfony/mime (v5.4.38): Extracting archive
  - Installing psr/event-dispatcher (1.0.0): Extracting archive
  - Installing symfony/event-dispatcher-contracts (v3.4.2): Extracting archive
  - Installing symfony/event-dispatcher (v5.4.35): Extracting archive
  - Installing symfony/polyfill-intl-grapheme (v1.29.0): Extracting archive
  - Installing symfony/string (v6.4.4): Extracting archive
  - Installing psr/container (1.1.2): Extracting archive
  - Installing symfony/service-contracts (v3.4.2): Extracting archive
  - Installing symfony/polyfill-php73 (v1.29.0): Extracting archive
  - Installing symfony/console (v5.4.36): Extracting archive
  - Installing symfony/polyfill-php81 (v1.29.0): Extracting archive
  - Installing symfony/filesystem (v6.4.6): Extracting archive
  - Installing symfony/config (v5.4.38): Extracting archive
  - Installing axy/backtrace (2.0.0): Extracting archive
  - Installing sycho/errors (3.0.0): Extracting archive
  - Installing sycho/codecs-base64vlq (2.0.0): Extracting archive
  - Installing sycho/sourcemap (2.0.0): Extracting archive
  - Installing sycho/json-api (v0.5.2): Extracting archive
  - Installing voku/portable-ascii (1.6.1): Extracting archive
  - Installing psr/clock (1.0.0): Extracting archive
  - Installing carbonphp/carbon-doctrine-types (1.0.0): Extracting archive
  - Installing nesbot/carbon (2.72.3): Extracting archive
  - Installing illuminate/macroable (v8.83.27): Extracting archive
  - Installing psr/simple-cache (1.0.1): Extracting archive
  - Installing illuminate/contracts (v8.83.27): Extracting archive
  - Installing illuminate/collections (v8.83.27): Extracting archive
  - Installing doctrine/inflector (2.0.10): Extracting archive
  - Installing illuminate/support (v8.83.27): Extracting archive
  - Installing illuminate/container (v8.83.27): Extracting archive
  - Installing illuminate/database (v8.83.27): Extracting archive
  - Installing staudenmeir/eloquent-eager-limit (v1.6.1): Extracting archive
  - Installing s9e/sweetdom (2.1.2): Extracting archive
  - Installing s9e/regexp-builder (1.4.6): Extracting archive
  - Installing s9e/text-formatter (2.14.3): Extracting archive
  - Installing psr/http-message (1.1): Extracting archive
  - Installing psr/http-server-handler (1.0.2): Extracting archive
  - Installing psr/http-server-middleware (1.0.2): Extracting archive
  - Installing nikic/fast-route (v0.6.0): Extracting archive
  - Installing psr/log (1.1.4): Extracting archive
  - Installing monolog/monolog (1.27.1): Extracting archive
  - Installing psr/http-factory (1.0.2): Extracting archive
  - Installing middlewares/utils (v3.3.0): Extracting archive
  - Installing middlewares/request-handler (v2.0.2): Extracting archive
  - Installing middlewares/base-path-router (v2.0.1): Extracting archive
  - Installing middlewares/base-path (v2.1.0): Extracting archive
  - Installing matthiasmullie/path-converter (1.1.3): Extracting archive
  - Installing matthiasmullie/minify (1.3.73): Extracting archive
  - Installing league/mime-type-detection (1.15.0): Extracting archive
  - Installing league/flysystem (1.1.10): Extracting archive
  - Installing laminas/laminas-escaper (2.13.0): Extracting archive
  - Installing fig/http-message-util (1.1.5): Extracting archive
  - Installing laminas/laminas-stratigility (3.11.0): Extracting archive
  - Installing ralouphie/getallheaders (3.0.3): Extracting archive
  - Installing guzzlehttp/psr7 (2.6.2): Extracting archive
  - Installing laminas/laminas-diactoros (2.26.0): Extracting archive
  - Installing laminas/laminas-httphandlerrunner (2.10.0): Extracting archive
  - Installing mobiledetect/mobiledetectlib (2.8.45): Extracting archive
  - Installing jaybizzle/crawler-detect (v1.2.117): Extracting archive
  - Installing jenssegers/agent (v2.6.4): Extracting archive
  - Installing intervention/image (2.7.2): Extracting archive
  - Installing symfony/finder (v5.4.35): Extracting archive
  - Installing illuminate/filesystem (v8.83.27): Extracting archive
  - Installing illuminate/pipeline (v8.83.27): Extracting archive
  - Installing illuminate/bus (v8.83.27): Extracting archive
  - Installing illuminate/events (v8.83.27): Extracting archive
  - Installing illuminate/view (v8.83.27): Extracting archive
  - Installing symfony/http-foundation (v5.4.38): Extracting archive
  - Installing illuminate/translation (v8.83.27): Extracting archive
  - Installing doctrine/lexer (1.2.3): Extracting archive
  - Installing egulias/email-validator (2.1.25): Extracting archive
  - Installing illuminate/validation (v8.83.27): Extracting archive
  - Installing illuminate/session (v8.83.27): Extracting archive
  - Installing symfony/process (v5.4.36): Extracting archive
  - Installing ramsey/collection (2.0.0): Extracting archive
  - Installing brick/math (0.11.0): Extracting archive
  - Installing ramsey/uuid (4.7.5): Extracting archive
  - Installing opis/closure (3.6.3): Extracting archive
  - Installing laravel/serializable-closure (v1.3.3): Extracting archive
  - Installing illuminate/console (v8.83.27): Extracting archive
  - Installing illuminate/queue (v8.83.27): Extracting archive
  - Installing symfony/css-selector (v7.0.3): Extracting archive
  - Installing tijsverkoyen/css-to-inline-styles (v2.2.7): Extracting archive
  - Installing symfony/polyfill-iconv (v1.29.0): Extracting archive
  - Installing swiftmailer/swiftmailer (v6.3.0): Extracting archive
  - Installing nette/utils (v4.0.4): Extracting archive
  - Installing nette/schema (v1.3.0): Extracting archive
  - Installing dflydev/dot-access-data (v3.0.2): Extracting archive
  - Installing league/config (v1.2.0): Extracting archive
  - Installing league/commonmark (2.4.2): Extracting archive
  - Installing illuminate/mail (v8.83.27): Extracting archive
  - Installing illuminate/hashing (v8.83.27): Extracting archive
  - Installing illuminate/config (v8.83.27): Extracting archive
  - Installing illuminate/cache (v8.83.27): Extracting archive
  - Installing psr/http-client (1.0.3): Extracting archive
  - Installing guzzlehttp/promises (2.0.2): Extracting archive
  - Installing guzzlehttp/guzzle (7.8.1): Extracting archive
  - Installing filp/whoops (2.15.4): Extracting archive
  - Installing franzl/whoops-middleware (2.0.0): Extracting archive
  - Installing webmozart/assert (1.11.0): Extracting archive
  - Installing dragonmantank/cron-expression (v3.3.3): Extracting archive
  - Installing doctrine/deprecations (1.1.3): Extracting archive
  - Installing doctrine/event-manager (1.2.0): Extracting archive
  - Installing doctrine/cache (2.2.0): Extracting archive
  - Installing doctrine/dbal (2.13.9): Extracting archive
  - Installing dflydev/fig-cookies (v3.1.0): Extracting archive
  - Installing components/font-awesome (5.15.4): Extracting archive
  - Installing flarum/core (v1.8.5): Extracting archive
  - Installing acpl/mobile-tab (1.4.2): Extracting archive
  - Installing afrux/flarum-theme-base (v0.1.8): Extracting archive
  - Installing afrux/asirem (v0.1.8): Extracting archive
  - Installing flarum/markdown (v1.8.0): Extracting archive
  - Installing askvortsov/flarum-rich-text (v2.1.7): Extracting archive
  - Installing clarkwinkelmann/flarum-ext-mass-actions (1.1.2): Extracting archive
  - Installing composer/ca-bundle (1.4.0): Extracting archive
  - Installing composer/pcre (3.1.3): Extracting archive
  - Installing composer/class-map-generator (1.1.0): Extracting archive
  - Installing composer/metadata-minifier (1.0.0): Extracting archive
  - Installing composer/semver (3.4.0): Extracting archive
  - Installing composer/spdx-licenses (1.5.8): Extracting archive
  - Installing composer/xdebug-handler (3.0.4): Extracting archive
  - Installing datlechin/flarum-pronouns (v0.1.0): Extracting archive
  - Installing datlechin/flarum-simple-tour-guide (v0.0.1): Extracting archive
  - Installing flarum-lang/indonesian (1.16.0): Extracting archive
  - Installing flarum/flags (v1.8.0): Extracting archive
  - Installing flarum/approval (v1.8.1): Extracting archive
  - Installing flarum/bbcode (v1.8.0): Extracting archive
  - Installing flarum/emoji (v1.8.0): Extracting archive
  - Installing seld/signal-handler (2.0.2): Extracting archive
  - Installing seld/phar-utils (1.2.1): Extracting archive
  - Installing seld/jsonlint (1.10.2): Extracting archive
  - Installing react/promise (v3.1.0): Extracting archive
  - Installing justinrainbow/json-schema (v5.2.13): Extracting archive
  - Installing composer/composer (2.7.1): Extracting archive
  - Installing flarum/extension-manager (v1.0.2): Extracting archive
  - Installing flarum/lang-english (v1.8.0): Extracting archive
  - Installing flarum/likes (v1.8.0): Extracting archive
  - Installing flarum/lock (v1.8.0): Extracting archive
  - Installing flarum/mentions (v1.8.3): Extracting archive
  - Installing flarum/nicknames (v1.8.0): Extracting archive
  - Installing pusher/pusher-php-server (2.6.4): Extracting archive
  - Installing flarum/pusher (v1.8.0): Extracting archive
  - Installing flarum/statistics (v1.8.0): Extracting archive
  - Installing flarum/sticky (v1.8.0): Extracting archive
  - Installing flarum/subscriptions (v1.8.0): Extracting archive
  - Installing flarum/suspend (v1.8.1): Extracting archive
  - Installing fof/forum-statistics-widget (1.2.1): Extracting archive
  - Installing fof/links (1.2.3): Extracting archive
  - Installing fof/extend (1.3.3): Extracting archive
  - Installing fof/nightmode (1.5.3): Extracting archive
  - Installing paragonie/random_compat (v9.99.100): Extracting archive
  - Installing league/oauth2-client (2.7.0): Extracting archive
  - Installing wohali/oauth2-discord-new (1.2.1): Extracting archive
  - Installing omines/oauth2-gitlab (3.6.0): Extracting archive
  - Installing league/oauth2-google (4.0.1): Extracting archive
  - Installing league/oauth2-github (3.1.0): Extracting archive
  - Installing league/oauth2-facebook (2.2.0): Extracting archive
  - Installing league/oauth1-client (v1.10.1): Extracting archive
  - Installing fof/oauth (1.6.8): Extracting archive
  - Installing fof/share-social (1.2.0): Extracting archive
  - Installing fof/socialprofile (1.1.6): Extracting archive
  - Installing fof/user-bio (1.3.2): Extracting archive
  - Installing fof/user-directory (1.3.3): Extracting archive
  - Installing glowingblue/password-strength (4.0.0): Extracting archive
  - Installing flarum/tags (v1.8.0): Extracting archive
  - Installing fof/follow-tags (1.2.2): Extracting archive
  - Installing ianm/follow-users (1.4.6): Extracting archive
  - Installing matteocontrini/flarum-imgur-upload (v3.9.1): Extracting archive
  - Installing nearata/flarum-ext-signup-confirm-password (v3.1.1): Extracting archive
  - Installing nearata/flarum-ext-tags-color-generator (v2.3.0): Extracting archive
  - Installing sycho/flarum-advanced-extension-categories (v0.1.3): Extracting archive
   0/182 [>---------------------------]   0%
  27/182 [====>-----------------------]  14%
  49/182 [=======>--------------------]  26%
  63/182 [=========>------------------]  34%
  75/182 [===========>----------------]  41%
  99/182 [===============>------------]  54%
 115/182 [=================>----------]  63%
 129/182 [===================>--------]  70%
 149/182 [======================>-----]  81%
 169/182 [==========================>-]  92%
 182/182 [============================] 100%
<warning>Package swiftmailer/swiftmailer is abandoned, you should avoid using it. Use symfony/mailer instead.</warning>
Generating autoload files
102 packages you are using are looking for funding.
Use the `composer fund` command to find out more!
No security vulnerability advisories found.
  
[2024-04-12 12:13:51] composer.INFO: require 'datitisev/flarum-post-galleries:*' -W
/var/www/kk.syahravi.my.id/composer.json has been updated
Running composer update datitisev/flarum-post-galleries --with-all-dependencies
Loading composer repositories with package information
Updating dependencies
Lock file operations: 1 install, 0 updates, 0 removals
  - Locking datitisev/flarum-post-galleries (1.1.1)
Writing lock file
Installing dependencies from lock file (including require-dev)
Package operations: 183 installs, 0 updates, 0 removals
  - Downloading datitisev/flarum-post-galleries (1.1.1)
 0/1 [>---------------------------]   0%
 1/1 [============================] 100%
  - Installing wikimedia/less.php (v3.2.1): Extracting archive
  - Installing symfony/polyfill-ctype (v1.29.0): Extracting archive
  - Installing symfony/deprecation-contracts (v3.4.0): Extracting archive
  - Installing symfony/yaml (v5.4.35): Extracting archive
  - Installing symfony/translation-contracts (v2.5.3): Extracting archive
  - Installing symfony/polyfill-php80 (v1.29.0): Extracting archive
  - Installing symfony/polyfill-mbstring (v1.29.0): Extracting archive
  - Installing symfony/translation (v5.4.35): Extracting archive
  - Installing symfony/polyfill-intl-messageformatter (v1.29.0): Extracting archive
  - Installing symfony/polyfill-php72 (v1.29.0): Extracting archive
  - Installing symfony/polyfill-intl-normalizer (v1.29.0): Extracting archive
  - Installing symfony/polyfill-intl-idn (v1.29.0): Extracting archive
  - Installing symfony/mime (v5.4.38): Extracting archive
  - Installing psr/event-dispatcher (1.0.0): Extracting archive
  - Installing symfony/event-dispatcher-contracts (v3.4.2): Extracting archive
  - Installing symfony/event-dispatcher (v5.4.35): Extracting archive
  - Installing symfony/polyfill-intl-grapheme (v1.29.0): Extracting archive
  - Installing symfony/string (v6.4.4): Extracting archive
  - Installing psr/container (1.1.2): Extracting archive
  - Installing symfony/service-contracts (v3.4.2): Extracting archive
  - Installing symfony/polyfill-php73 (v1.29.0): Extracting archive
  - Installing symfony/console (v5.4.36): Extracting archive
  - Installing symfony/polyfill-php81 (v1.29.0): Extracting archive
  - Installing symfony/filesystem (v6.4.6): Extracting archive
  - Installing symfony/config (v5.4.38): Extracting archive
  - Installing axy/backtrace (2.0.0): Extracting archive
  - Installing sycho/errors (3.0.0): Extracting archive
  - Installing sycho/codecs-base64vlq (2.0.0): Extracting archive
  - Installing sycho/sourcemap (2.0.0): Extracting archive
  - Installing sycho/json-api (v0.5.2): Extracting archive
  - Installing voku/portable-ascii (1.6.1): Extracting archive
  - Installing psr/clock (1.0.0): Extracting archive
  - Installing carbonphp/carbon-doctrine-types (1.0.0): Extracting archive
  - Installing nesbot/carbon (2.72.3): Extracting archive
  - Installing illuminate/macroable (v8.83.27): Extracting archive
  - Installing psr/simple-cache (1.0.1): Extracting archive
  - Installing illuminate/contracts (v8.83.27): Extracting archive
  - Installing illuminate/collections (v8.83.27): Extracting archive
  - Installing doctrine/inflector (2.0.10): Extracting archive
  - Installing illuminate/support (v8.83.27): Extracting archive
  - Installing illuminate/container (v8.83.27): Extracting archive
  - Installing illuminate/database (v8.83.27): Extracting archive
  - Installing staudenmeir/eloquent-eager-limit (v1.6.1): Extracting archive
  - Installing s9e/sweetdom (2.1.2): Extracting archive
  - Installing s9e/regexp-builder (1.4.6): Extracting archive
  - Installing s9e/text-formatter (2.14.3): Extracting archive
  - Installing psr/http-message (1.1): Extracting archive
  - Installing psr/http-server-handler (1.0.2): Extracting archive
  - Installing psr/http-server-middleware (1.0.2): Extracting archive
  - Installing nikic/fast-route (v0.6.0): Extracting archive
  - Installing psr/log (1.1.4): Extracting archive
  - Installing monolog/monolog (1.27.1): Extracting archive
  - Installing psr/http-factory (1.0.2): Extracting archive
  - Installing middlewares/utils (v3.3.0): Extracting archive
  - Installing middlewares/request-handler (v2.0.2): Extracting archive
  - Installing middlewares/base-path-router (v2.0.1): Extracting archive
  - Installing middlewares/base-path (v2.1.0): Extracting archive
  - Installing matthiasmullie/path-converter (1.1.3): Extracting archive
  - Installing matthiasmullie/minify (1.3.73): Extracting archive
  - Installing league/mime-type-detection (1.15.0): Extracting archive
  - Installing league/flysystem (1.1.10): Extracting archive
  - Installing laminas/laminas-escaper (2.13.0): Extracting archive
  - Installing fig/http-message-util (1.1.5): Extracting archive
  - Installing laminas/laminas-stratigility (3.11.0): Extracting archive
  - Installing ralouphie/getallheaders (3.0.3): Extracting archive
  - Installing guzzlehttp/psr7 (2.6.2): Extracting archive
  - Installing laminas/laminas-diactoros (2.26.0): Extracting archive
  - Installing laminas/laminas-httphandlerrunner (2.10.0): Extracting archive
  - Installing mobiledetect/mobiledetectlib (2.8.45): Extracting archive
  - Installing jaybizzle/crawler-detect (v1.2.117): Extracting archive
  - Installing jenssegers/agent (v2.6.4): Extracting archive
  - Installing intervention/image (2.7.2): Extracting archive
  - Installing symfony/finder (v5.4.35): Extracting archive
  - Installing illuminate/filesystem (v8.83.27): Extracting archive
  - Installing illuminate/pipeline (v8.83.27): Extracting archive
  - Installing illuminate/bus (v8.83.27): Extracting archive
  - Installing illuminate/events (v8.83.27): Extracting archive
  - Installing illuminate/view (v8.83.27): Extracting archive
  - Installing symfony/http-foundation (v5.4.38): Extracting archive
  - Installing illuminate/translation (v8.83.27): Extracting archive
  - Installing doctrine/lexer (1.2.3): Extracting archive
  - Installing egulias/email-validator (2.1.25): Extracting archive
  - Installing illuminate/validation (v8.83.27): Extracting archive
  - Installing illuminate/session (v8.83.27): Extracting archive
  - Installing symfony/process (v5.4.36): Extracting archive
  - Installing ramsey/collection (2.0.0): Extracting archive
  - Installing brick/math (0.11.0): Extracting archive
  - Installing ramsey/uuid (4.7.5): Extracting archive
  - Installing opis/closure (3.6.3): Extracting archive
  - Installing laravel/serializable-closure (v1.3.3): Extracting archive
  - Installing illuminate/console (v8.83.27): Extracting archive
  - Installing illuminate/queue (v8.83.27): Extracting archive
  - Installing symfony/css-selector (v7.0.3): Extracting archive
  - Installing tijsverkoyen/css-to-inline-styles (v2.2.7): Extracting archive
  - Installing symfony/polyfill-iconv (v1.29.0): Extracting archive
  - Installing swiftmailer/swiftmailer (v6.3.0): Extracting archive
  - Installing nette/utils (v4.0.4): Extracting archive
  - Installing nette/schema (v1.3.0): Extracting archive
  - Installing dflydev/dot-access-data (v3.0.2): Extracting archive
  - Installing league/config (v1.2.0): Extracting archive
  - Installing league/commonmark (2.4.2): Extracting archive
  - Installing illuminate/mail (v8.83.27): Extracting archive
  - Installing illuminate/hashing (v8.83.27): Extracting archive
  - Installing illuminate/config (v8.83.27): Extracting archive
  - Installing illuminate/cache (v8.83.27): Extracting archive
  - Installing psr/http-client (1.0.3): Extracting archive
  - Installing guzzlehttp/promises (2.0.2): Extracting archive
  - Installing guzzlehttp/guzzle (7.8.1): Extracting archive
  - Installing filp/whoops (2.15.4): Extracting archive
  - Installing franzl/whoops-middleware (2.0.0): Extracting archive
  - Installing webmozart/assert (1.11.0): Extracting archive
  - Installing dragonmantank/cron-expression (v3.3.3): Extracting archive
  - Installing doctrine/deprecations (1.1.3): Extracting archive
  - Installing doctrine/event-manager (1.2.0): Extracting archive
  - Installing doctrine/cache (2.2.0): Extracting archive
  - Installing doctrine/dbal (2.13.9): Extracting archive
  - Installing dflydev/fig-cookies (v3.1.0): Extracting archive
  - Installing components/font-awesome (5.15.4): Extracting archive
  - Installing flarum/core (v1.8.5): Extracting archive
  - Installing acpl/mobile-tab (1.4.2): Extracting archive
  - Installing afrux/flarum-theme-base (v0.1.8): Extracting archive
  - Installing afrux/asirem (v0.1.8): Extracting archive
  - Installing flarum/markdown (v1.8.0): Extracting archive
  - Installing askvortsov/flarum-rich-text (v2.1.7): Extracting archive
  - Installing clarkwinkelmann/flarum-ext-mass-actions (1.1.2): Extracting archive
  - Installing composer/ca-bundle (1.4.0): Extracting archive
  - Installing composer/pcre (3.1.3): Extracting archive
  - Installing composer/class-map-generator (1.1.0): Extracting archive
  - Installing composer/metadata-minifier (1.0.0): Extracting archive
  - Installing composer/semver (3.4.0): Extracting archive
  - Installing composer/spdx-licenses (1.5.8): Extracting archive
  - Installing composer/xdebug-handler (3.0.4): Extracting archive
  - Installing datitisev/flarum-post-galleries (1.1.1): Extracting archive
  - Installing datlechin/flarum-pronouns (v0.1.0): Extracting archive
  - Installing datlechin/flarum-simple-tour-guide (v0.0.1): Extracting archive
  - Installing flarum-lang/indonesian (1.16.0): Extracting archive
  - Installing flarum/flags (v1.8.0): Extracting archive
  - Installing flarum/approval (v1.8.1): Extracting archive
  - Installing flarum/bbcode (v1.8.0): Extracting archive
  - Installing flarum/emoji (v1.8.0): Extracting archive
  - Installing seld/signal-handler (2.0.2): Extracting archive
  - Installing seld/phar-utils (1.2.1): Extracting archive
  - Installing seld/jsonlint (1.10.2): Extracting archive
  - Installing react/promise (v3.1.0): Extracting archive
  - Installing justinrainbow/json-schema (v5.2.13): Extracting archive
  - Installing composer/composer (2.7.1): Extracting archive
  - Installing flarum/extension-manager (v1.0.2): Extracting archive
  - Installing flarum/lang-english (v1.8.0): Extracting archive
  - Installing flarum/likes (v1.8.0): Extracting archive
  - Installing flarum/lock (v1.8.0): Extracting archive
  - Installing flarum/mentions (v1.8.3): Extracting archive
  - Installing flarum/nicknames (v1.8.0): Extracting archive
  - Installing pusher/pusher-php-server (2.6.4): Extracting archive
  - Installing flarum/pusher (v1.8.0): Extracting archive
  - Installing flarum/statistics (v1.8.0): Extracting archive
  - Installing flarum/sticky (v1.8.0): Extracting archive
  - Installing flarum/subscriptions (v1.8.0): Extracting archive
  - Installing flarum/suspend (v1.8.1): Extracting archive
  - Installing fof/forum-statistics-widget (1.2.1): Extracting archive
  - Installing fof/links (1.2.3): Extracting archive
  - Installing fof/extend (1.3.3): Extracting archive
  - Installing fof/nightmode (1.5.3): Extracting archive
  - Installing paragonie/random_compat (v9.99.100): Extracting archive
  - Installing league/oauth2-client (2.7.0): Extracting archive
  - Installing wohali/oauth2-discord-new (1.2.1): Extracting archive
  - Installing omines/oauth2-gitlab (3.6.0): Extracting archive
  - Installing league/oauth2-google (4.0.1): Extracting archive
  - Installing league/oauth2-github (3.1.0): Extracting archive
  - Installing league/oauth2-facebook (2.2.0): Extracting archive
  - Installing league/oauth1-client (v1.10.1): Extracting archive
  - Installing fof/oauth (1.6.8): Extracting archive
  - Installing fof/share-social (1.2.0): Extracting archive
  - Installing fof/socialprofile (1.1.6): Extracting archive
  - Installing fof/user-bio (1.3.2): Extracting archive
  - Installing fof/user-directory (1.3.3): Extracting archive
  - Installing glowingblue/password-strength (4.0.0): Extracting archive
  - Installing flarum/tags (v1.8.0): Extracting archive
  - Installing fof/follow-tags (1.2.2): Extracting archive
  - Installing ianm/follow-users (1.4.6): Extracting archive
  - Installing matteocontrini/flarum-imgur-upload (v3.9.1): Extracting archive
  - Installing nearata/flarum-ext-signup-confirm-password (v3.1.1): Extracting archive
  - Installing nearata/flarum-ext-tags-color-generator (v2.3.0): Extracting archive
  - Installing sycho/flarum-advanced-extension-categories (v0.1.3): Extracting archive
   0/183 [>---------------------------]   0%
  20/183 [===>------------------------]  10%
  46/183 [=======>--------------------]  25%
  57/183 [========>-------------------]  31%
  85/183 [=============>--------------]  46%
  95/183 [==============>-------------]  51%
 114/183 [=================>----------]  62%
 137/183 [====================>-------]  74%
 155/183 [=======================>----]  84%
 171/183 [==========================>-]  93%
 183/183 [============================] 100%
<warning>Package swiftmailer/swiftmailer is abandoned, you should avoid using it. Use symfony/mailer instead.</warning>
Generating autoload files
103 packages you are using are looking for funding.
Use the `composer fund` command to find out more!
No security vulnerability advisories found.
  
[2024-04-12 12:17:13] composer.INFO: require 'askvortsov/flarum-markdown-tables:*' -W
/var/www/kk.syahravi.my.id/composer.json has been updated
Running composer update askvortsov/flarum-markdown-tables --with-all-dependencies
Loading composer repositories with package information
Updating dependencies
Lock file operations: 1 install, 0 updates, 0 removals
  - Locking askvortsov/flarum-markdown-tables (v1.2.1)
Writing lock file
Installing dependencies from lock file (including require-dev)
Package operations: 184 installs, 0 updates, 0 removals
  - Downloading askvortsov/flarum-markdown-tables (v1.2.1)
 0/1 [>---------------------------]   0%
 1/1 [============================] 100%
  - Installing wikimedia/less.php (v3.2.1): Extracting archive
  - Installing symfony/polyfill-ctype (v1.29.0): Extracting archive
  - Installing symfony/deprecation-contracts (v3.4.0): Extracting archive
  - Installing symfony/yaml (v5.4.35): Extracting archive
  - Installing symfony/translation-contracts (v2.5.3): Extracting archive
  - Installing symfony/polyfill-php80 (v1.29.0): Extracting archive
  - Installing symfony/polyfill-mbstring (v1.29.0): Extracting archive
  - Installing symfony/translation (v5.4.35): Extracting archive
  - Installing symfony/polyfill-intl-messageformatter (v1.29.0): Extracting archive
  - Installing symfony/polyfill-php72 (v1.29.0): Extracting archive
  - Installing symfony/polyfill-intl-normalizer (v1.29.0): Extracting archive
  - Installing symfony/polyfill-intl-idn (v1.29.0): Extracting archive
  - Installing symfony/mime (v5.4.38): Extracting archive
  - Installing psr/event-dispatcher (1.0.0): Extracting archive
  - Installing symfony/event-dispatcher-contracts (v3.4.2): Extracting archive
  - Installing symfony/event-dispatcher (v5.4.35): Extracting archive
  - Installing symfony/polyfill-intl-grapheme (v1.29.0): Extracting archive
  - Installing symfony/string (v6.4.4): Extracting archive
  - Installing psr/container (1.1.2): Extracting archive
  - Installing symfony/service-contracts (v3.4.2): Extracting archive
  - Installing symfony/polyfill-php73 (v1.29.0): Extracting archive
  - Installing symfony/console (v5.4.36): Extracting archive
  - Installing symfony/polyfill-php81 (v1.29.0): Extracting archive
  - Installing symfony/filesystem (v6.4.6): Extracting archive
  - Installing symfony/config (v5.4.38): Extracting archive
  - Installing axy/backtrace (2.0.0): Extracting archive
  - Installing sycho/errors (3.0.0): Extracting archive
  - Installing sycho/codecs-base64vlq (2.0.0): Extracting archive
  - Installing sycho/sourcemap (2.0.0): Extracting archive
  - Installing sycho/json-api (v0.5.2): Extracting archive
  - Installing voku/portable-ascii (1.6.1): Extracting archive
  - Installing psr/clock (1.0.0): Extracting archive
  - Installing carbonphp/carbon-doctrine-types (1.0.0): Extracting archive
  - Installing nesbot/carbon (2.72.3): Extracting archive
  - Installing illuminate/macroable (v8.83.27): Extracting archive
  - Installing psr/simple-cache (1.0.1): Extracting archive
  - Installing illuminate/contracts (v8.83.27): Extracting archive
  - Installing illuminate/collections (v8.83.27): Extracting archive
  - Installing doctrine/inflector (2.0.10): Extracting archive
  - Installing illuminate/support (v8.83.27): Extracting archive
  - Installing illuminate/container (v8.83.27): Extracting archive
  - Installing illuminate/database (v8.83.27): Extracting archive
  - Installing staudenmeir/eloquent-eager-limit (v1.6.1): Extracting archive
  - Installing s9e/sweetdom (2.1.2): Extracting archive
  - Installing s9e/regexp-builder (1.4.6): Extracting archive
  - Installing s9e/text-formatter (2.14.3): Extracting archive
  - Installing psr/http-message (1.1): Extracting archive
  - Installing psr/http-server-handler (1.0.2): Extracting archive
  - Installing psr/http-server-middleware (1.0.2): Extracting archive
  - Installing nikic/fast-route (v0.6.0): Extracting archive
  - Installing psr/log (1.1.4): Extracting archive
  - Installing monolog/monolog (1.27.1): Extracting archive
  - Installing psr/http-factory (1.0.2): Extracting archive
  - Installing middlewares/utils (v3.3.0): Extracting archive
  - Installing middlewares/request-handler (v2.0.2): Extracting archive
  - Installing middlewares/base-path-router (v2.0.1): Extracting archive
  - Installing middlewares/base-path (v2.1.0): Extracting archive
  - Installing matthiasmullie/path-converter (1.1.3): Extracting archive
  - Installing matthiasmullie/minify (1.3.73): Extracting archive
  - Installing league/mime-type-detection (1.15.0): Extracting archive
  - Installing league/flysystem (1.1.10): Extracting archive
  - Installing laminas/laminas-escaper (2.13.0): Extracting archive
  - Installing fig/http-message-util (1.1.5): Extracting archive
  - Installing laminas/laminas-stratigility (3.11.0): Extracting archive
  - Installing ralouphie/getallheaders (3.0.3): Extracting archive
  - Installing guzzlehttp/psr7 (2.6.2): Extracting archive
  - Installing laminas/laminas-diactoros (2.26.0): Extracting archive
  - Installing laminas/laminas-httphandlerrunner (2.10.0): Extracting archive
  - Installing mobiledetect/mobiledetectlib (2.8.45): Extracting archive
  - Installing jaybizzle/crawler-detect (v1.2.117): Extracting archive
  - Installing jenssegers/agent (v2.6.4): Extracting archive
  - Installing intervention/image (2.7.2): Extracting archive
  - Installing symfony/finder (v5.4.35): Extracting archive
  - Installing illuminate/filesystem (v8.83.27): Extracting archive
  - Installing illuminate/pipeline (v8.83.27): Extracting archive
  - Installing illuminate/bus (v8.83.27): Extracting archive
  - Installing illuminate/events (v8.83.27): Extracting archive
  - Installing illuminate/view (v8.83.27): Extracting archive
  - Installing symfony/http-foundation (v5.4.38): Extracting archive
  - Installing illuminate/translation (v8.83.27): Extracting archive
  - Installing doctrine/lexer (1.2.3): Extracting archive
  - Installing egulias/email-validator (2.1.25): Extracting archive
  - Installing illuminate/validation (v8.83.27): Extracting archive
  - Installing illuminate/session (v8.83.27): Extracting archive
  - Installing symfony/process (v5.4.36): Extracting archive
  - Installing ramsey/collection (2.0.0): Extracting archive
  - Installing brick/math (0.11.0): Extracting archive
  - Installing ramsey/uuid (4.7.5): Extracting archive
  - Installing opis/closure (3.6.3): Extracting archive
  - Installing laravel/serializable-closure (v1.3.3): Extracting archive
  - Installing illuminate/console (v8.83.27): Extracting archive
  - Installing illuminate/queue (v8.83.27): Extracting archive
  - Installing symfony/css-selector (v7.0.3): Extracting archive
  - Installing tijsverkoyen/css-to-inline-styles (v2.2.7): Extracting archive
  - Installing symfony/polyfill-iconv (v1.29.0): Extracting archive
  - Installing swiftmailer/swiftmailer (v6.3.0): Extracting archive
  - Installing nette/utils (v4.0.4): Extracting archive
  - Installing nette/schema (v1.3.0): Extracting archive
  - Installing dflydev/dot-access-data (v3.0.2): Extracting archive
  - Installing league/config (v1.2.0): Extracting archive
  - Installing league/commonmark (2.4.2): Extracting archive
  - Installing illuminate/mail (v8.83.27): Extracting archive
  - Installing illuminate/hashing (v8.83.27): Extracting archive
  - Installing illuminate/config (v8.83.27): Extracting archive
  - Installing illuminate/cache (v8.83.27): Extracting archive
  - Installing psr/http-client (1.0.3): Extracting archive
  - Installing guzzlehttp/promises (2.0.2): Extracting archive
  - Installing guzzlehttp/guzzle (7.8.1): Extracting archive
  - Installing filp/whoops (2.15.4): Extracting archive
  - Installing franzl/whoops-middleware (2.0.0): Extracting archive
  - Installing webmozart/assert (1.11.0): Extracting archive
  - Installing dragonmantank/cron-expression (v3.3.3): Extracting archive
  - Installing doctrine/deprecations (1.1.3): Extracting archive
  - Installing doctrine/event-manager (1.2.0): Extracting archive
  - Installing doctrine/cache (2.2.0): Extracting archive
  - Installing doctrine/dbal (2.13.9): Extracting archive
  - Installing dflydev/fig-cookies (v3.1.0): Extracting archive
  - Installing components/font-awesome (5.15.4): Extracting archive
  - Installing flarum/core (v1.8.5): Extracting archive
  - Installing acpl/mobile-tab (1.4.2): Extracting archive
  - Installing afrux/flarum-theme-base (v0.1.8): Extracting archive
  - Installing afrux/asirem (v0.1.8): Extracting archive
  - Installing askvortsov/flarum-markdown-tables (v1.2.1): Extracting archive
  - Installing flarum/markdown (v1.8.0): Extracting archive
  - Installing askvortsov/flarum-rich-text (v2.1.7): Extracting archive
  - Installing clarkwinkelmann/flarum-ext-mass-actions (1.1.2): Extracting archive
  - Installing composer/ca-bundle (1.4.0): Extracting archive
  - Installing composer/pcre (3.1.3): Extracting archive
  - Installing composer/class-map-generator (1.1.0): Extracting archive
  - Installing composer/metadata-minifier (1.0.0): Extracting archive
  - Installing composer/semver (3.4.0): Extracting archive
  - Installing composer/spdx-licenses (1.5.8): Extracting archive
  - Installing composer/xdebug-handler (3.0.4): Extracting archive
  - Installing datitisev/flarum-post-galleries (1.1.1): Extracting archive
  - Installing datlechin/flarum-pronouns (v0.1.0): Extracting archive
  - Installing datlechin/flarum-simple-tour-guide (v0.0.1): Extracting archive
  - Installing flarum-lang/indonesian (1.16.0): Extracting archive
  - Installing flarum/flags (v1.8.0): Extracting archive
  - Installing flarum/approval (v1.8.1): Extracting archive
  - Installing flarum/bbcode (v1.8.0): Extracting archive
  - Installing flarum/emoji (v1.8.0): Extracting archive
  - Installing seld/signal-handler (2.0.2): Extracting archive
  - Installing seld/phar-utils (1.2.1): Extracting archive
  - Installing seld/jsonlint (1.10.2): Extracting archive
  - Installing react/promise (v3.1.0): Extracting archive
  - Installing justinrainbow/json-schema (v5.2.13): Extracting archive
  - Installing composer/composer (2.7.1): Extracting archive
  - Installing flarum/extension-manager (v1.0.2): Extracting archive
  - Installing flarum/lang-english (v1.8.0): Extracting archive
  - Installing flarum/likes (v1.8.0): Extracting archive
  - Installing flarum/lock (v1.8.0): Extracting archive
  - Installing flarum/mentions (v1.8.3): Extracting archive
  - Installing flarum/nicknames (v1.8.0): Extracting archive
  - Installing pusher/pusher-php-server (2.6.4): Extracting archive
  - Installing flarum/pusher (v1.8.0): Extracting archive
  - Installing flarum/statistics (v1.8.0): Extracting archive
  - Installing flarum/sticky (v1.8.0): Extracting archive
  - Installing flarum/subscriptions (v1.8.0): Extracting archive
  - Installing flarum/suspend (v1.8.1): Extracting archive
  - Installing fof/forum-statistics-widget (1.2.1): Extracting archive
  - Installing fof/links (1.2.3): Extracting archive
  - Installing fof/extend (1.3.3): Extracting archive
  - Installing fof/nightmode (1.5.3): Extracting archive
  - Installing paragonie/random_compat (v9.99.100): Extracting archive
  - Installing league/oauth2-client (2.7.0): Extracting archive
  - Installing wohali/oauth2-discord-new (1.2.1): Extracting archive
  - Installing omines/oauth2-gitlab (3.6.0): Extracting archive
  - Installing league/oauth2-google (4.0.1): Extracting archive
  - Installing league/oauth2-github (3.1.0): Extracting archive
  - Installing league/oauth2-facebook (2.2.0): Extracting archive
  - Installing league/oauth1-client (v1.10.1): Extracting archive
  - Installing fof/oauth (1.6.8): Extracting archive
  - Installing fof/share-social (1.2.0): Extracting archive
  - Installing fof/socialprofile (1.1.6): Extracting archive
  - Installing fof/user-bio (1.3.2): Extracting archive
  - Installing fof/user-directory (1.3.3): Extracting archive
  - Installing glowingblue/password-strength (4.0.0): Extracting archive
  - Installing flarum/tags (v1.8.0): Extracting archive
  - Installing fof/follow-tags (1.2.2): Extracting archive
  - Installing ianm/follow-users (1.4.6): Extracting archive
  - Installing matteocontrini/flarum-imgur-upload (v3.9.1): Extracting archive
  - Installing nearata/flarum-ext-signup-confirm-password (v3.1.1): Extracting archive
  - Installing nearata/flarum-ext-tags-color-generator (v2.3.0): Extracting archive
  - Installing sycho/flarum-advanced-extension-categories (v0.1.3): Extracting archive
   0/184 [>---------------------------]   0%
  20/184 [===>------------------------]  10%
  48/184 [=======>--------------------]  26%
  58/184 [========>-------------------]  31%
  80/184 [============>---------------]  43%
 100/184 [===============>------------]  54%
 117/184 [=================>----------]  63%
 133/184 [====================>-------]  72%
 149/184 [======================>-----]  80%
 173/184 [==========================>-]  94%
 184/184 [============================] 100%
<warning>Package swiftmailer/swiftmailer is abandoned, you should avoid using it. Use symfony/mailer instead.</warning>
Generating autoload files
103 packages you are using are looking for funding.
Use the `composer fund` command to find out more!
No security vulnerability advisories found.
  
[2024-04-12 12:17:39] composer.INFO: require 'clarkwinkelmann/flarum-ext-colorful-borders:*' -W
/var/www/kk.syahravi.my.id/composer.json has been updated
Running composer update clarkwinkelmann/flarum-ext-colorful-borders --with-all-dependencies
Loading composer repositories with package information
Updating dependencies
Lock file operations: 1 install, 0 updates, 0 removals
  - Locking clarkwinkelmann/flarum-ext-colorful-borders (1.0.0)
Writing lock file
Installing dependencies from lock file (including require-dev)
Package operations: 185 installs, 0 updates, 0 removals
  - Downloading clarkwinkelmann/flarum-ext-colorful-borders (1.0.0)
 0/1 [>---------------------------]   0%
 1/1 [============================] 100%
  - Installing wikimedia/less.php (v3.2.1): Extracting archive
  - Installing symfony/polyfill-ctype (v1.29.0): Extracting archive
  - Installing symfony/deprecation-contracts (v3.4.0): Extracting archive
  - Installing symfony/yaml (v5.4.35): Extracting archive
  - Installing symfony/translation-contracts (v2.5.3): Extracting archive
  - Installing symfony/polyfill-php80 (v1.29.0): Extracting archive
  - Installing symfony/polyfill-mbstring (v1.29.0): Extracting archive
  - Installing symfony/translation (v5.4.35): Extracting archive
  - Installing symfony/polyfill-intl-messageformatter (v1.29.0): Extracting archive
  - Installing symfony/polyfill-php72 (v1.29.0): Extracting archive
  - Installing symfony/polyfill-intl-normalizer (v1.29.0): Extracting archive
  - Installing symfony/polyfill-intl-idn (v1.29.0): Extracting archive
  - Installing symfony/mime (v5.4.38): Extracting archive
  - Installing psr/event-dispatcher (1.0.0): Extracting archive
  - Installing symfony/event-dispatcher-contracts (v3.4.2): Extracting archive
  - Installing symfony/event-dispatcher (v5.4.35): Extracting archive
  - Installing symfony/polyfill-intl-grapheme (v1.29.0): Extracting archive
  - Installing symfony/string (v6.4.4): Extracting archive
  - Installing psr/container (1.1.2): Extracting archive
  - Installing symfony/service-contracts (v3.4.2): Extracting archive
  - Installing symfony/polyfill-php73 (v1.29.0): Extracting archive
  - Installing symfony/console (v5.4.36): Extracting archive
  - Installing symfony/polyfill-php81 (v1.29.0): Extracting archive
  - Installing symfony/filesystem (v6.4.6): Extracting archive
  - Installing symfony/config (v5.4.38): Extracting archive
  - Installing axy/backtrace (2.0.0): Extracting archive
  - Installing sycho/errors (3.0.0): Extracting archive
  - Installing sycho/codecs-base64vlq (2.0.0): Extracting archive
  - Installing sycho/sourcemap (2.0.0): Extracting archive
  - Installing sycho/json-api (v0.5.2): Extracting archive
  - Installing voku/portable-ascii (1.6.1): Extracting archive
  - Installing psr/clock (1.0.0): Extracting archive
  - Installing carbonphp/carbon-doctrine-types (1.0.0): Extracting archive
  - Installing nesbot/carbon (2.72.3): Extracting archive
  - Installing illuminate/macroable (v8.83.27): Extracting archive
  - Installing psr/simple-cache (1.0.1): Extracting archive
  - Installing illuminate/contracts (v8.83.27): Extracting archive
  - Installing illuminate/collections (v8.83.27): Extracting archive
  - Installing doctrine/inflector (2.0.10): Extracting archive
  - Installing illuminate/support (v8.83.27): Extracting archive
  - Installing illuminate/container (v8.83.27): Extracting archive
  - Installing illuminate/database (v8.83.27): Extracting archive
  - Installing staudenmeir/eloquent-eager-limit (v1.6.1): Extracting archive
  - Installing s9e/sweetdom (2.1.2): Extracting archive
  - Installing s9e/regexp-builder (1.4.6): Extracting archive
  - Installing s9e/text-formatter (2.14.3): Extracting archive
  - Installing psr/http-message (1.1): Extracting archive
  - Installing psr/http-server-handler (1.0.2): Extracting archive
  - Installing psr/http-server-middleware (1.0.2): Extracting archive
  - Installing nikic/fast-route (v0.6.0): Extracting archive
  - Installing psr/log (1.1.4): Extracting archive
  - Installing monolog/monolog (1.27.1): Extracting archive
  - Installing psr/http-factory (1.0.2): Extracting archive
  - Installing middlewares/utils (v3.3.0): Extracting archive
  - Installing middlewares/request-handler (v2.0.2): Extracting archive
  - Installing middlewares/base-path-router (v2.0.1): Extracting archive
  - Installing middlewares/base-path (v2.1.0): Extracting archive
  - Installing matthiasmullie/path-converter (1.1.3): Extracting archive
  - Installing matthiasmullie/minify (1.3.73): Extracting archive
  - Installing league/mime-type-detection (1.15.0): Extracting archive
  - Installing league/flysystem (1.1.10): Extracting archive
  - Installing laminas/laminas-escaper (2.13.0): Extracting archive
  - Installing fig/http-message-util (1.1.5): Extracting archive
  - Installing laminas/laminas-stratigility (3.11.0): Extracting archive
  - Installing ralouphie/getallheaders (3.0.3): Extracting archive
  - Installing guzzlehttp/psr7 (2.6.2): Extracting archive
  - Installing laminas/laminas-diactoros (2.26.0): Extracting archive
  - Installing laminas/laminas-httphandlerrunner (2.10.0): Extracting archive
  - Installing mobiledetect/mobiledetectlib (2.8.45): Extracting archive
  - Installing jaybizzle/crawler-detect (v1.2.117): Extracting archive
  - Installing jenssegers/agent (v2.6.4): Extracting archive
  - Installing intervention/image (2.7.2): Extracting archive
  - Installing symfony/finder (v5.4.35): Extracting archive
  - Installing illuminate/filesystem (v8.83.27): Extracting archive
  - Installing illuminate/pipeline (v8.83.27): Extracting archive
  - Installing illuminate/bus (v8.83.27): Extracting archive
  - Installing illuminate/events (v8.83.27): Extracting archive
  - Installing illuminate/view (v8.83.27): Extracting archive
  - Installing symfony/http-foundation (v5.4.38): Extracting archive
  - Installing illuminate/translation (v8.83.27): Extracting archive
  - Installing doctrine/lexer (1.2.3): Extracting archive
  - Installing egulias/email-validator (2.1.25): Extracting archive
  - Installing illuminate/validation (v8.83.27): Extracting archive
  - Installing illuminate/session (v8.83.27): Extracting archive
  - Installing symfony/process (v5.4.36): Extracting archive
  - Installing ramsey/collection (2.0.0): Extracting archive
  - Installing brick/math (0.11.0): Extracting archive
  - Installing ramsey/uuid (4.7.5): Extracting archive
  - Installing opis/closure (3.6.3): Extracting archive
  - Installing laravel/serializable-closure (v1.3.3): Extracting archive
  - Installing illuminate/console (v8.83.27): Extracting archive
  - Installing illuminate/queue (v8.83.27): Extracting archive
  - Installing symfony/css-selector (v7.0.3): Extracting archive
  - Installing tijsverkoyen/css-to-inline-styles (v2.2.7): Extracting archive
  - Installing symfony/polyfill-iconv (v1.29.0): Extracting archive
  - Installing swiftmailer/swiftmailer (v6.3.0): Extracting archive
  - Installing nette/utils (v4.0.4): Extracting archive
  - Installing nette/schema (v1.3.0): Extracting archive
  - Installing dflydev/dot-access-data (v3.0.2): Extracting archive
  - Installing league/config (v1.2.0): Extracting archive
  - Installing league/commonmark (2.4.2): Extracting archive
  - Installing illuminate/mail (v8.83.27): Extracting archive
  - Installing illuminate/hashing (v8.83.27): Extracting archive
  - Installing illuminate/config (v8.83.27): Extracting archive
  - Installing illuminate/cache (v8.83.27): Extracting archive
  - Installing psr/http-client (1.0.3): Extracting archive
  - Installing guzzlehttp/promises (2.0.2): Extracting archive
  - Installing guzzlehttp/guzzle (7.8.1): Extracting archive
  - Installing filp/whoops (2.15.4): Extracting archive
  - Installing franzl/whoops-middleware (2.0.0): Extracting archive
  - Installing webmozart/assert (1.11.0): Extracting archive
  - Installing dragonmantank/cron-expression (v3.3.3): Extracting archive
  - Installing doctrine/deprecations (1.1.3): Extracting archive
  - Installing doctrine/event-manager (1.2.0): Extracting archive
  - Installing doctrine/cache (2.2.0): Extracting archive
  - Installing doctrine/dbal (2.13.9): Extracting archive
  - Installing dflydev/fig-cookies (v3.1.0): Extracting archive
  - Installing components/font-awesome (5.15.4): Extracting archive
  - Installing flarum/core (v1.8.5): Extracting archive
  - Installing acpl/mobile-tab (1.4.2): Extracting archive
  - Installing afrux/flarum-theme-base (v0.1.8): Extracting archive
  - Installing afrux/asirem (v0.1.8): Extracting archive
  - Installing askvortsov/flarum-markdown-tables (v1.2.1): Extracting archive
  - Installing flarum/markdown (v1.8.0): Extracting archive
  - Installing askvortsov/flarum-rich-text (v2.1.7): Extracting archive
  - Installing clarkwinkelmann/flarum-ext-colorful-borders (1.0.0): Extracting archive
  - Installing clarkwinkelmann/flarum-ext-mass-actions (1.1.2): Extracting archive
  - Installing composer/ca-bundle (1.4.0): Extracting archive
  - Installing composer/pcre (3.1.3): Extracting archive
  - Installing composer/class-map-generator (1.1.0): Extracting archive
  - Installing composer/metadata-minifier (1.0.0): Extracting archive
  - Installing composer/semver (3.4.0): Extracting archive
  - Installing composer/spdx-licenses (1.5.8): Extracting archive
  - Installing composer/xdebug-handler (3.0.4): Extracting archive
  - Installing datitisev/flarum-post-galleries (1.1.1): Extracting archive
  - Installing datlechin/flarum-pronouns (v0.1.0): Extracting archive
  - Installing datlechin/flarum-simple-tour-guide (v0.0.1): Extracting archive
  - Installing flarum-lang/indonesian (1.16.0): Extracting archive
  - Installing flarum/flags (v1.8.0): Extracting archive
  - Installing flarum/approval (v1.8.1): Extracting archive
  - Installing flarum/bbcode (v1.8.0): Extracting archive
  - Installing flarum/emoji (v1.8.0): Extracting archive
  - Installing seld/signal-handler (2.0.2): Extracting archive
  - Installing seld/phar-utils (1.2.1): Extracting archive
  - Installing seld/jsonlint (1.10.2): Extracting archive
  - Installing react/promise (v3.1.0): Extracting archive
  - Installing justinrainbow/json-schema (v5.2.13): Extracting archive
  - Installing composer/composer (2.7.1): Extracting archive
  - Installing flarum/extension-manager (v1.0.2): Extracting archive
  - Installing flarum/lang-english (v1.8.0): Extracting archive
  - Installing flarum/likes (v1.8.0): Extracting archive
  - Installing flarum/lock (v1.8.0): Extracting archive
  - Installing flarum/mentions (v1.8.3): Extracting archive
  - Installing flarum/nicknames (v1.8.0): Extracting archive
  - Installing pusher/pusher-php-server (2.6.4): Extracting archive
  - Installing flarum/pusher (v1.8.0): Extracting archive
  - Installing flarum/statistics (v1.8.0): Extracting archive
  - Installing flarum/sticky (v1.8.0): Extracting archive
  - Installing flarum/subscriptions (v1.8.0): Extracting archive
  - Installing flarum/suspend (v1.8.1): Extracting archive
  - Installing fof/forum-statistics-widget (1.2.1): Extracting archive
  - Installing fof/links (1.2.3): Extracting archive
  - Installing fof/extend (1.3.3): Extracting archive
  - Installing fof/nightmode (1.5.3): Extracting archive
  - Installing paragonie/random_compat (v9.99.100): Extracting archive
  - Installing league/oauth2-client (2.7.0): Extracting archive
  - Installing wohali/oauth2-discord-new (1.2.1): Extracting archive
  - Installing omines/oauth2-gitlab (3.6.0): Extracting archive
  - Installing league/oauth2-google (4.0.1): Extracting archive
  - Installing league/oauth2-github (3.1.0): Extracting archive
  - Installing league/oauth2-facebook (2.2.0): Extracting archive
  - Installing league/oauth1-client (v1.10.1): Extracting archive
  - Installing fof/oauth (1.6.8): Extracting archive
  - Installing fof/share-social (1.2.0): Extracting archive
  - Installing fof/socialprofile (1.1.6): Extracting archive
  - Installing fof/user-bio (1.3.2): Extracting archive
  - Installing fof/user-directory (1.3.3): Extracting archive
  - Installing glowingblue/password-strength (4.0.0): Extracting archive
  - Installing flarum/tags (v1.8.0): Extracting archive
  - Installing fof/follow-tags (1.2.2): Extracting archive
  - Installing ianm/follow-users (1.4.6): Extracting archive
  - Installing matteocontrini/flarum-imgur-upload (v3.9.1): Extracting archive
  - Installing nearata/flarum-ext-signup-confirm-password (v3.1.1): Extracting archive
  - Installing nearata/flarum-ext-tags-color-generator (v2.3.0): Extracting archive
  - Installing sycho/flarum-advanced-extension-categories (v0.1.3): Extracting archive
   0/185 [>---------------------------]   0%
  20/185 [===>------------------------]  10%
  37/185 [=====>----------------------]  20%
  58/185 [========>-------------------]  31%
  74/185 [===========>----------------]  40%
  94/185 [==============>-------------]  50%
 113/185 [=================>----------]  61%
 132/185 [===================>--------]  71%
 157/185 [=======================>----]  84%
 167/185 [=========================>--]  90%
 185/185 [============================] 100%
<warning>Package swiftmailer/swiftmailer is abandoned, you should avoid using it. Use symfony/mailer instead.</warning>
Generating autoload files
103 packages you are using are looking for funding.
Use the `composer fund` command to find out more!
No security vulnerability advisories found.
  
[2024-04-12 12:21:35] composer.INFO: require 'justoverclock/flarum-ext-welcomebox:*' -W
/var/www/kk.syahravi.my.id/composer.json has been updated
Running composer update justoverclock/flarum-ext-welcomebox --with-all-dependencies
Loading composer repositories with package information
Updating dependencies
Lock file operations: 2 installs, 0 updates, 0 removals
  - Locking afrux/forum-widgets-core (v0.1.7)
  - Locking justoverclock/flarum-ext-welcomebox (2.0.2)
Writing lock file
Installing dependencies from lock file (including require-dev)
Package operations: 187 installs, 0 updates, 0 removals
  - Downloading afrux/forum-widgets-core (v0.1.7)
  - Downloading justoverclock/flarum-ext-welcomebox (2.0.2)
 0/2 [>---------------------------]   0%
 1/2 [==============>-------------]  50%
 2/2 [============================] 100%
  - Installing wikimedia/less.php (v3.2.1): Extracting archive
  - Installing symfony/polyfill-ctype (v1.29.0): Extracting archive
  - Installing symfony/deprecation-contracts (v3.4.0): Extracting archive
  - Installing symfony/yaml (v5.4.35): Extracting archive
  - Installing symfony/translation-contracts (v2.5.3): Extracting archive
  - Installing symfony/polyfill-php80 (v1.29.0): Extracting archive
  - Installing symfony/polyfill-mbstring (v1.29.0): Extracting archive
  - Installing symfony/translation (v5.4.35): Extracting archive
  - Installing symfony/polyfill-intl-messageformatter (v1.29.0): Extracting archive
  - Installing symfony/polyfill-php72 (v1.29.0): Extracting archive
  - Installing symfony/polyfill-intl-normalizer (v1.29.0): Extracting archive
  - Installing symfony/polyfill-intl-idn (v1.29.0): Extracting archive
  - Installing symfony/mime (v5.4.38): Extracting archive
  - Installing psr/event-dispatcher (1.0.0): Extracting archive
  - Installing symfony/event-dispatcher-contracts (v3.4.2): Extracting archive
  - Installing symfony/event-dispatcher (v5.4.35): Extracting archive
  - Installing symfony/polyfill-intl-grapheme (v1.29.0): Extracting archive
  - Installing symfony/string (v6.4.4): Extracting archive
  - Installing psr/container (1.1.2): Extracting archive
  - Installing symfony/service-contracts (v3.4.2): Extracting archive
  - Installing symfony/polyfill-php73 (v1.29.0): Extracting archive
  - Installing symfony/console (v5.4.36): Extracting archive
  - Installing symfony/polyfill-php81 (v1.29.0): Extracting archive
  - Installing symfony/filesystem (v6.4.6): Extracting archive
  - Installing symfony/config (v5.4.38): Extracting archive
  - Installing axy/backtrace (2.0.0): Extracting archive
  - Installing sycho/errors (3.0.0): Extracting archive
  - Installing sycho/codecs-base64vlq (2.0.0): Extracting archive
  - Installing sycho/sourcemap (2.0.0): Extracting archive
  - Installing sycho/json-api (v0.5.2): Extracting archive
  - Installing voku/portable-ascii (1.6.1): Extracting archive
  - Installing psr/clock (1.0.0): Extracting archive
  - Installing carbonphp/carbon-doctrine-types (1.0.0): Extracting archive
  - Installing nesbot/carbon (2.72.3): Extracting archive
  - Installing illuminate/macroable (v8.83.27): Extracting archive
  - Installing psr/simple-cache (1.0.1): Extracting archive
  - Installing illuminate/contracts (v8.83.27): Extracting archive
  - Installing illuminate/collections (v8.83.27): Extracting archive
  - Installing doctrine/inflector (2.0.10): Extracting archive
  - Installing illuminate/support (v8.83.27): Extracting archive
  - Installing illuminate/container (v8.83.27): Extracting archive
  - Installing illuminate/database (v8.83.27): Extracting archive
  - Installing staudenmeir/eloquent-eager-limit (v1.6.1): Extracting archive
  - Installing s9e/sweetdom (2.1.2): Extracting archive
  - Installing s9e/regexp-builder (1.4.6): Extracting archive
  - Installing s9e/text-formatter (2.14.3): Extracting archive
  - Installing psr/http-message (1.1): Extracting archive
  - Installing psr/http-server-handler (1.0.2): Extracting archive
  - Installing psr/http-server-middleware (1.0.2): Extracting archive
  - Installing nikic/fast-route (v0.6.0): Extracting archive
  - Installing psr/log (1.1.4): Extracting archive
  - Installing monolog/monolog (1.27.1): Extracting archive
  - Installing psr/http-factory (1.0.2): Extracting archive
  - Installing middlewares/utils (v3.3.0): Extracting archive
  - Installing middlewares/request-handler (v2.0.2): Extracting archive
  - Installing middlewares/base-path-router (v2.0.1): Extracting archive
  - Installing middlewares/base-path (v2.1.0): Extracting archive
  - Installing matthiasmullie/path-converter (1.1.3): Extracting archive
  - Installing matthiasmullie/minify (1.3.73): Extracting archive
  - Installing league/mime-type-detection (1.15.0): Extracting archive
  - Installing league/flysystem (1.1.10): Extracting archive
  - Installing laminas/laminas-escaper (2.13.0): Extracting archive
  - Installing fig/http-message-util (1.1.5): Extracting archive
  - Installing laminas/laminas-stratigility (3.11.0): Extracting archive
  - Installing ralouphie/getallheaders (3.0.3): Extracting archive
  - Installing guzzlehttp/psr7 (2.6.2): Extracting archive
  - Installing laminas/laminas-diactoros (2.26.0): Extracting archive
  - Installing laminas/laminas-httphandlerrunner (2.10.0): Extracting archive
  - Installing mobiledetect/mobiledetectlib (2.8.45): Extracting archive
  - Installing jaybizzle/crawler-detect (v1.2.117): Extracting archive
  - Installing jenssegers/agent (v2.6.4): Extracting archive
  - Installing intervention/image (2.7.2): Extracting archive
  - Installing symfony/finder (v5.4.35): Extracting archive
  - Installing illuminate/filesystem (v8.83.27): Extracting archive
  - Installing illuminate/pipeline (v8.83.27): Extracting archive
  - Installing illuminate/bus (v8.83.27): Extracting archive
  - Installing illuminate/events (v8.83.27): Extracting archive
  - Installing illuminate/view (v8.83.27): Extracting archive
  - Installing symfony/http-foundation (v5.4.38): Extracting archive
  - Installing illuminate/translation (v8.83.27): Extracting archive
  - Installing doctrine/lexer (1.2.3): Extracting archive
  - Installing egulias/email-validator (2.1.25): Extracting archive
  - Installing illuminate/validation (v8.83.27): Extracting archive
  - Installing illuminate/session (v8.83.27): Extracting archive
  - Installing symfony/process (v5.4.36): Extracting archive
  - Installing ramsey/collection (2.0.0): Extracting archive
  - Installing brick/math (0.11.0): Extracting archive
  - Installing ramsey/uuid (4.7.5): Extracting archive
  - Installing opis/closure (3.6.3): Extracting archive
  - Installing laravel/serializable-closure (v1.3.3): Extracting archive
  - Installing illuminate/console (v8.83.27): Extracting archive
  - Installing illuminate/queue (v8.83.27): Extracting archive
  - Installing symfony/css-selector (v7.0.3): Extracting archive
  - Installing tijsverkoyen/css-to-inline-styles (v2.2.7): Extracting archive
  - Installing symfony/polyfill-iconv (v1.29.0): Extracting archive
  - Installing swiftmailer/swiftmailer (v6.3.0): Extracting archive
  - Installing nette/utils (v4.0.4): Extracting archive
  - Installing nette/schema (v1.3.0): Extracting archive
  - Installing dflydev/dot-access-data (v3.0.2): Extracting archive
  - Installing league/config (v1.2.0): Extracting archive
  - Installing league/commonmark (2.4.2): Extracting archive
  - Installing illuminate/mail (v8.83.27): Extracting archive
  - Installing illuminate/hashing (v8.83.27): Extracting archive
  - Installing illuminate/config (v8.83.27): Extracting archive
  - Installing illuminate/cache (v8.83.27): Extracting archive
  - Installing psr/http-client (1.0.3): Extracting archive
  - Installing guzzlehttp/promises (2.0.2): Extracting archive
  - Installing guzzlehttp/guzzle (7.8.1): Extracting archive
  - Installing filp/whoops (2.15.4): Extracting archive
  - Installing franzl/whoops-middleware (2.0.0): Extracting archive
  - Installing webmozart/assert (1.11.0): Extracting archive
  - Installing dragonmantank/cron-expression (v3.3.3): Extracting archive
  - Installing doctrine/deprecations (1.1.3): Extracting archive
  - Installing doctrine/event-manager (1.2.0): Extracting archive
  - Installing doctrine/cache (2.2.0): Extracting archive
  - Installing doctrine/dbal (2.13.9): Extracting archive
  - Installing dflydev/fig-cookies (v3.1.0): Extracting archive
  - Installing components/font-awesome (5.15.4): Extracting archive
  - Installing flarum/core (v1.8.5): Extracting archive
  - Installing acpl/mobile-tab (1.4.2): Extracting archive
  - Installing afrux/flarum-theme-base (v0.1.8): Extracting archive
  - Installing afrux/asirem (v0.1.8): Extracting archive
  - Installing askvortsov/flarum-markdown-tables (v1.2.1): Extracting archive
  - Installing flarum/markdown (v1.8.0): Extracting archive
  - Installing askvortsov/flarum-rich-text (v2.1.7): Extracting archive
  - Installing clarkwinkelmann/flarum-ext-colorful-borders (1.0.0): Extracting archive
  - Installing clarkwinkelmann/flarum-ext-mass-actions (1.1.2): Extracting archive
  - Installing composer/ca-bundle (1.4.0): Extracting archive
  - Installing composer/pcre (3.1.3): Extracting archive
  - Installing composer/class-map-generator (1.1.0): Extracting archive
  - Installing composer/metadata-minifier (1.0.0): Extracting archive
  - Installing composer/semver (3.4.0): Extracting archive
  - Installing composer/spdx-licenses (1.5.8): Extracting archive
  - Installing composer/xdebug-handler (3.0.4): Extracting archive
  - Installing datitisev/flarum-post-galleries (1.1.1): Extracting archive
  - Installing datlechin/flarum-pronouns (v0.1.0): Extracting archive
  - Installing datlechin/flarum-simple-tour-guide (v0.0.1): Extracting archive
  - Installing flarum-lang/indonesian (1.16.0): Extracting archive
  - Installing flarum/flags (v1.8.0): Extracting archive
  - Installing flarum/approval (v1.8.1): Extracting archive
  - Installing flarum/bbcode (v1.8.0): Extracting archive
  - Installing flarum/emoji (v1.8.0): Extracting archive
  - Installing seld/signal-handler (2.0.2): Extracting archive
  - Installing seld/phar-utils (1.2.1): Extracting archive
  - Installing seld/jsonlint (1.10.2): Extracting archive
  - Installing react/promise (v3.1.0): Extracting archive
  - Installing justinrainbow/json-schema (v5.2.13): Extracting archive
  - Installing composer/composer (2.7.1): Extracting archive
  - Installing flarum/extension-manager (v1.0.2): Extracting archive
  - Installing flarum/lang-english (v1.8.0): Extracting archive
  - Installing flarum/likes (v1.8.0): Extracting archive
  - Installing flarum/lock (v1.8.0): Extracting archive
  - Installing flarum/mentions (v1.8.3): Extracting archive
  - Installing flarum/nicknames (v1.8.0): Extracting archive
  - Installing pusher/pusher-php-server (2.6.4): Extracting archive
  - Installing flarum/pusher (v1.8.0): Extracting archive
  - Installing flarum/statistics (v1.8.0): Extracting archive
  - Installing flarum/sticky (v1.8.0): Extracting archive
  - Installing flarum/subscriptions (v1.8.0): Extracting archive
  - Installing flarum/suspend (v1.8.1): Extracting archive
  - Installing fof/forum-statistics-widget (1.2.1): Extracting archive
  - Installing fof/links (1.2.3): Extracting archive
  - Installing fof/extend (1.3.3): Extracting archive
  - Installing fof/nightmode (1.5.3): Extracting archive
  - Installing paragonie/random_compat (v9.99.100): Extracting archive
  - Installing league/oauth2-client (2.7.0): Extracting archive
  - Installing wohali/oauth2-discord-new (1.2.1): Extracting archive
  - Installing omines/oauth2-gitlab (3.6.0): Extracting archive
  - Installing league/oauth2-google (4.0.1): Extracting archive
  - Installing league/oauth2-github (3.1.0): Extracting archive
  - Installing league/oauth2-facebook (2.2.0): Extracting archive
  - Installing league/oauth1-client (v1.10.1): Extracting archive
  - Installing fof/oauth (1.6.8): Extracting archive
  - Installing fof/share-social (1.2.0): Extracting archive
  - Installing fof/socialprofile (1.1.6): Extracting archive
  - Installing fof/user-bio (1.3.2): Extracting archive
  - Installing fof/user-directory (1.3.3): Extracting archive
  - Installing glowingblue/password-strength (4.0.0): Extracting archive
  - Installing flarum/tags (v1.8.0): Extracting archive
  - Installing fof/follow-tags (1.2.2): Extracting archive
  - Installing ianm/follow-users (1.4.6): Extracting archive
  - Installing afrux/forum-widgets-core (v0.1.7): Extracting archive
  - Installing justoverclock/flarum-ext-welcomebox (2.0.2): Extracting archive
  - Installing matteocontrini/flarum-imgur-upload (v3.9.1): Extracting archive
  - Installing nearata/flarum-ext-signup-confirm-password (v3.1.1): Extracting archive
  - Installing nearata/flarum-ext-tags-color-generator (v2.3.0): Extracting archive
  - Installing sycho/flarum-advanced-extension-categories (v0.1.3): Extracting archive
   0/187 [>---------------------------]   0%
  20/187 [==>-------------------------]  10%
  39/187 [=====>----------------------]  20%
  60/187 [========>-------------------]  32%
  80/187 [===========>----------------]  42%
 100/187 [==============>-------------]  53%
 116/187 [=================>----------]  62%
 133/187 [===================>--------]  71%
 153/187 [======================>-----]  81%
 173/187 [=========================>--]  92%
 187/187 [============================] 100%
<warning>Package swiftmailer/swiftmailer is abandoned, you should avoid using it. Use symfony/mailer instead.</warning>
Generating autoload files
105 packages you are using are looking for funding.
Use the `composer fund` command to find out more!
No security vulnerability advisories found.
  
[2024-04-12 12:31:32] composer.INFO: require 'fof/reactions:*' -W
/var/www/kk.syahravi.my.id/composer.json has been updated
Running composer update fof/reactions --with-all-dependencies
Loading composer repositories with package information
Updating dependencies
Lock file operations: 1 install, 0 updates, 0 removals
  - Locking fof/reactions (1.4.1)
Writing lock file
Installing dependencies from lock file (including require-dev)
Package operations: 188 installs, 0 updates, 0 removals
  - Downloading fof/reactions (1.4.1)
 0/1 [>---------------------------]   0%
 1/1 [============================] 100%
  - Installing wikimedia/less.php (v3.2.1): Extracting archive
  - Installing symfony/polyfill-ctype (v1.29.0): Extracting archive
  - Installing symfony/deprecation-contracts (v3.4.0): Extracting archive
  - Installing symfony/yaml (v5.4.35): Extracting archive
  - Installing symfony/translation-contracts (v2.5.3): Extracting archive
  - Installing symfony/polyfill-php80 (v1.29.0): Extracting archive
  - Installing symfony/polyfill-mbstring (v1.29.0): Extracting archive
  - Installing symfony/translation (v5.4.35): Extracting archive
  - Installing symfony/polyfill-intl-messageformatter (v1.29.0): Extracting archive
  - Installing symfony/polyfill-php72 (v1.29.0): Extracting archive
  - Installing symfony/polyfill-intl-normalizer (v1.29.0): Extracting archive
  - Installing symfony/polyfill-intl-idn (v1.29.0): Extracting archive
  - Installing symfony/mime (v5.4.38): Extracting archive
  - Installing psr/event-dispatcher (1.0.0): Extracting archive
  - Installing symfony/event-dispatcher-contracts (v3.4.2): Extracting archive
  - Installing symfony/event-dispatcher (v5.4.35): Extracting archive
  - Installing symfony/polyfill-intl-grapheme (v1.29.0): Extracting archive
  - Installing symfony/string (v6.4.4): Extracting archive
  - Installing psr/container (1.1.2): Extracting archive
  - Installing symfony/service-contracts (v3.4.2): Extracting archive
  - Installing symfony/polyfill-php73 (v1.29.0): Extracting archive
  - Installing symfony/console (v5.4.36): Extracting archive
  - Installing symfony/polyfill-php81 (v1.29.0): Extracting archive
  - Installing symfony/filesystem (v6.4.6): Extracting archive
  - Installing symfony/config (v5.4.38): Extracting archive
  - Installing axy/backtrace (2.0.0): Extracting archive
  - Installing sycho/errors (3.0.0): Extracting archive
  - Installing sycho/codecs-base64vlq (2.0.0): Extracting archive
  - Installing sycho/sourcemap (2.0.0): Extracting archive
  - Installing sycho/json-api (v0.5.2): Extracting archive
  - Installing voku/portable-ascii (1.6.1): Extracting archive
  - Installing psr/clock (1.0.0): Extracting archive
  - Installing carbonphp/carbon-doctrine-types (1.0.0): Extracting archive
  - Installing nesbot/carbon (2.72.3): Extracting archive
  - Installing illuminate/macroable (v8.83.27): Extracting archive
  - Installing psr/simple-cache (1.0.1): Extracting archive
  - Installing illuminate/contracts (v8.83.27): Extracting archive
  - Installing illuminate/collections (v8.83.27): Extracting archive
  - Installing doctrine/inflector (2.0.10): Extracting archive
  - Installing illuminate/support (v8.83.27): Extracting archive
  - Installing illuminate/container (v8.83.27): Extracting archive
  - Installing illuminate/database (v8.83.27): Extracting archive
  - Installing staudenmeir/eloquent-eager-limit (v1.6.1): Extracting archive
  - Installing s9e/sweetdom (2.1.2): Extracting archive
  - Installing s9e/regexp-builder (1.4.6): Extracting archive
  - Installing s9e/text-formatter (2.14.3): Extracting archive
  - Installing psr/http-message (1.1): Extracting archive
  - Installing psr/http-server-handler (1.0.2): Extracting archive
  - Installing psr/http-server-middleware (1.0.2): Extracting archive
  - Installing nikic/fast-route (v0.6.0): Extracting archive
  - Installing psr/log (1.1.4): Extracting archive
  - Installing monolog/monolog (1.27.1): Extracting archive
  - Installing psr/http-factory (1.0.2): Extracting archive
  - Installing middlewares/utils (v3.3.0): Extracting archive
  - Installing middlewares/request-handler (v2.0.2): Extracting archive
  - Installing middlewares/base-path-router (v2.0.1): Extracting archive
  - Installing middlewares/base-path (v2.1.0): Extracting archive
  - Installing matthiasmullie/path-converter (1.1.3): Extracting archive
  - Installing matthiasmullie/minify (1.3.73): Extracting archive
  - Installing league/mime-type-detection (1.15.0): Extracting archive
  - Installing league/flysystem (1.1.10): Extracting archive
  - Installing laminas/laminas-escaper (2.13.0): Extracting archive
  - Installing fig/http-message-util (1.1.5): Extracting archive
  - Installing laminas/laminas-stratigility (3.11.0): Extracting archive
  - Installing ralouphie/getallheaders (3.0.3): Extracting archive
  - Installing guzzlehttp/psr7 (2.6.2): Extracting archive
  - Installing laminas/laminas-diactoros (2.26.0): Extracting archive
  - Installing laminas/laminas-httphandlerrunner (2.10.0): Extracting archive
  - Installing mobiledetect/mobiledetectlib (2.8.45): Extracting archive
  - Installing jaybizzle/crawler-detect (v1.2.117): Extracting archive
  - Installing jenssegers/agent (v2.6.4): Extracting archive
  - Installing intervention/image (2.7.2): Extracting archive
  - Installing symfony/finder (v5.4.35): Extracting archive
  - Installing illuminate/filesystem (v8.83.27): Extracting archive
  - Installing illuminate/pipeline (v8.83.27): Extracting archive
  - Installing illuminate/bus (v8.83.27): Extracting archive
  - Installing illuminate/events (v8.83.27): Extracting archive
  - Installing illuminate/view (v8.83.27): Extracting archive
  - Installing symfony/http-foundation (v5.4.38): Extracting archive
  - Installing illuminate/translation (v8.83.27): Extracting archive
  - Installing doctrine/lexer (1.2.3): Extracting archive
  - Installing egulias/email-validator (2.1.25): Extracting archive
  - Installing illuminate/validation (v8.83.27): Extracting archive
  - Installing illuminate/session (v8.83.27): Extracting archive
  - Installing symfony/process (v5.4.36): Extracting archive
  - Installing ramsey/collection (2.0.0): Extracting archive
  - Installing brick/math (0.11.0): Extracting archive
  - Installing ramsey/uuid (4.7.5): Extracting archive
  - Installing opis/closure (3.6.3): Extracting archive
  - Installing laravel/serializable-closure (v1.3.3): Extracting archive
  - Installing illuminate/console (v8.83.27): Extracting archive
  - Installing illuminate/queue (v8.83.27): Extracting archive
  - Installing symfony/css-selector (v7.0.3): Extracting archive
  - Installing tijsverkoyen/css-to-inline-styles (v2.2.7): Extracting archive
  - Installing symfony/polyfill-iconv (v1.29.0): Extracting archive
  - Installing swiftmailer/swiftmailer (v6.3.0): Extracting archive
  - Installing nette/utils (v4.0.4): Extracting archive
  - Installing nette/schema (v1.3.0): Extracting archive
  - Installing dflydev/dot-access-data (v3.0.2): Extracting archive
  - Installing league/config (v1.2.0): Extracting archive
  - Installing league/commonmark (2.4.2): Extracting archive
  - Installing illuminate/mail (v8.83.27): Extracting archive
  - Installing illuminate/hashing (v8.83.27): Extracting archive
  - Installing illuminate/config (v8.83.27): Extracting archive
  - Installing illuminate/cache (v8.83.27): Extracting archive
  - Installing psr/http-client (1.0.3): Extracting archive
  - Installing guzzlehttp/promises (2.0.2): Extracting archive
  - Installing guzzlehttp/guzzle (7.8.1): Extracting archive
  - Installing filp/whoops (2.15.4): Extracting archive
  - Installing franzl/whoops-middleware (2.0.0): Extracting archive
  - Installing webmozart/assert (1.11.0): Extracting archive
  - Installing dragonmantank/cron-expression (v3.3.3): Extracting archive
  - Installing doctrine/deprecations (1.1.3): Extracting archive
  - Installing doctrine/event-manager (1.2.0): Extracting archive
  - Installing doctrine/cache (2.2.0): Extracting archive
  - Installing doctrine/dbal (2.13.9): Extracting archive
  - Installing dflydev/fig-cookies (v3.1.0): Extracting archive
  - Installing components/font-awesome (5.15.4): Extracting archive
  - Installing flarum/core (v1.8.5): Extracting archive
  - Installing acpl/mobile-tab (1.4.2): Extracting archive
  - Installing afrux/flarum-theme-base (v0.1.8): Extracting archive
  - Installing afrux/asirem (v0.1.8): Extracting archive
  - Installing askvortsov/flarum-markdown-tables (v1.2.1): Extracting archive
  - Installing flarum/markdown (v1.8.0): Extracting archive
  - Installing askvortsov/flarum-rich-text (v2.1.7): Extracting archive
  - Installing clarkwinkelmann/flarum-ext-colorful-borders (1.0.0): Extracting archive
  - Installing clarkwinkelmann/flarum-ext-mass-actions (1.1.2): Extracting archive
  - Installing composer/ca-bundle (1.4.0): Extracting archive
  - Installing composer/pcre (3.1.3): Extracting archive
  - Installing composer/class-map-generator (1.1.0): Extracting archive
  - Installing composer/metadata-minifier (1.0.0): Extracting archive
  - Installing composer/semver (3.4.0): Extracting archive
  - Installing composer/spdx-licenses (1.5.8): Extracting archive
  - Installing composer/xdebug-handler (3.0.4): Extracting archive
  - Installing datitisev/flarum-post-galleries (1.1.1): Extracting archive
  - Installing datlechin/flarum-pronouns (v0.1.0): Extracting archive
  - Installing datlechin/flarum-simple-tour-guide (v0.0.1): Extracting archive
  - Installing flarum-lang/indonesian (1.16.0): Extracting archive
  - Installing flarum/flags (v1.8.0): Extracting archive
  - Installing flarum/approval (v1.8.1): Extracting archive
  - Installing flarum/bbcode (v1.8.0): Extracting archive
  - Installing flarum/emoji (v1.8.0): Extracting archive
  - Installing seld/signal-handler (2.0.2): Extracting archive
  - Installing seld/phar-utils (1.2.1): Extracting archive
  - Installing seld/jsonlint (1.10.2): Extracting archive
  - Installing react/promise (v3.1.0): Extracting archive
  - Installing justinrainbow/json-schema (v5.2.13): Extracting archive
  - Installing composer/composer (2.7.1): Extracting archive
  - Installing flarum/extension-manager (v1.0.2): Extracting archive
  - Installing flarum/lang-english (v1.8.0): Extracting archive
  - Installing flarum/likes (v1.8.0): Extracting archive
  - Installing flarum/lock (v1.8.0): Extracting archive
  - Installing flarum/mentions (v1.8.3): Extracting archive
  - Installing flarum/nicknames (v1.8.0): Extracting archive
  - Installing pusher/pusher-php-server (2.6.4): Extracting archive
  - Installing flarum/pusher (v1.8.0): Extracting archive
  - Installing flarum/statistics (v1.8.0): Extracting archive
  - Installing flarum/sticky (v1.8.0): Extracting archive
  - Installing flarum/subscriptions (v1.8.0): Extracting archive
  - Installing flarum/suspend (v1.8.1): Extracting archive
  - Installing fof/forum-statistics-widget (1.2.1): Extracting archive
  - Installing fof/links (1.2.3): Extracting archive
  - Installing fof/extend (1.3.3): Extracting archive
  - Installing fof/nightmode (1.5.3): Extracting archive
  - Installing paragonie/random_compat (v9.99.100): Extracting archive
  - Installing league/oauth2-client (2.7.0): Extracting archive
  - Installing wohali/oauth2-discord-new (1.2.1): Extracting archive
  - Installing omines/oauth2-gitlab (3.6.0): Extracting archive
  - Installing league/oauth2-google (4.0.1): Extracting archive
  - Installing league/oauth2-github (3.1.0): Extracting archive
  - Installing league/oauth2-facebook (2.2.0): Extracting archive
  - Installing league/oauth1-client (v1.10.1): Extracting archive
  - Installing fof/oauth (1.6.8): Extracting archive
  - Installing fof/reactions (1.4.1): Extracting archive
  - Installing fof/share-social (1.2.0): Extracting archive
  - Installing fof/socialprofile (1.1.6): Extracting archive
  - Installing fof/user-bio (1.3.2): Extracting archive
  - Installing fof/user-directory (1.3.3): Extracting archive
  - Installing glowingblue/password-strength (4.0.0): Extracting archive
  - Installing flarum/tags (v1.8.0): Extracting archive
  - Installing fof/follow-tags (1.2.2): Extracting archive
  - Installing ianm/follow-users (1.4.6): Extracting archive
  - Installing afrux/forum-widgets-core (v0.1.7): Extracting archive
  - Installing justoverclock/flarum-ext-welcomebox (2.0.2): Extracting archive
  - Installing matteocontrini/flarum-imgur-upload (v3.9.1): Extracting archive
  - Installing nearata/flarum-ext-signup-confirm-password (v3.1.1): Extracting archive
  - Installing nearata/flarum-ext-tags-color-generator (v2.3.0): Extracting archive
  - Installing sycho/flarum-advanced-extension-categories (v0.1.3): Extracting archive
   0/188 [>---------------------------]   0%
  30/188 [====>-----------------------]  15%
  39/188 [=====>----------------------]  20%
  57/188 [========>-------------------]  30%
  77/188 [===========>----------------]  40%
  97/188 [==============>-------------]  51%
 115/188 [=================>----------]  61%
 133/188 [===================>--------]  70%
 151/188 [======================>-----]  80%
 171/188 [=========================>--]  90%
 188/188 [============================] 100%
<warning>Package swiftmailer/swiftmailer is abandoned, you should avoid using it. Use symfony/mailer instead.</warning>
Generating autoload files
106 packages you are using are looking for funding.
Use the `composer fund` command to find out more!
No security vulnerability advisories found.
  
[2024-04-12 12:36:34] composer.INFO: require 'justoverclock/events-countdown:*' -W
/var/www/kk.syahravi.my.id/composer.json has been updated
Running composer update justoverclock/events-countdown --with-all-dependencies
Loading composer repositories with package information
Updating dependencies
Lock file operations: 1 install, 0 updates, 0 removals
  - Locking justoverclock/events-countdown (0.1.8)
Writing lock file
Installing dependencies from lock file (including require-dev)
Package operations: 189 installs, 0 updates, 0 removals
  - Downloading justoverclock/events-countdown (0.1.8)
 0/1 [>---------------------------]   0%
 1/1 [============================] 100%
  - Installing wikimedia/less.php (v3.2.1): Extracting archive
  - Installing symfony/polyfill-ctype (v1.29.0): Extracting archive
  - Installing symfony/deprecation-contracts (v3.4.0): Extracting archive
  - Installing symfony/yaml (v5.4.35): Extracting archive
  - Installing symfony/translation-contracts (v2.5.3): Extracting archive
  - Installing symfony/polyfill-php80 (v1.29.0): Extracting archive
  - Installing symfony/polyfill-mbstring (v1.29.0): Extracting archive
  - Installing symfony/translation (v5.4.35): Extracting archive
  - Installing symfony/polyfill-intl-messageformatter (v1.29.0): Extracting archive
  - Installing symfony/polyfill-php72 (v1.29.0): Extracting archive
  - Installing symfony/polyfill-intl-normalizer (v1.29.0): Extracting archive
  - Installing symfony/polyfill-intl-idn (v1.29.0): Extracting archive
  - Installing symfony/mime (v5.4.38): Extracting archive
  - Installing psr/event-dispatcher (1.0.0): Extracting archive
  - Installing symfony/event-dispatcher-contracts (v3.4.2): Extracting archive
  - Installing symfony/event-dispatcher (v5.4.35): Extracting archive
  - Installing symfony/polyfill-intl-grapheme (v1.29.0): Extracting archive
  - Installing symfony/string (v6.4.4): Extracting archive
  - Installing psr/container (1.1.2): Extracting archive
  - Installing symfony/service-contracts (v3.4.2): Extracting archive
  - Installing symfony/polyfill-php73 (v1.29.0): Extracting archive
  - Installing symfony/console (v5.4.36): Extracting archive
  - Installing symfony/polyfill-php81 (v1.29.0): Extracting archive
  - Installing symfony/filesystem (v6.4.6): Extracting archive
  - Installing symfony/config (v5.4.38): Extracting archive
  - Installing axy/backtrace (2.0.0): Extracting archive
  - Installing sycho/errors (3.0.0): Extracting archive
  - Installing sycho/codecs-base64vlq (2.0.0): Extracting archive
  - Installing sycho/sourcemap (2.0.0): Extracting archive
  - Installing sycho/json-api (v0.5.2): Extracting archive
  - Installing voku/portable-ascii (1.6.1): Extracting archive
  - Installing psr/clock (1.0.0): Extracting archive
  - Installing carbonphp/carbon-doctrine-types (1.0.0): Extracting archive
  - Installing nesbot/carbon (2.72.3): Extracting archive
  - Installing illuminate/macroable (v8.83.27): Extracting archive
  - Installing psr/simple-cache (1.0.1): Extracting archive
  - Installing illuminate/contracts (v8.83.27): Extracting archive
  - Installing illuminate/collections (v8.83.27): Extracting archive
  - Installing doctrine/inflector (2.0.10): Extracting archive
  - Installing illuminate/support (v8.83.27): Extracting archive
  - Installing illuminate/container (v8.83.27): Extracting archive
  - Installing illuminate/database (v8.83.27): Extracting archive
  - Installing staudenmeir/eloquent-eager-limit (v1.6.1): Extracting archive
  - Installing s9e/sweetdom (2.1.2): Extracting archive
  - Installing s9e/regexp-builder (1.4.6): Extracting archive
  - Installing s9e/text-formatter (2.14.3): Extracting archive
  - Installing psr/http-message (1.1): Extracting archive
  - Installing psr/http-server-handler (1.0.2): Extracting archive
  - Installing psr/http-server-middleware (1.0.2): Extracting archive
  - Installing nikic/fast-route (v0.6.0): Extracting archive
  - Installing psr/log (1.1.4): Extracting archive
  - Installing monolog/monolog (1.27.1): Extracting archive
  - Installing psr/http-factory (1.0.2): Extracting archive
  - Installing middlewares/utils (v3.3.0): Extracting archive
  - Installing middlewares/request-handler (v2.0.2): Extracting archive
  - Installing middlewares/base-path-router (v2.0.1): Extracting archive
  - Installing middlewares/base-path (v2.1.0): Extracting archive
  - Installing matthiasmullie/path-converter (1.1.3): Extracting archive
  - Installing matthiasmullie/minify (1.3.73): Extracting archive
  - Installing league/mime-type-detection (1.15.0): Extracting archive
  - Installing league/flysystem (1.1.10): Extracting archive
  - Installing laminas/laminas-escaper (2.13.0): Extracting archive
  - Installing fig/http-message-util (1.1.5): Extracting archive
  - Installing laminas/laminas-stratigility (3.11.0): Extracting archive
  - Installing ralouphie/getallheaders (3.0.3): Extracting archive
  - Installing guzzlehttp/psr7 (2.6.2): Extracting archive
  - Installing laminas/laminas-diactoros (2.26.0): Extracting archive
  - Installing laminas/laminas-httphandlerrunner (2.10.0): Extracting archive
  - Installing mobiledetect/mobiledetectlib (2.8.45): Extracting archive
  - Installing jaybizzle/crawler-detect (v1.2.117): Extracting archive
  - Installing jenssegers/agent (v2.6.4): Extracting archive
  - Installing intervention/image (2.7.2): Extracting archive
  - Installing symfony/finder (v5.4.35): Extracting archive
  - Installing illuminate/filesystem (v8.83.27): Extracting archive
  - Installing illuminate/pipeline (v8.83.27): Extracting archive
  - Installing illuminate/bus (v8.83.27): Extracting archive
  - Installing illuminate/events (v8.83.27): Extracting archive
  - Installing illuminate/view (v8.83.27): Extracting archive
  - Installing symfony/http-foundation (v5.4.38): Extracting archive
  - Installing illuminate/translation (v8.83.27): Extracting archive
  - Installing doctrine/lexer (1.2.3): Extracting archive
  - Installing egulias/email-validator (2.1.25): Extracting archive
  - Installing illuminate/validation (v8.83.27): Extracting archive
  - Installing illuminate/session (v8.83.27): Extracting archive
  - Installing symfony/process (v5.4.36): Extracting archive
  - Installing ramsey/collection (2.0.0): Extracting archive
  - Installing brick/math (0.11.0): Extracting archive
  - Installing ramsey/uuid (4.7.5): Extracting archive
  - Installing opis/closure (3.6.3): Extracting archive
  - Installing laravel/serializable-closure (v1.3.3): Extracting archive
  - Installing illuminate/console (v8.83.27): Extracting archive
  - Installing illuminate/queue (v8.83.27): Extracting archive
  - Installing symfony/css-selector (v7.0.3): Extracting archive
  - Installing tijsverkoyen/css-to-inline-styles (v2.2.7): Extracting archive
  - Installing symfony/polyfill-iconv (v1.29.0): Extracting archive
  - Installing swiftmailer/swiftmailer (v6.3.0): Extracting archive
  - Installing nette/utils (v4.0.4): Extracting archive
  - Installing nette/schema (v1.3.0): Extracting archive
  - Installing dflydev/dot-access-data (v3.0.2): Extracting archive
  - Installing league/config (v1.2.0): Extracting archive
  - Installing league/commonmark (2.4.2): Extracting archive
  - Installing illuminate/mail (v8.83.27): Extracting archive
  - Installing illuminate/hashing (v8.83.27): Extracting archive
  - Installing illuminate/config (v8.83.27): Extracting archive
  - Installing illuminate/cache (v8.83.27): Extracting archive
  - Installing psr/http-client (1.0.3): Extracting archive
  - Installing guzzlehttp/promises (2.0.2): Extracting archive
  - Installing guzzlehttp/guzzle (7.8.1): Extracting archive
  - Installing filp/whoops (2.15.4): Extracting archive
  - Installing franzl/whoops-middleware (2.0.0): Extracting archive
  - Installing webmozart/assert (1.11.0): Extracting archive
  - Installing dragonmantank/cron-expression (v3.3.3): Extracting archive
  - Installing doctrine/deprecations (1.1.3): Extracting archive
  - Installing doctrine/event-manager (1.2.0): Extracting archive
  - Installing doctrine/cache (2.2.0): Extracting archive
  - Installing doctrine/dbal (2.13.9): Extracting archive
  - Installing dflydev/fig-cookies (v3.1.0): Extracting archive
  - Installing components/font-awesome (5.15.4): Extracting archive
  - Installing flarum/core (v1.8.5): Extracting archive
  - Installing acpl/mobile-tab (1.4.2): Extracting archive
  - Installing afrux/flarum-theme-base (v0.1.8): Extracting archive
  - Installing afrux/asirem (v0.1.8): Extracting archive
  - Installing askvortsov/flarum-markdown-tables (v1.2.1): Extracting archive
  - Installing flarum/markdown (v1.8.0): Extracting archive
  - Installing askvortsov/flarum-rich-text (v2.1.7): Extracting archive
  - Installing clarkwinkelmann/flarum-ext-colorful-borders (1.0.0): Extracting archive
  - Installing clarkwinkelmann/flarum-ext-mass-actions (1.1.2): Extracting archive
  - Installing composer/ca-bundle (1.4.0): Extracting archive
  - Installing composer/pcre (3.1.3): Extracting archive
  - Installing composer/class-map-generator (1.1.0): Extracting archive
  - Installing composer/metadata-minifier (1.0.0): Extracting archive
  - Installing composer/semver (3.4.0): Extracting archive
  - Installing composer/spdx-licenses (1.5.8): Extracting archive
  - Installing composer/xdebug-handler (3.0.4): Extracting archive
  - Installing datitisev/flarum-post-galleries (1.1.1): Extracting archive
  - Installing datlechin/flarum-pronouns (v0.1.0): Extracting archive
  - Installing datlechin/flarum-simple-tour-guide (v0.0.1): Extracting archive
  - Installing flarum-lang/indonesian (1.16.0): Extracting archive
  - Installing flarum/flags (v1.8.0): Extracting archive
  - Installing flarum/approval (v1.8.1): Extracting archive
  - Installing flarum/bbcode (v1.8.0): Extracting archive
  - Installing flarum/emoji (v1.8.0): Extracting archive
  - Installing seld/signal-handler (2.0.2): Extracting archive
  - Installing seld/phar-utils (1.2.1): Extracting archive
  - Installing seld/jsonlint (1.10.2): Extracting archive
  - Installing react/promise (v3.1.0): Extracting archive
  - Installing justinrainbow/json-schema (v5.2.13): Extracting archive
  - Installing composer/composer (2.7.1): Extracting archive
  - Installing flarum/extension-manager (v1.0.2): Extracting archive
  - Installing flarum/lang-english (v1.8.0): Extracting archive
  - Installing flarum/likes (v1.8.0): Extracting archive
  - Installing flarum/lock (v1.8.0): Extracting archive
  - Installing flarum/mentions (v1.8.3): Extracting archive
  - Installing flarum/nicknames (v1.8.0): Extracting archive
  - Installing pusher/pusher-php-server (2.6.4): Extracting archive
  - Installing flarum/pusher (v1.8.0): Extracting archive
  - Installing flarum/statistics (v1.8.0): Extracting archive
  - Installing flarum/sticky (v1.8.0): Extracting archive
  - Installing flarum/subscriptions (v1.8.0): Extracting archive
  - Installing flarum/suspend (v1.8.1): Extracting archive
  - Installing fof/forum-statistics-widget (1.2.1): Extracting archive
  - Installing fof/links (1.2.3): Extracting archive
  - Installing fof/extend (1.3.3): Extracting archive
  - Installing fof/nightmode (1.5.3): Extracting archive
  - Installing paragonie/random_compat (v9.99.100): Extracting archive
  - Installing league/oauth2-client (2.7.0): Extracting archive
  - Installing wohali/oauth2-discord-new (1.2.1): Extracting archive
  - Installing omines/oauth2-gitlab (3.6.0): Extracting archive
  - Installing league/oauth2-google (4.0.1): Extracting archive
  - Installing league/oauth2-github (3.1.0): Extracting archive
  - Installing league/oauth2-facebook (2.2.0): Extracting archive
  - Installing league/oauth1-client (v1.10.1): Extracting archive
  - Installing fof/oauth (1.6.8): Extracting archive
  - Installing fof/reactions (1.4.1): Extracting archive
  - Installing fof/share-social (1.2.0): Extracting archive
  - Installing fof/socialprofile (1.1.6): Extracting archive
  - Installing fof/user-bio (1.3.2): Extracting archive
  - Installing fof/user-directory (1.3.3): Extracting archive
  - Installing glowingblue/password-strength (4.0.0): Extracting archive
  - Installing flarum/tags (v1.8.0): Extracting archive
  - Installing fof/follow-tags (1.2.2): Extracting archive
  - Installing ianm/follow-users (1.4.6): Extracting archive
  - Installing afrux/forum-widgets-core (v0.1.7): Extracting archive
  - Installing justoverclock/events-countdown (0.1.8): Extracting archive
  - Installing justoverclock/flarum-ext-welcomebox (2.0.2): Extracting archive
  - Installing matteocontrini/flarum-imgur-upload (v3.9.1): Extracting archive
  - Installing nearata/flarum-ext-signup-confirm-password (v3.1.1): Extracting archive
  - Installing nearata/flarum-ext-tags-color-generator (v2.3.0): Extracting archive
  - Installing sycho/flarum-advanced-extension-categories (v0.1.3): Extracting archive
   0/189 [>---------------------------]   0%
  20/189 [==>-------------------------]  10%
  45/189 [======>---------------------]  23%
  58/189 [========>-------------------]  30%
  85/189 [============>---------------]  44%
  95/189 [==============>-------------]  50%
 115/189 [=================>----------]  60%
 139/189 [====================>-------]  73%
 153/189 [======================>-----]  80%
 173/189 [=========================>--]  91%
 189/189 [============================] 100%
<warning>Package swiftmailer/swiftmailer is abandoned, you should avoid using it. Use symfony/mailer instead.</warning>
Generating autoload files
107 packages you are using are looking for funding.
Use the `composer fund` command to find out more!
No security vulnerability advisories found.
  
